[0.000000] (-) TimerEvent: {}
[0.000446] (vk_ros2_driver) JobQueued: {'identifier': 'vk_ros2_driver', 'dependencies': OrderedDict()}
[0.000609] (vk_ros2_driver) JobStarted: {'identifier': 'vk_ros2_driver'}
[0.005976] (vk_ros2_driver) JobProgress: {'identifier': 'vk_ros2_driver', 'progress': 'cmake'}
[0.006583] (vk_ros2_driver) Command: {'cmd': ['/usr/bin/cmake', '/home/li/vk_ros2_ws/src/vk_ros2_driver', '-DCMAKE_BUILD_TYPE=Release', '-DAMENT_CMAKE_SYMLINK_INSTALL=1', '-DCMAKE_INSTALL_PREFIX=/home/li/vk_ros2_ws/install/vk_ros2_driver'], 'cwd': '/home/li/vk_ros2_ws/build/vk_ros2_driver', 'env': OrderedDict([('GJS_DEBUG_TOPICS', 'JS ERROR;JS LOG'), ('PYTHON_BASIC_REPL', '1'), ('LESSOPEN', '| /usr/bin/lesspipe %s'), ('LANGUAGE', 'zh_CN:zh'), ('USER', 'li'), ('XDG_SESSION_TYPE', 'x11'), ('GIT_ASKPASS', '/usr/share/code/resources/app/extensions/git/dist/askpass.sh'), ('SHLVL', '1'), ('LD_LIBRARY_PATH', '/home/li/vk_ros2_ws/install/vk_ros2_driver/lib:/opt/ros/humble/opt/rviz_ogre_vendor/lib:/opt/ros/humble/lib/x86_64-linux-gnu:/opt/ros/humble/lib'), ('HOME', '/home/li'), ('CHROME_DESKTOP', 'code.desktop'), ('CONDA_SHLVL', '0'), ('OLDPWD', '/home/li'), ('TERM_PROGRAM_VERSION', '1.106.2'), ('DESKTOP_SESSION', 'ubuntu-xorg'), ('GIO_LAUNCHED_DESKTOP_FILE', '/usr/share/applications/code.desktop'), ('ROS_PYTHON_VERSION', '3'), ('GNOME_SHELL_SESSION_MODE', 'ubuntu'), ('GTK_MODULES', 'gail:atk-bridge'), ('VSCODE_GIT_ASKPASS_MAIN', '/usr/share/code/resources/app/extensions/git/dist/askpass-main.js'), ('VSCODE_GIT_ASKPASS_NODE', '/usr/share/code/code'), ('MANAGERPID', '1909'), ('PYDEVD_DISABLE_FILE_VALIDATION', '1'), ('SYSTEMD_EXEC_PID', '2240'), ('BUNDLED_DEBUGPY_PATH', '/home/li/.vscode/extensions/ms-python.debugpy-2025.16.0/bundled/libs/debugpy'), ('VSCODE_PYTHON_AUTOACTIVATE_GUARD', '1'), ('DBUS_SESSION_BUS_ADDRESS', 'unix:path=/run/user/1000/bus'), ('COLORTERM', 'truecolor'), ('_CE_M', ''), ('_CONDA_ROOT', '/home/li/miniconda3'), ('GIO_LAUNCHED_DESKTOP_FILE_PID', '4553'), ('https_proxy', 'http://127.0.0.1:7890'), ('COLCON_PREFIX_PATH', '/home/li/vk_ros2_ws/install'), ('ROS_DISTRO', 'humble'), ('GTK_IM_MODULE', 'ibus'), ('LOGNAME', 'li'), ('http_proxy', 'http://127.0.0.1:7890'), ('JOURNAL_STREAM', '8:8881'), ('_', '/usr/bin/colcon'), ('ROS_VERSION', '2'), ('XDG_SESSION_CLASS', 'user'), ('USERNAME', 'li'), ('TERM', 'xterm-256color'), ('GNOME_DESKTOP_SESSION_ID', 'this-is-deprecated'), ('_CE_CONDA', ''), ('ROS_LOCALHOST_ONLY', '0'), ('WINDOWPATH', '2'), ('PATH', '/opt/vk_pointcloud/bin:/home/li/.local/bin:/opt/vilota/bin:/home/li/.local/bin:/opt/vk_pointcloud/bin:/opt/ros/humble/bin:/home/li/miniconda3/condabin:/home/li/.local/bin:/opt/vilota/bin:/home/li/.local/bin:/usr/local/sbin:/usr/local/bin:/usr/sbin:/usr/bin:/sbin:/bin:/usr/games:/usr/local/games:/snap/bin:/snap/bin:/opt/vk_pointcloud/bin:/home/li/.vscode/extensions/ms-python.debugpy-2025.16.0/bundled/scripts/noConfigScripts:/opt/vk_pointcloud/bin'), ('SESSION_MANAGER', 'local/li-ASUS-TUF-Gaming-F15-FX507VV-FX507VV:@/tmp/.ICE-unix/2213,unix/li-ASUS-TUF-Gaming-F15-FX507VV-FX507VV:/tmp/.ICE-unix/2213'), ('INVOCATION_ID', 'bb0da2247ac9453d863ca167997b7fa4'), ('XDG_MENU_PREFIX', 'gnome-'), ('XDG_RUNTIME_DIR', '/run/user/1000'), ('GDK_BACKEND', 'x11'), ('DISPLAY', ':0'), ('VSCODE_DEBUGPY_ADAPTER_ENDPOINTS', '/home/li/.vscode/extensions/ms-python.debugpy-2025.16.0/.noConfigDebugAdapterEndpoints/endpoint-e986fa5c1f62803e.txt'), ('LANG', 'zh_CN.UTF-8'), ('XDG_CURRENT_DESKTOP', 'Unity'), ('PYTHONSTARTUP', '/home/li/.config/Code/User/workspaceStorage/a627f49ee5c917c4a3a6bda4429f68a0/ms-python.python/pythonrc.py'), ('XMODIFIERS', '@im=ibus'), ('XDG_SESSION_DESKTOP', 'ubuntu-xorg'), ('XAUTHORITY', '/run/user/1000/gdm/Xauthority'), ('LS_COLORS', 'rs=0:di=01;34:ln=01;36:mh=00:pi=40;33:so=01;35:do=01;35:bd=40;33;01:cd=40;33;01:or=40;31;01:mi=00:su=37;41:sg=30;43:ca=30;41:tw=30;42:ow=34;42:st=37;44:ex=01;32:*.tar=01;31:*.tgz=01;31:*.arc=01;31:*.arj=01;31:*.taz=01;31:*.lha=01;31:*.lz4=01;31:*.lzh=01;31:*.lzma=01;31:*.tlz=01;31:*.txz=01;31:*.tzo=01;31:*.t7z=01;31:*.zip=01;31:*.z=01;31:*.dz=01;31:*.gz=01;31:*.lrz=01;31:*.lz=01;31:*.lzo=01;31:*.xz=01;31:*.zst=01;31:*.tzst=01;31:*.bz2=01;31:*.bz=01;31:*.tbz=01;31:*.tbz2=01;31:*.tz=01;31:*.deb=01;31:*.rpm=01;31:*.jar=01;31:*.war=01;31:*.ear=01;31:*.sar=01;31:*.rar=01;31:*.alz=01;31:*.ace=01;31:*.zoo=01;31:*.cpio=01;31:*.7z=01;31:*.rz=01;31:*.cab=01;31:*.wim=01;31:*.swm=01;31:*.dwm=01;31:*.esd=01;31:*.jpg=01;35:*.jpeg=01;35:*.mjpg=01;35:*.mjpeg=01;35:*.gif=01;35:*.bmp=01;35:*.pbm=01;35:*.pgm=01;35:*.ppm=01;35:*.tga=01;35:*.xbm=01;35:*.xpm=01;35:*.tif=01;35:*.tiff=01;35:*.png=01;35:*.svg=01;35:*.svgz=01;35:*.mng=01;35:*.pcx=01;35:*.mov=01;35:*.mpg=01;35:*.mpeg=01;35:*.m2v=01;35:*.mkv=01;35:*.webm=01;35:*.webp=01;35:*.ogm=01;35:*.mp4=01;35:*.m4v=01;35:*.mp4v=01;35:*.vob=01;35:*.qt=01;35:*.nuv=01;35:*.wmv=01;35:*.asf=01;35:*.rm=01;35:*.rmvb=01;35:*.flc=01;35:*.avi=01;35:*.fli=01;35:*.flv=01;35:*.gl=01;35:*.dl=01;35:*.xcf=01;35:*.xwd=01;35:*.yuv=01;35:*.cgm=01;35:*.emf=01;35:*.ogv=01;35:*.ogx=01;35:*.aac=00;36:*.au=00;36:*.flac=00;36:*.m4a=00;36:*.mid=00;36:*.midi=00;36:*.mka=00;36:*.mp3=00;36:*.mpc=00;36:*.ogg=00;36:*.ra=00;36:*.wav=00;36:*.oga=00;36:*.opus=00;36:*.spx=00;36:*.xspf=00;36:'), ('VSCODE_GIT_IPC_HANDLE', '/run/user/1000/vscode-git-dfb16e76cc.sock'), ('TERM_PROGRAM', 'vscode'), ('SSH_AGENT_LAUNCHER', 'gnome-keyring'), ('SSH_AUTH_SOCK', '/run/user/1000/keyring/ssh'), ('AMENT_PREFIX_PATH', '/home/li/vk_ros2_ws/install/vk_ros2_driver:/opt/ros/humble'), ('CONDA_PYTHON_EXE', '/home/li/miniconda3/bin/python'), ('ORIGINAL_XDG_CURRENT_DESKTOP', 'ubuntu:GNOME'), ('SHELL', '/bin/bash'), ('QT_ACCESSIBILITY', '1'), ('GDMSESSION', 'ubuntu-xorg'), ('LESSCLOSE', '/usr/bin/lesspipe %s %s'), ('GPG_AGENT_INFO', '/run/user/1000/gnupg/S.gpg-agent:0:1'), ('GJS_DEBUG_OUTPUT', 'stderr'), ('_CONDA_EXE', '/home/li/miniconda3/bin/conda'), ('VSCODE_GIT_ASKPASS_EXTRA_ARGS', ''), ('QT_IM_MODULE', 'ibus'), ('PWD', '/home/li/vk_ros2_ws/build/vk_ros2_driver'), ('XDG_CONFIG_DIRS', '/etc/xdg/xdg-ubuntu-xorg:/etc/xdg'), ('CONDA_EXE', '/home/li/miniconda3/bin/conda'), ('XDG_DATA_DIRS', '/usr/share/ubuntu-xorg:/usr/share/gnome:/usr/local/share/:/usr/share/:/var/lib/snapd/desktop'), ('PYTHONPATH', '/opt/ros/humble/lib/python3.10/site-packages:/opt/ros/humble/local/lib/python3.10/dist-packages'), ('COLCON', '1'), ('CMAKE_PREFIX_PATH', '/home/li/vk_ros2_ws/install/vk_ros2_driver:/opt/ros/humble')]), 'shell': False}
[0.066722] (vk_ros2_driver) StdoutLine: {'line': b'-- The C compiler identification is GNU 11.4.0\n'}
[0.100030] (-) TimerEvent: {}
[0.124743] (vk_ros2_driver) StdoutLine: {'line': b'-- The CXX compiler identification is GNU 11.4.0\n'}
[0.130122] (vk_ros2_driver) StdoutLine: {'line': b'-- Detecting C compiler ABI info\n'}
[0.200164] (-) TimerEvent: {}
[0.206355] (vk_ros2_driver) StdoutLine: {'line': b'-- Detecting C compiler ABI info - done\n'}
[0.215489] (vk_ros2_driver) StdoutLine: {'line': b'-- Check for working C compiler: /usr/bin/cc - skipped\n'}
[0.215618] (vk_ros2_driver) StdoutLine: {'line': b'-- Detecting C compile features\n'}
[0.215997] (vk_ros2_driver) StdoutLine: {'line': b'-- Detecting C compile features - done\n'}
[0.218379] (vk_ros2_driver) StdoutLine: {'line': b'-- Detecting CXX compiler ABI info\n'}
[0.289025] (vk_ros2_driver) StdoutLine: {'line': b'-- Detecting CXX compiler ABI info - done\n'}
[0.299450] (vk_ros2_driver) StdoutLine: {'line': b'-- Check for working CXX compiler: /usr/bin/c++ - skipped\n'}
[0.299763] (vk_ros2_driver) StdoutLine: {'line': b'-- Detecting CXX compile features\n'}
[0.300248] (-) TimerEvent: {}
[0.300421] (vk_ros2_driver) StdoutLine: {'line': b'-- Detecting CXX compile features - done\n'}
[0.303333] (vk_ros2_driver) StdoutLine: {'line': b'-- Found ament_cmake: 1.3.12 (/opt/ros/humble/share/ament_cmake/cmake)\n'}
[0.400392] (-) TimerEvent: {}
[0.427214] (vk_ros2_driver) StdoutLine: {'line': b'-- Found Python3: /usr/bin/python3 (found version "3.10.12") found components: Interpreter \n'}
[0.469269] (vk_ros2_driver) StdoutLine: {'line': b'-- Override CMake install command with custom implementation using symlinks instead of copying resources\n'}
[0.490484] (vk_ros2_driver) StdoutLine: {'line': b'-- Found rclcpp: 16.0.16 (/opt/ros/humble/share/rclcpp/cmake)\n'}
[0.500507] (-) TimerEvent: {}
[0.522656] (vk_ros2_driver) StdoutLine: {'line': b'-- Found rosidl_generator_c: 3.1.7 (/opt/ros/humble/share/rosidl_generator_c/cmake)\n'}
[0.525768] (vk_ros2_driver) StdoutLine: {'line': b'-- Found rosidl_adapter: 3.1.7 (/opt/ros/humble/share/rosidl_adapter/cmake)\n'}
[0.530982] (vk_ros2_driver) StdoutLine: {'line': b'-- Found rosidl_generator_cpp: 3.1.7 (/opt/ros/humble/share/rosidl_generator_cpp/cmake)\n'}
[0.538684] (vk_ros2_driver) StdoutLine: {'line': b'-- Using all available rosidl_typesupport_c: rosidl_typesupport_fastrtps_c;rosidl_typesupport_introspection_c\n'}
[0.549051] (vk_ros2_driver) StdoutLine: {'line': b'-- Using all available rosidl_typesupport_cpp: rosidl_typesupport_fastrtps_cpp;rosidl_typesupport_introspection_cpp\n'}
[0.576862] (vk_ros2_driver) StdoutLine: {'line': b'-- Found rmw_implementation_cmake: 6.1.2 (/opt/ros/humble/share/rmw_implementation_cmake/cmake)\n'}
[0.578479] (vk_ros2_driver) StdoutLine: {'line': b'-- Found rmw_fastrtps_cpp: 6.2.9 (/opt/ros/humble/share/rmw_fastrtps_cpp/cmake)\n'}
[0.600650] (-) TimerEvent: {}
[0.647038] (vk_ros2_driver) StdoutLine: {'line': b'-- Found OpenSSL: /usr/lib/x86_64-linux-gnu/libcrypto.so (found version "3.0.2")  \n'}
[0.678215] (vk_ros2_driver) StdoutLine: {'line': b'-- Found FastRTPS: /opt/ros/humble/include  \n'}
[0.700846] (-) TimerEvent: {}
[0.707664] (vk_ros2_driver) StdoutLine: {'line': b"-- Using RMW implementation 'rmw_fastrtps_cpp' as default\n"}
[0.713530] (vk_ros2_driver) StdoutLine: {'line': b'-- Looking for pthread.h\n'}
[0.774762] (vk_ros2_driver) StdoutLine: {'line': b'-- Looking for pthread.h - found\n'}
[0.775227] (vk_ros2_driver) StdoutLine: {'line': b'-- Performing Test CMAKE_HAVE_LIBC_PTHREAD\n'}
[0.800954] (-) TimerEvent: {}
[0.856204] (vk_ros2_driver) StdoutLine: {'line': b'-- Performing Test CMAKE_HAVE_LIBC_PTHREAD - Success\n'}
[0.857550] (vk_ros2_driver) StdoutLine: {'line': b'-- Found Threads: TRUE  \n'}
[0.891828] (vk_ros2_driver) StdoutLine: {'line': b'-- Found rclcpp_components: 16.0.16 (/opt/ros/humble/share/rclcpp_components/cmake)\n'}
[0.901009] (-) TimerEvent: {}
[0.909287] (vk_ros2_driver) StdoutLine: {'line': b'-- Found geometry_msgs: 4.9.0 (/opt/ros/humble/share/geometry_msgs/cmake)\n'}
[0.918335] (vk_ros2_driver) StdoutLine: {'line': b'-- Found nav_msgs: 4.9.0 (/opt/ros/humble/share/nav_msgs/cmake)\n'}
[0.930606] (vk_ros2_driver) StdoutLine: {'line': b'-- Found sensor_msgs: 4.9.0 (/opt/ros/humble/share/sensor_msgs/cmake)\n'}
[0.942651] (vk_ros2_driver) StdoutLine: {'line': b'-- Found tf2: 0.25.17 (/opt/ros/humble/share/tf2/cmake)\n'}
[0.945564] (vk_ros2_driver) StdoutLine: {'line': b'-- Found tf2_ros: 0.25.17 (/opt/ros/humble/share/tf2_ros/cmake)\n'}
[0.989635] (vk_ros2_driver) StdoutLine: {'line': b'-- Found tf2_geometry_msgs: 0.25.17 (/opt/ros/humble/share/tf2_geometry_msgs/cmake)\n'}
[0.997856] (vk_ros2_driver) StdoutLine: {'line': b'-- Found eigen3_cmake_module: 0.1.1 (/opt/ros/humble/share/eigen3_cmake_module/cmake)\n'}
[0.998808] (vk_ros2_driver) StdoutLine: {'line': b'-- Found Eigen3: TRUE (found version "3.4.0") \n'}
[0.998880] (vk_ros2_driver) StdoutLine: {'line': b'-- Ensuring Eigen3 include directory is part of orocos-kdl CMake target\n'}
[1.000527] (vk_ros2_driver) StdoutLine: {'line': b'-- Found cv_bridge: 3.2.1 (/opt/ros/humble/share/cv_bridge/cmake)\n'}
[1.001105] (-) TimerEvent: {}
[1.008846] (vk_ros2_driver) StdoutLine: {'line': b'-- Found image_transport: 3.1.12 (/opt/ros/humble/share/image_transport/cmake)\n'}
[1.023449] (vk_ros2_driver) StdoutLine: {'line': b'-- Found OpenCV: /usr (found version "4.5.4") \n'}
[1.025216] (vk_ros2_driver) StdoutLine: {'line': b'-- Found stereo_msgs: 4.9.0 (/opt/ros/humble/share/stereo_msgs/cmake)\n'}
[1.037163] (vk_ros2_driver) StdoutLine: {'line': b'-- Found nlohmann_json: /usr/lib/cmake/nlohmann_json/nlohmann_jsonConfig.cmake (found version "3.10.5") \n'}
[1.098847] (vk_ros2_driver) StdoutLine: {'line': b'-- Configuring done\n'}
[1.101204] (-) TimerEvent: {}
[1.109386] (vk_ros2_driver) StdoutLine: {'line': b'-- Generating done\n'}
[1.113135] (vk_ros2_driver) StdoutLine: {'line': b'-- Build files have been written to: /home/li/vk_ros2_ws/build/vk_ros2_driver\n'}
[1.121005] (vk_ros2_driver) CommandEnded: {'returncode': 0}
[1.121432] (vk_ros2_driver) JobProgress: {'identifier': 'vk_ros2_driver', 'progress': 'build'}
[1.122091] (vk_ros2_driver) Command: {'cmd': ['/usr/bin/cmake', '--build', '/home/li/vk_ros2_ws/build/vk_ros2_driver', '--', '-j20', '-l20'], 'cwd': '/home/li/vk_ros2_ws/build/vk_ros2_driver', 'env': OrderedDict([('GJS_DEBUG_TOPICS', 'JS ERROR;JS LOG'), ('PYTHON_BASIC_REPL', '1'), ('LESSOPEN', '| /usr/bin/lesspipe %s'), ('LANGUAGE', 'zh_CN:zh'), ('USER', 'li'), ('XDG_SESSION_TYPE', 'x11'), ('GIT_ASKPASS', '/usr/share/code/resources/app/extensions/git/dist/askpass.sh'), ('SHLVL', '1'), ('LD_LIBRARY_PATH', '/home/li/vk_ros2_ws/install/vk_ros2_driver/lib:/opt/ros/humble/opt/rviz_ogre_vendor/lib:/opt/ros/humble/lib/x86_64-linux-gnu:/opt/ros/humble/lib'), ('HOME', '/home/li'), ('CHROME_DESKTOP', 'code.desktop'), ('CONDA_SHLVL', '0'), ('OLDPWD', '/home/li'), ('TERM_PROGRAM_VERSION', '1.106.2'), ('DESKTOP_SESSION', 'ubuntu-xorg'), ('GIO_LAUNCHED_DESKTOP_FILE', '/usr/share/applications/code.desktop'), ('ROS_PYTHON_VERSION', '3'), ('GNOME_SHELL_SESSION_MODE', 'ubuntu'), ('GTK_MODULES', 'gail:atk-bridge'), ('VSCODE_GIT_ASKPASS_MAIN', '/usr/share/code/resources/app/extensions/git/dist/askpass-main.js'), ('VSCODE_GIT_ASKPASS_NODE', '/usr/share/code/code'), ('MANAGERPID', '1909'), ('PYDEVD_DISABLE_FILE_VALIDATION', '1'), ('SYSTEMD_EXEC_PID', '2240'), ('BUNDLED_DEBUGPY_PATH', '/home/li/.vscode/extensions/ms-python.debugpy-2025.16.0/bundled/libs/debugpy'), ('VSCODE_PYTHON_AUTOACTIVATE_GUARD', '1'), ('DBUS_SESSION_BUS_ADDRESS', 'unix:path=/run/user/1000/bus'), ('COLORTERM', 'truecolor'), ('_CE_M', ''), ('_CONDA_ROOT', '/home/li/miniconda3'), ('GIO_LAUNCHED_DESKTOP_FILE_PID', '4553'), ('https_proxy', 'http://127.0.0.1:7890'), ('COLCON_PREFIX_PATH', '/home/li/vk_ros2_ws/install'), ('ROS_DISTRO', 'humble'), ('GTK_IM_MODULE', 'ibus'), ('LOGNAME', 'li'), ('http_proxy', 'http://127.0.0.1:7890'), ('JOURNAL_STREAM', '8:8881'), ('_', '/usr/bin/colcon'), ('ROS_VERSION', '2'), ('XDG_SESSION_CLASS', 'user'), ('USERNAME', 'li'), ('TERM', 'xterm-256color'), ('GNOME_DESKTOP_SESSION_ID', 'this-is-deprecated'), ('_CE_CONDA', ''), ('ROS_LOCALHOST_ONLY', '0'), ('WINDOWPATH', '2'), ('PATH', '/opt/vk_pointcloud/bin:/home/li/.local/bin:/opt/vilota/bin:/home/li/.local/bin:/opt/vk_pointcloud/bin:/opt/ros/humble/bin:/home/li/miniconda3/condabin:/home/li/.local/bin:/opt/vilota/bin:/home/li/.local/bin:/usr/local/sbin:/usr/local/bin:/usr/sbin:/usr/bin:/sbin:/bin:/usr/games:/usr/local/games:/snap/bin:/snap/bin:/opt/vk_pointcloud/bin:/home/li/.vscode/extensions/ms-python.debugpy-2025.16.0/bundled/scripts/noConfigScripts:/opt/vk_pointcloud/bin'), ('SESSION_MANAGER', 'local/li-ASUS-TUF-Gaming-F15-FX507VV-FX507VV:@/tmp/.ICE-unix/2213,unix/li-ASUS-TUF-Gaming-F15-FX507VV-FX507VV:/tmp/.ICE-unix/2213'), ('INVOCATION_ID', 'bb0da2247ac9453d863ca167997b7fa4'), ('XDG_MENU_PREFIX', 'gnome-'), ('XDG_RUNTIME_DIR', '/run/user/1000'), ('GDK_BACKEND', 'x11'), ('DISPLAY', ':0'), ('VSCODE_DEBUGPY_ADAPTER_ENDPOINTS', '/home/li/.vscode/extensions/ms-python.debugpy-2025.16.0/.noConfigDebugAdapterEndpoints/endpoint-e986fa5c1f62803e.txt'), ('LANG', 'zh_CN.UTF-8'), ('XDG_CURRENT_DESKTOP', 'Unity'), ('PYTHONSTARTUP', '/home/li/.config/Code/User/workspaceStorage/a627f49ee5c917c4a3a6bda4429f68a0/ms-python.python/pythonrc.py'), ('XMODIFIERS', '@im=ibus'), ('XDG_SESSION_DESKTOP', 'ubuntu-xorg'), ('XAUTHORITY', '/run/user/1000/gdm/Xauthority'), ('LS_COLORS', 'rs=0:di=01;34:ln=01;36:mh=00:pi=40;33:so=01;35:do=01;35:bd=40;33;01:cd=40;33;01:or=40;31;01:mi=00:su=37;41:sg=30;43:ca=30;41:tw=30;42:ow=34;42:st=37;44:ex=01;32:*.tar=01;31:*.tgz=01;31:*.arc=01;31:*.arj=01;31:*.taz=01;31:*.lha=01;31:*.lz4=01;31:*.lzh=01;31:*.lzma=01;31:*.tlz=01;31:*.txz=01;31:*.tzo=01;31:*.t7z=01;31:*.zip=01;31:*.z=01;31:*.dz=01;31:*.gz=01;31:*.lrz=01;31:*.lz=01;31:*.lzo=01;31:*.xz=01;31:*.zst=01;31:*.tzst=01;31:*.bz2=01;31:*.bz=01;31:*.tbz=01;31:*.tbz2=01;31:*.tz=01;31:*.deb=01;31:*.rpm=01;31:*.jar=01;31:*.war=01;31:*.ear=01;31:*.sar=01;31:*.rar=01;31:*.alz=01;31:*.ace=01;31:*.zoo=01;31:*.cpio=01;31:*.7z=01;31:*.rz=01;31:*.cab=01;31:*.wim=01;31:*.swm=01;31:*.dwm=01;31:*.esd=01;31:*.jpg=01;35:*.jpeg=01;35:*.mjpg=01;35:*.mjpeg=01;35:*.gif=01;35:*.bmp=01;35:*.pbm=01;35:*.pgm=01;35:*.ppm=01;35:*.tga=01;35:*.xbm=01;35:*.xpm=01;35:*.tif=01;35:*.tiff=01;35:*.png=01;35:*.svg=01;35:*.svgz=01;35:*.mng=01;35:*.pcx=01;35:*.mov=01;35:*.mpg=01;35:*.mpeg=01;35:*.m2v=01;35:*.mkv=01;35:*.webm=01;35:*.webp=01;35:*.ogm=01;35:*.mp4=01;35:*.m4v=01;35:*.mp4v=01;35:*.vob=01;35:*.qt=01;35:*.nuv=01;35:*.wmv=01;35:*.asf=01;35:*.rm=01;35:*.rmvb=01;35:*.flc=01;35:*.avi=01;35:*.fli=01;35:*.flv=01;35:*.gl=01;35:*.dl=01;35:*.xcf=01;35:*.xwd=01;35:*.yuv=01;35:*.cgm=01;35:*.emf=01;35:*.ogv=01;35:*.ogx=01;35:*.aac=00;36:*.au=00;36:*.flac=00;36:*.m4a=00;36:*.mid=00;36:*.midi=00;36:*.mka=00;36:*.mp3=00;36:*.mpc=00;36:*.ogg=00;36:*.ra=00;36:*.wav=00;36:*.oga=00;36:*.opus=00;36:*.spx=00;36:*.xspf=00;36:'), ('VSCODE_GIT_IPC_HANDLE', '/run/user/1000/vscode-git-dfb16e76cc.sock'), ('TERM_PROGRAM', 'vscode'), ('SSH_AGENT_LAUNCHER', 'gnome-keyring'), ('SSH_AUTH_SOCK', '/run/user/1000/keyring/ssh'), ('AMENT_PREFIX_PATH', '/home/li/vk_ros2_ws/install/vk_ros2_driver:/opt/ros/humble'), ('CONDA_PYTHON_EXE', '/home/li/miniconda3/bin/python'), ('ORIGINAL_XDG_CURRENT_DESKTOP', 'ubuntu:GNOME'), ('SHELL', '/bin/bash'), ('QT_ACCESSIBILITY', '1'), ('GDMSESSION', 'ubuntu-xorg'), ('LESSCLOSE', '/usr/bin/lesspipe %s %s'), ('GPG_AGENT_INFO', '/run/user/1000/gnupg/S.gpg-agent:0:1'), ('GJS_DEBUG_OUTPUT', 'stderr'), ('_CONDA_EXE', '/home/li/miniconda3/bin/conda'), ('VSCODE_GIT_ASKPASS_EXTRA_ARGS', ''), ('QT_IM_MODULE', 'ibus'), ('PWD', '/home/li/vk_ros2_ws/build/vk_ros2_driver'), ('XDG_CONFIG_DIRS', '/etc/xdg/xdg-ubuntu-xorg:/etc/xdg'), ('CONDA_EXE', '/home/li/miniconda3/bin/conda'), ('XDG_DATA_DIRS', '/usr/share/ubuntu-xorg:/usr/share/gnome:/usr/local/share/:/usr/share/:/var/lib/snapd/desktop'), ('PYTHONPATH', '/opt/ros/humble/lib/python3.10/site-packages:/opt/ros/humble/local/lib/python3.10/dist-packages'), ('COLCON', '1'), ('CMAKE_PREFIX_PATH', '/home/li/vk_ros2_ws/install/vk_ros2_driver:/opt/ros/humble')]), 'shell': False}
[1.178354] (vk_ros2_driver) StdoutLine: {'line': b'[ 25%] \x1b[32mBuilding CXX object CMakeFiles/vk_ros2_driver_node.dir/rclcpp_components/node_main_vk_ros2_driver_node.cpp.o\x1b[0m\n'}
[1.179482] (vk_ros2_driver) StdoutLine: {'line': b'[ 50%] \x1b[32mBuilding CXX object CMakeFiles/vk_ros2_driver.dir/src/vk_ros2_driver.cpp.o\x1b[0m\n'}
[1.201350] (-) TimerEvent: {}
[1.301625] (-) TimerEvent: {}
[1.401880] (-) TimerEvent: {}
[1.502122] (-) TimerEvent: {}
[1.602401] (-) TimerEvent: {}
[1.702715] (-) TimerEvent: {}
[1.803029] (-) TimerEvent: {}
[1.903358] (-) TimerEvent: {}
[2.003776] (-) TimerEvent: {}
[2.104085] (-) TimerEvent: {}
[2.204407] (-) TimerEvent: {}
[2.304757] (-) TimerEvent: {}
[2.405131] (-) TimerEvent: {}
[2.505480] (-) TimerEvent: {}
[2.605803] (-) TimerEvent: {}
[2.706136] (-) TimerEvent: {}
[2.806517] (-) TimerEvent: {}
[2.906889] (-) TimerEvent: {}
[3.007215] (-) TimerEvent: {}
[3.107517] (-) TimerEvent: {}
[3.207856] (-) TimerEvent: {}
[3.308135] (-) TimerEvent: {}
[3.408438] (-) TimerEvent: {}
[3.508832] (-) TimerEvent: {}
[3.609138] (-) TimerEvent: {}
[3.621761] (vk_ros2_driver) StdoutLine: {'line': b'[ 75%] \x1b[32m\x1b[1mLinking CXX executable vk_ros2_driver_node\x1b[0m\n'}
[3.709283] (-) TimerEvent: {}
[3.733443] (vk_ros2_driver) StdoutLine: {'line': b'[ 75%] Built target vk_ros2_driver_node\n'}
[3.809418] (-) TimerEvent: {}
[3.909825] (-) TimerEvent: {}
[4.010150] (-) TimerEvent: {}
[4.110442] (-) TimerEvent: {}
[4.210840] (-) TimerEvent: {}
[4.311139] (-) TimerEvent: {}
[4.411443] (-) TimerEvent: {}
[4.511752] (-) TimerEvent: {}
[4.564964] (vk_ros2_driver) StderrLine: {'line': b'\x1b[01m\x1b[K/home/li/vk_ros2_ws/src/vk_ros2_driver/src/vk_ros2_driver.cpp:\x1b[m\x1b[K In constructor \xe2\x80\x98\x1b[01m\x1b[Kvkc::VkRos2Driver::VkRos2Driver(const rclcpp::NodeOptions&)\x1b[m\x1b[K\xe2\x80\x99:\n'}
[4.565189] (vk_ros2_driver) StderrLine: {'line': b'\x1b[01m\x1b[K/home/li/vk_ros2_ws/src/vk_ros2_driver/src/vk_ros2_driver.cpp:546:40:\x1b[m\x1b[K \x1b[01;31m\x1b[Kerror: \x1b[m\x1b[Kno matching function for call to \xe2\x80\x98\x1b[01m\x1b[Kimage_transport::ImageTransport::advertise(const std::__cxx11::basic_string<char>&, int, const rmw_qos_profile_t&)\x1b[m\x1b[K\xe2\x80\x99\n'}
[4.565282] (vk_ros2_driver) StderrLine: {'line': b'  546 |         img_pub_[topic] = \x1b[01;31m\x1b[Kit_.advertise(topic, 10, rmw_qos_profile_sensor_data)\x1b[m\x1b[K;\n'}
[4.565362] (vk_ros2_driver) StderrLine: {'line': b'      |                           \x1b[01;31m\x1b[K~~~~~~~~~~~~~^~~~~~~~~~~~~~~~~~~~~~~~~~~~~~~~~~~~~~~~\x1b[m\x1b[K\n'}
[4.565437] (vk_ros2_driver) StderrLine: {'line': b'In file included from \x1b[01m\x1b[K/home/li/vk_ros2_ws/src/vk_ros2_driver/include/vk_ros2_driver/vk_ros2_driver.hpp:16\x1b[m\x1b[K,\n'}
[4.565520] (vk_ros2_driver) StderrLine: {'line': b'                 from \x1b[01m\x1b[K/home/li/vk_ros2_ws/src/vk_ros2_driver/src/vk_ros2_driver.cpp:1\x1b[m\x1b[K:\n'}
[4.565594] (vk_ros2_driver) StderrLine: {'line': b'\x1b[01m\x1b[K/opt/ros/humble/include/image_transport/image_transport/image_transport.hpp:120:13:\x1b[m\x1b[K \x1b[01;36m\x1b[Knote: \x1b[m\x1b[Kcandidate: \xe2\x80\x98\x1b[01m\x1b[Kimage_transport::Publisher image_transport::ImageTransport::advertise(const string&, uint32_t, bool)\x1b[m\x1b[K\xe2\x80\x99\n'}
[4.565670] (vk_ros2_driver) StderrLine: {'line': b'  120 |   Publisher \x1b[01;36m\x1b[Kadvertise\x1b[m\x1b[K(const std::string & base_topic, uint32_t queue_size, bool latch = false);\n'}
[4.565750] (vk_ros2_driver) StderrLine: {'line': b'      |             \x1b[01;36m\x1b[K^~~~~~~~~\x1b[m\x1b[K\n'}
[4.565829] (vk_ros2_driver) StderrLine: {'line': b'\x1b[01m\x1b[K/opt/ros/humble/include/image_transport/image_transport/image_transport.hpp:120:81:\x1b[m\x1b[K \x1b[01;36m\x1b[Knote: \x1b[m\x1b[K  no known conversion for argument 3 from \xe2\x80\x98\x1b[01m\x1b[Kconst rmw_qos_profile_t\x1b[m\x1b[K\xe2\x80\x99 {aka \xe2\x80\x98\x1b[01m\x1b[Kconst rmw_qos_profile_s\x1b[m\x1b[K\xe2\x80\x99} to \xe2\x80\x98\x1b[01m\x1b[Kbool\x1b[m\x1b[K\xe2\x80\x99\n'}
[4.565907] (vk_ros2_driver) StderrLine: {'line': b'  120 |   Publisher advertise(const std::string & base_topic, uint32_t queue_size, \x1b[01;36m\x1b[Kbool latch = false\x1b[m\x1b[K);\n'}
[4.565982] (vk_ros2_driver) StderrLine: {'line': b'      |                                                                            \x1b[01;36m\x1b[K~~~~~^~~~~~~~~~~~~\x1b[m\x1b[K\n'}
[4.566054] (vk_ros2_driver) StderrLine: {'line': b'\x1b[01m\x1b[K/opt/ros/humble/include/image_transport/image_transport/image_transport.hpp:126:13:\x1b[m\x1b[K \x1b[01;36m\x1b[Knote: \x1b[m\x1b[Kcandidate: \xe2\x80\x98\x1b[01m\x1b[Kimage_transport::Publisher image_transport::ImageTransport::advertise(const string&, rmw_qos_profile_t, bool)\x1b[m\x1b[K\xe2\x80\x99\n'}
[4.566128] (vk_ros2_driver) StderrLine: {'line': b'  126 |   Publisher \x1b[01;36m\x1b[Kadvertise\x1b[m\x1b[K(\n'}
[4.566201] (vk_ros2_driver) StderrLine: {'line': b'      |             \x1b[01;36m\x1b[K^~~~~~~~~\x1b[m\x1b[K\n'}
[4.566273] (vk_ros2_driver) StderrLine: {'line': b'\x1b[01m\x1b[K/opt/ros/humble/include/image_transport/image_transport/image_transport.hpp:127:55:\x1b[m\x1b[K \x1b[01;36m\x1b[Knote: \x1b[m\x1b[K  no known conversion for argument 2 from \xe2\x80\x98\x1b[01m\x1b[Kint\x1b[m\x1b[K\xe2\x80\x99 to \xe2\x80\x98\x1b[01m\x1b[Krmw_qos_profile_t\x1b[m\x1b[K\xe2\x80\x99 {aka \xe2\x80\x98\x1b[01m\x1b[Krmw_qos_profile_s\x1b[m\x1b[K\xe2\x80\x99}\n'}
[4.566349] (vk_ros2_driver) StderrLine: {'line': b'  127 |     const std::string & base_topic, \x1b[01;36m\x1b[Krmw_qos_profile_t custom_qos\x1b[m\x1b[K,\n'}
[4.566422] (vk_ros2_driver) StderrLine: {'line': b'      |                                     \x1b[01;36m\x1b[K~~~~~~~~~~~~~~~~~~^~~~~~~~~~\x1b[m\x1b[K\n'}
[4.611843] (-) TimerEvent: {}
[4.712195] (-) TimerEvent: {}
[4.812506] (-) TimerEvent: {}
[4.912896] (-) TimerEvent: {}
[5.013134] (-) TimerEvent: {}
[5.113432] (-) TimerEvent: {}
[5.213789] (-) TimerEvent: {}
[5.314015] (-) TimerEvent: {}
[5.414252] (-) TimerEvent: {}
[5.514588] (-) TimerEvent: {}
[5.614790] (-) TimerEvent: {}
[5.715039] (-) TimerEvent: {}
[5.815317] (-) TimerEvent: {}
[5.915613] (-) TimerEvent: {}
[6.015930] (-) TimerEvent: {}
[6.116310] (-) TimerEvent: {}
[6.216822] (-) TimerEvent: {}
[6.317109] (-) TimerEvent: {}
[6.417455] (-) TimerEvent: {}
[6.517766] (-) TimerEvent: {}
[6.618071] (-) TimerEvent: {}
[6.674025] (vk_ros2_driver) StderrLine: {'line': b'gmake[2]: *** [CMakeFiles/vk_ros2_driver.dir/build.make:76\xef\xbc\x9aCMakeFiles/vk_ros2_driver.dir/src/vk_ros2_driver.cpp.o] \xe9\x94\x99\xe8\xaf\xaf 1\n'}
[6.674323] (vk_ros2_driver) StderrLine: {'line': b'gmake[1]: *** [CMakeFiles/Makefile2:139\xef\xbc\x9aCMakeFiles/vk_ros2_driver.dir/all] \xe9\x94\x99\xe8\xaf\xaf 2\n'}
[6.674527] (vk_ros2_driver) StderrLine: {'line': b'gmake: *** [Makefile:146\xef\xbc\x9aall] \xe9\x94\x99\xe8\xaf\xaf 2\n'}
[6.676598] (vk_ros2_driver) CommandEnded: {'returncode': 2}
[6.683896] (vk_ros2_driver) JobEnded: {'identifier': 'vk_ros2_driver', 'rc': 2}
[6.694515] (-) EventReactorShutdown: {}
