[0.000000] (-) TimerEvent: {}
[0.000159] (dual_dense_mapper) JobQueued: {'identifier': 'dual_dense_mapper', 'dependencies': OrderedDict()}
[0.000227] (vk_ros2_driver) JobQueued: {'identifier': 'vk_ros2_driver', 'dependencies': OrderedDict()}
[0.000239] (dual_dense_mapper) JobStarted: {'identifier': 'dual_dense_mapper'}
[0.004345] (vk_ros2_driver) JobStarted: {'identifier': 'vk_ros2_driver'}
[0.007355] (dual_dense_mapper) JobProgress: {'identifier': 'dual_dense_mapper', 'progress': 'cmake'}
[0.007972] (dual_dense_mapper) Command: {'cmd': ['/usr/bin/cmake', '/home/li/vk_ros2_ws/src/dual_dense_mapper', '-DCMAKE_INSTALL_PREFIX=/home/li/vk_ros2_ws/install/dual_dense_mapper'], 'cwd': '/home/li/vk_ros2_ws/build/dual_dense_mapper', 'env': OrderedDict([('GJS_DEBUG_TOPICS', 'JS ERROR;JS LOG'), ('PYTHON_BASIC_REPL', '1'), ('LESSOPEN', '| /usr/bin/lesspipe %s'), ('LANGUAGE', 'zh_CN:zh'), ('USER', 'li'), ('XDG_SESSION_TYPE', 'x11'), ('GIT_ASKPASS', '/usr/share/code/resources/app/extensions/git/dist/askpass.sh'), ('SHLVL', '1'), ('LD_LIBRARY_PATH', '/home/li/vk_ros2_ws/install/vk_ros2_driver/lib:/home/li/rtabmap_ws/install/rtabmap_slam/lib:/home/li/rtabmap_ws/install/rtabmap_odom/lib:/home/li/rtabmap_ws/install/rtabmap_util/lib:/home/li/rtabmap_ws/install/rtabmap_sync/lib:/home/li/rtabmap_ws/install/rtabmap_rviz_plugins/lib:/home/li/rtabmap_ws/install/rtabmap_conversions/lib:/home/li/rtabmap_ws/install/rtabmap_msgs/lib:/home/li/rtabmap_ws/install/rtabmap_costmap_plugins/lib:/home/li/rtabmap_ws/install/rtabmap/lib:/opt/ros/humble/opt/rviz_ogre_vendor/lib:/opt/ros/humble/lib/x86_64-linux-gnu:/opt/ros/humble/lib'), ('HOME', '/home/li'), ('CHROME_DESKTOP', 'code.desktop'), ('CONDA_SHLVL', '0'), ('OLDPWD', '/home/li/vk_ros2_ws'), ('TERM_PROGRAM_VERSION', '1.106.2'), ('DESKTOP_SESSION', 'ubuntu-xorg'), ('GIO_LAUNCHED_DESKTOP_FILE', '/usr/share/applications/code.desktop'), ('ROS_PYTHON_VERSION', '3'), ('GNOME_SHELL_SESSION_MODE', 'ubuntu'), ('GTK_MODULES', 'gail:atk-bridge'), ('VSCODE_GIT_ASKPASS_MAIN', '/usr/share/code/resources/app/extensions/git/dist/askpass-main.js'), ('VSCODE_GIT_ASKPASS_NODE', '/usr/share/code/code'), ('MANAGERPID', '1910'), ('PYDEVD_DISABLE_FILE_VALIDATION', '1'), ('SYSTEMD_EXEC_PID', '2235'), ('BUNDLED_DEBUGPY_PATH', '/home/li/.vscode/extensions/ms-python.debugpy-2025.18.0-linux-x64/bundled/libs/debugpy'), ('VSCODE_PYTHON_AUTOACTIVATE_GUARD', '1'), ('DBUS_SESSION_BUS_ADDRESS', 'unix:path=/run/user/1000/bus'), ('COLORTERM', 'truecolor'), ('_CE_M', ''), ('_CONDA_ROOT', '/home/li/miniconda3'), ('GIO_LAUNCHED_DESKTOP_FILE_PID', '6598'), ('https_proxy', 'http://127.0.0.1:7890'), ('COLCON_PREFIX_PATH', '/home/li/vk_ros2_ws/install:/home/li/rtabmap_ws/install'), ('ROS_DISTRO', 'humble'), ('GTK_IM_MODULE', 'ibus'), ('LOGNAME', 'li'), ('http_proxy', 'http://127.0.0.1:7890'), ('JOURNAL_STREAM', '8:15690'), ('_', '/usr/bin/colcon'), ('ROS_VERSION', '2'), ('PKG_CONFIG_PATH', '/home/li/rtabmap_ws/install/rtabmap/lib/x86_64-linux-gnu/pkgconfig:/home/li/rtabmap_ws/install/rtabmap/lib/pkgconfig'), ('XDG_SESSION_CLASS', 'user'), ('USERNAME', 'li'), ('TERM', 'xterm-256color'), ('GNOME_DESKTOP_SESSION_ID', 'this-is-deprecated'), ('_CE_CONDA', ''), ('ROS_LOCALHOST_ONLY', '0'), ('WINDOWPATH', '2'), ('PATH', '/opt/vk_pointcloud/bin:/home/li/.local/bin:/opt/vilota/bin:/home/li/.local/bin:/home/li/rtabmap_ws/install/rtabmap/bin:/opt/vk_pointcloud/bin:/opt/ros/humble/bin:/home/li/miniconda3/condabin:/home/li/.local/bin:/opt/vilota/bin:/home/li/.local/bin:/usr/local/sbin:/usr/local/bin:/usr/sbin:/usr/bin:/sbin:/bin:/usr/games:/usr/local/games:/snap/bin:/snap/bin:/opt/vk_pointcloud/bin:/home/li/.vscode/extensions/ms-python.debugpy-2025.18.0-linux-x64/bundled/scripts/noConfigScripts:/opt/vk_pointcloud/bin'), ('SESSION_MANAGER', 'local/li-ASUS-TUF-Gaming-F15-FX507VV-FX507VV:@/tmp/.ICE-unix/2208,unix/li-ASUS-TUF-Gaming-F15-FX507VV-FX507VV:/tmp/.ICE-unix/2208'), ('INVOCATION_ID', 'a293acdaa6dd476c9801ccf85e616cb4'), ('XDG_MENU_PREFIX', 'gnome-'), ('XDG_RUNTIME_DIR', '/run/user/1000'), ('GDK_BACKEND', 'x11'), ('DISPLAY', ':0'), ('VSCODE_DEBUGPY_ADAPTER_ENDPOINTS', '/home/li/.vscode/extensions/ms-python.debugpy-2025.18.0-linux-x64/.noConfigDebugAdapterEndpoints/endpoint-e986fa5c1f62803e.txt'), ('LANG', 'zh_CN.UTF-8'), ('XDG_CURRENT_DESKTOP', 'Unity'), ('PYTHONSTARTUP', '/home/li/.config/Code/User/workspaceStorage/a627f49ee5c917c4a3a6bda4429f68a0/ms-python.python/pythonrc.py'), ('XMODIFIERS', '@im=ibus'), ('XDG_SESSION_DESKTOP', 'ubuntu-xorg'), ('XAUTHORITY', '/run/user/1000/gdm/Xauthority'), ('LS_COLORS', 'rs=0:di=01;34:ln=01;36:mh=00:pi=40;33:so=01;35:do=01;35:bd=40;33;01:cd=40;33;01:or=40;31;01:mi=00:su=37;41:sg=30;43:ca=30;41:tw=30;42:ow=34;42:st=37;44:ex=01;32:*.tar=01;31:*.tgz=01;31:*.arc=01;31:*.arj=01;31:*.taz=01;31:*.lha=01;31:*.lz4=01;31:*.lzh=01;31:*.lzma=01;31:*.tlz=01;31:*.txz=01;31:*.tzo=01;31:*.t7z=01;31:*.zip=01;31:*.z=01;31:*.dz=01;31:*.gz=01;31:*.lrz=01;31:*.lz=01;31:*.lzo=01;31:*.xz=01;31:*.zst=01;31:*.tzst=01;31:*.bz2=01;31:*.bz=01;31:*.tbz=01;31:*.tbz2=01;31:*.tz=01;31:*.deb=01;31:*.rpm=01;31:*.jar=01;31:*.war=01;31:*.ear=01;31:*.sar=01;31:*.rar=01;31:*.alz=01;31:*.ace=01;31:*.zoo=01;31:*.cpio=01;31:*.7z=01;31:*.rz=01;31:*.cab=01;31:*.wim=01;31:*.swm=01;31:*.dwm=01;31:*.esd=01;31:*.jpg=01;35:*.jpeg=01;35:*.mjpg=01;35:*.mjpeg=01;35:*.gif=01;35:*.bmp=01;35:*.pbm=01;35:*.pgm=01;35:*.ppm=01;35:*.tga=01;35:*.xbm=01;35:*.xpm=01;35:*.tif=01;35:*.tiff=01;35:*.png=01;35:*.svg=01;35:*.svgz=01;35:*.mng=01;35:*.pcx=01;35:*.mov=01;35:*.mpg=01;35:*.mpeg=01;35:*.m2v=01;35:*.mkv=01;35:*.webm=01;35:*.webp=01;35:*.ogm=01;35:*.mp4=01;35:*.m4v=01;35:*.mp4v=01;35:*.vob=01;35:*.qt=01;35:*.nuv=01;35:*.wmv=01;35:*.asf=01;35:*.rm=01;35:*.rmvb=01;35:*.flc=01;35:*.avi=01;35:*.fli=01;35:*.flv=01;35:*.gl=01;35:*.dl=01;35:*.xcf=01;35:*.xwd=01;35:*.yuv=01;35:*.cgm=01;35:*.emf=01;35:*.ogv=01;35:*.ogx=01;35:*.aac=00;36:*.au=00;36:*.flac=00;36:*.m4a=00;36:*.mid=00;36:*.midi=00;36:*.mka=00;36:*.mp3=00;36:*.mpc=00;36:*.ogg=00;36:*.ra=00;36:*.wav=00;36:*.oga=00;36:*.opus=00;36:*.spx=00;36:*.xspf=00;36:'), ('VSCODE_GIT_IPC_HANDLE', '/run/user/1000/vscode-git-dfb16e76cc.sock'), ('TERM_PROGRAM', 'vscode'), ('SSH_AGENT_LAUNCHER', 'gnome-keyring'), ('SSH_AUTH_SOCK', '/run/user/1000/keyring/ssh'), ('AMENT_PREFIX_PATH', '/home/li/vk_ros2_ws/install/vk_ros2_driver:/home/li/rtabmap_ws/install/rtabmap_ros:/home/li/rtabmap_ws/install/rtabmap_launch:/home/li/rtabmap_ws/install/rtabmap_examples:/home/li/rtabmap_ws/install/rtabmap_demos:/home/li/rtabmap_ws/install/rtabmap_viz:/home/li/rtabmap_ws/install/rtabmap_slam:/home/li/rtabmap_ws/install/rtabmap_odom:/home/li/rtabmap_ws/install/rtabmap_util:/home/li/rtabmap_ws/install/rtabmap_sync:/home/li/rtabmap_ws/install/rtabmap_rviz_plugins:/home/li/rtabmap_ws/install/rtabmap_python:/home/li/rtabmap_ws/install/rtabmap_conversions:/home/li/rtabmap_ws/install/rtabmap_msgs:/home/li/rtabmap_ws/install/rtabmap_costmap_plugins:/opt/ros/humble'), ('CONDA_PYTHON_EXE', '/home/li/miniconda3/bin/python'), ('ORIGINAL_XDG_CURRENT_DESKTOP', 'ubuntu:GNOME'), ('SHELL', '/bin/bash'), ('QT_ACCESSIBILITY', '1'), ('GDMSESSION', 'ubuntu-xorg'), ('LESSCLOSE', '/usr/bin/lesspipe %s %s'), ('GPG_AGENT_INFO', '/run/user/1000/gnupg/S.gpg-agent:0:1'), ('GJS_DEBUG_OUTPUT', 'stderr'), ('_CONDA_EXE', '/home/li/miniconda3/bin/conda'), ('VSCODE_GIT_ASKPASS_EXTRA_ARGS', ''), ('QT_IM_MODULE', 'ibus'), ('PWD', '/home/li/vk_ros2_ws/build/dual_dense_mapper'), ('XDG_CONFIG_DIRS', '/etc/xdg/xdg-ubuntu-xorg:/etc/xdg'), ('CONDA_EXE', '/home/li/miniconda3/bin/conda'), ('XDG_DATA_DIRS', '/usr/share/ubuntu-xorg:/usr/share/gnome:/usr/local/share/:/usr/share/:/var/lib/snapd/desktop'), ('PYTHONPATH', '/home/li/rtabmap_ws/build/rtabmap_python:/home/li/rtabmap_ws/install/rtabmap_python/lib/python3.10/site-packages:/home/li/rtabmap_ws/install/rtabmap_msgs/local/lib/python3.10/dist-packages:/opt/ros/humble/lib/python3.10/site-packages:/opt/ros/humble/local/lib/python3.10/dist-packages'), ('COLCON', '1'), ('CMAKE_PREFIX_PATH', '/home/li/vk_ros2_ws/install/vk_ros2_driver:/home/li/rtabmap_ws/install/rtabmap_ros:/home/li/rtabmap_ws/install/rtabmap_launch:/home/li/rtabmap_ws/install/rtabmap_examples:/home/li/rtabmap_ws/install/rtabmap_demos:/home/li/rtabmap_ws/install/rtabmap_viz:/home/li/rtabmap_ws/install/rtabmap_slam:/home/li/rtabmap_ws/install/rtabmap_odom:/home/li/rtabmap_ws/install/rtabmap_util:/home/li/rtabmap_ws/install/rtabmap_sync:/home/li/rtabmap_ws/install/rtabmap_rviz_plugins:/home/li/rtabmap_ws/install/rtabmap_conversions:/home/li/rtabmap_ws/install/rtabmap_msgs:/home/li/rtabmap_ws/install/rtabmap_costmap_plugins:/home/li/rtabmap_ws/install/rtabmap')]), 'shell': False}
[0.010417] (vk_ros2_driver) JobProgress: {'identifier': 'vk_ros2_driver', 'progress': 'cmake'}
[0.010697] (vk_ros2_driver) JobProgress: {'identifier': 'vk_ros2_driver', 'progress': 'build'}
[0.011184] (vk_ros2_driver) Command: {'cmd': ['/usr/bin/cmake', '--build', '/home/li/vk_ros2_ws/build/vk_ros2_driver', '--', '-j20', '-l20'], 'cwd': '/home/li/vk_ros2_ws/build/vk_ros2_driver', 'env': OrderedDict([('GJS_DEBUG_TOPICS', 'JS ERROR;JS LOG'), ('PYTHON_BASIC_REPL', '1'), ('LESSOPEN', '| /usr/bin/lesspipe %s'), ('LANGUAGE', 'zh_CN:zh'), ('USER', 'li'), ('XDG_SESSION_TYPE', 'x11'), ('GIT_ASKPASS', '/usr/share/code/resources/app/extensions/git/dist/askpass.sh'), ('SHLVL', '1'), ('LD_LIBRARY_PATH', '/home/li/vk_ros2_ws/install/vk_ros2_driver/lib:/home/li/rtabmap_ws/install/rtabmap_slam/lib:/home/li/rtabmap_ws/install/rtabmap_odom/lib:/home/li/rtabmap_ws/install/rtabmap_util/lib:/home/li/rtabmap_ws/install/rtabmap_sync/lib:/home/li/rtabmap_ws/install/rtabmap_rviz_plugins/lib:/home/li/rtabmap_ws/install/rtabmap_conversions/lib:/home/li/rtabmap_ws/install/rtabmap_msgs/lib:/home/li/rtabmap_ws/install/rtabmap_costmap_plugins/lib:/home/li/rtabmap_ws/install/rtabmap/lib:/opt/ros/humble/opt/rviz_ogre_vendor/lib:/opt/ros/humble/lib/x86_64-linux-gnu:/opt/ros/humble/lib'), ('HOME', '/home/li'), ('CHROME_DESKTOP', 'code.desktop'), ('CONDA_SHLVL', '0'), ('OLDPWD', '/home/li/vk_ros2_ws'), ('TERM_PROGRAM_VERSION', '1.106.2'), ('DESKTOP_SESSION', 'ubuntu-xorg'), ('GIO_LAUNCHED_DESKTOP_FILE', '/usr/share/applications/code.desktop'), ('ROS_PYTHON_VERSION', '3'), ('GNOME_SHELL_SESSION_MODE', 'ubuntu'), ('GTK_MODULES', 'gail:atk-bridge'), ('VSCODE_GIT_ASKPASS_MAIN', '/usr/share/code/resources/app/extensions/git/dist/askpass-main.js'), ('VSCODE_GIT_ASKPASS_NODE', '/usr/share/code/code'), ('MANAGERPID', '1910'), ('PYDEVD_DISABLE_FILE_VALIDATION', '1'), ('SYSTEMD_EXEC_PID', '2235'), ('BUNDLED_DEBUGPY_PATH', '/home/li/.vscode/extensions/ms-python.debugpy-2025.18.0-linux-x64/bundled/libs/debugpy'), ('VSCODE_PYTHON_AUTOACTIVATE_GUARD', '1'), ('DBUS_SESSION_BUS_ADDRESS', 'unix:path=/run/user/1000/bus'), ('COLORTERM', 'truecolor'), ('_CE_M', ''), ('_CONDA_ROOT', '/home/li/miniconda3'), ('GIO_LAUNCHED_DESKTOP_FILE_PID', '6598'), ('https_proxy', 'http://127.0.0.1:7890'), ('COLCON_PREFIX_PATH', '/home/li/vk_ros2_ws/install:/home/li/rtabmap_ws/install'), ('ROS_DISTRO', 'humble'), ('GTK_IM_MODULE', 'ibus'), ('LOGNAME', 'li'), ('http_proxy', 'http://127.0.0.1:7890'), ('JOURNAL_STREAM', '8:15690'), ('_', '/usr/bin/colcon'), ('ROS_VERSION', '2'), ('PKG_CONFIG_PATH', '/home/li/rtabmap_ws/install/rtabmap/lib/x86_64-linux-gnu/pkgconfig:/home/li/rtabmap_ws/install/rtabmap/lib/pkgconfig'), ('XDG_SESSION_CLASS', 'user'), ('USERNAME', 'li'), ('TERM', 'xterm-256color'), ('GNOME_DESKTOP_SESSION_ID', 'this-is-deprecated'), ('_CE_CONDA', ''), ('ROS_LOCALHOST_ONLY', '0'), ('WINDOWPATH', '2'), ('PATH', '/opt/vk_pointcloud/bin:/home/li/.local/bin:/opt/vilota/bin:/home/li/.local/bin:/home/li/rtabmap_ws/install/rtabmap/bin:/opt/vk_pointcloud/bin:/opt/ros/humble/bin:/home/li/miniconda3/condabin:/home/li/.local/bin:/opt/vilota/bin:/home/li/.local/bin:/usr/local/sbin:/usr/local/bin:/usr/sbin:/usr/bin:/sbin:/bin:/usr/games:/usr/local/games:/snap/bin:/snap/bin:/opt/vk_pointcloud/bin:/home/li/.vscode/extensions/ms-python.debugpy-2025.18.0-linux-x64/bundled/scripts/noConfigScripts:/opt/vk_pointcloud/bin'), ('SESSION_MANAGER', 'local/li-ASUS-TUF-Gaming-F15-FX507VV-FX507VV:@/tmp/.ICE-unix/2208,unix/li-ASUS-TUF-Gaming-F15-FX507VV-FX507VV:/tmp/.ICE-unix/2208'), ('INVOCATION_ID', 'a293acdaa6dd476c9801ccf85e616cb4'), ('XDG_MENU_PREFIX', 'gnome-'), ('XDG_RUNTIME_DIR', '/run/user/1000'), ('GDK_BACKEND', 'x11'), ('DISPLAY', ':0'), ('VSCODE_DEBUGPY_ADAPTER_ENDPOINTS', '/home/li/.vscode/extensions/ms-python.debugpy-2025.18.0-linux-x64/.noConfigDebugAdapterEndpoints/endpoint-e986fa5c1f62803e.txt'), ('LANG', 'zh_CN.UTF-8'), ('XDG_CURRENT_DESKTOP', 'Unity'), ('PYTHONSTARTUP', '/home/li/.config/Code/User/workspaceStorage/a627f49ee5c917c4a3a6bda4429f68a0/ms-python.python/pythonrc.py'), ('XMODIFIERS', '@im=ibus'), ('XDG_SESSION_DESKTOP', 'ubuntu-xorg'), ('XAUTHORITY', '/run/user/1000/gdm/Xauthority'), ('LS_COLORS', 'rs=0:di=01;34:ln=01;36:mh=00:pi=40;33:so=01;35:do=01;35:bd=40;33;01:cd=40;33;01:or=40;31;01:mi=00:su=37;41:sg=30;43:ca=30;41:tw=30;42:ow=34;42:st=37;44:ex=01;32:*.tar=01;31:*.tgz=01;31:*.arc=01;31:*.arj=01;31:*.taz=01;31:*.lha=01;31:*.lz4=01;31:*.lzh=01;31:*.lzma=01;31:*.tlz=01;31:*.txz=01;31:*.tzo=01;31:*.t7z=01;31:*.zip=01;31:*.z=01;31:*.dz=01;31:*.gz=01;31:*.lrz=01;31:*.lz=01;31:*.lzo=01;31:*.xz=01;31:*.zst=01;31:*.tzst=01;31:*.bz2=01;31:*.bz=01;31:*.tbz=01;31:*.tbz2=01;31:*.tz=01;31:*.deb=01;31:*.rpm=01;31:*.jar=01;31:*.war=01;31:*.ear=01;31:*.sar=01;31:*.rar=01;31:*.alz=01;31:*.ace=01;31:*.zoo=01;31:*.cpio=01;31:*.7z=01;31:*.rz=01;31:*.cab=01;31:*.wim=01;31:*.swm=01;31:*.dwm=01;31:*.esd=01;31:*.jpg=01;35:*.jpeg=01;35:*.mjpg=01;35:*.mjpeg=01;35:*.gif=01;35:*.bmp=01;35:*.pbm=01;35:*.pgm=01;35:*.ppm=01;35:*.tga=01;35:*.xbm=01;35:*.xpm=01;35:*.tif=01;35:*.tiff=01;35:*.png=01;35:*.svg=01;35:*.svgz=01;35:*.mng=01;35:*.pcx=01;35:*.mov=01;35:*.mpg=01;35:*.mpeg=01;35:*.m2v=01;35:*.mkv=01;35:*.webm=01;35:*.webp=01;35:*.ogm=01;35:*.mp4=01;35:*.m4v=01;35:*.mp4v=01;35:*.vob=01;35:*.qt=01;35:*.nuv=01;35:*.wmv=01;35:*.asf=01;35:*.rm=01;35:*.rmvb=01;35:*.flc=01;35:*.avi=01;35:*.fli=01;35:*.flv=01;35:*.gl=01;35:*.dl=01;35:*.xcf=01;35:*.xwd=01;35:*.yuv=01;35:*.cgm=01;35:*.emf=01;35:*.ogv=01;35:*.ogx=01;35:*.aac=00;36:*.au=00;36:*.flac=00;36:*.m4a=00;36:*.mid=00;36:*.midi=00;36:*.mka=00;36:*.mp3=00;36:*.mpc=00;36:*.ogg=00;36:*.ra=00;36:*.wav=00;36:*.oga=00;36:*.opus=00;36:*.spx=00;36:*.xspf=00;36:'), ('VSCODE_GIT_IPC_HANDLE', '/run/user/1000/vscode-git-dfb16e76cc.sock'), ('TERM_PROGRAM', 'vscode'), ('SSH_AGENT_LAUNCHER', 'gnome-keyring'), ('SSH_AUTH_SOCK', '/run/user/1000/keyring/ssh'), ('AMENT_PREFIX_PATH', '/home/li/vk_ros2_ws/install/vk_ros2_driver:/home/li/rtabmap_ws/install/rtabmap_ros:/home/li/rtabmap_ws/install/rtabmap_launch:/home/li/rtabmap_ws/install/rtabmap_examples:/home/li/rtabmap_ws/install/rtabmap_demos:/home/li/rtabmap_ws/install/rtabmap_viz:/home/li/rtabmap_ws/install/rtabmap_slam:/home/li/rtabmap_ws/install/rtabmap_odom:/home/li/rtabmap_ws/install/rtabmap_util:/home/li/rtabmap_ws/install/rtabmap_sync:/home/li/rtabmap_ws/install/rtabmap_rviz_plugins:/home/li/rtabmap_ws/install/rtabmap_python:/home/li/rtabmap_ws/install/rtabmap_conversions:/home/li/rtabmap_ws/install/rtabmap_msgs:/home/li/rtabmap_ws/install/rtabmap_costmap_plugins:/opt/ros/humble'), ('CONDA_PYTHON_EXE', '/home/li/miniconda3/bin/python'), ('ORIGINAL_XDG_CURRENT_DESKTOP', 'ubuntu:GNOME'), ('SHELL', '/bin/bash'), ('QT_ACCESSIBILITY', '1'), ('GDMSESSION', 'ubuntu-xorg'), ('LESSCLOSE', '/usr/bin/lesspipe %s %s'), ('GPG_AGENT_INFO', '/run/user/1000/gnupg/S.gpg-agent:0:1'), ('GJS_DEBUG_OUTPUT', 'stderr'), ('_CONDA_EXE', '/home/li/miniconda3/bin/conda'), ('VSCODE_GIT_ASKPASS_EXTRA_ARGS', ''), ('QT_IM_MODULE', 'ibus'), ('PWD', '/home/li/vk_ros2_ws/build/vk_ros2_driver'), ('XDG_CONFIG_DIRS', '/etc/xdg/xdg-ubuntu-xorg:/etc/xdg'), ('CONDA_EXE', '/home/li/miniconda3/bin/conda'), ('XDG_DATA_DIRS', '/usr/share/ubuntu-xorg:/usr/share/gnome:/usr/local/share/:/usr/share/:/var/lib/snapd/desktop'), ('PYTHONPATH', '/home/li/rtabmap_ws/build/rtabmap_python:/home/li/rtabmap_ws/install/rtabmap_python/lib/python3.10/site-packages:/home/li/rtabmap_ws/install/rtabmap_msgs/local/lib/python3.10/dist-packages:/opt/ros/humble/lib/python3.10/site-packages:/opt/ros/humble/local/lib/python3.10/dist-packages'), ('COLCON', '1'), ('CMAKE_PREFIX_PATH', '/home/li/vk_ros2_ws/install/vk_ros2_driver:/home/li/rtabmap_ws/install/rtabmap_ros:/home/li/rtabmap_ws/install/rtabmap_launch:/home/li/rtabmap_ws/install/rtabmap_examples:/home/li/rtabmap_ws/install/rtabmap_demos:/home/li/rtabmap_ws/install/rtabmap_viz:/home/li/rtabmap_ws/install/rtabmap_slam:/home/li/rtabmap_ws/install/rtabmap_odom:/home/li/rtabmap_ws/install/rtabmap_util:/home/li/rtabmap_ws/install/rtabmap_sync:/home/li/rtabmap_ws/install/rtabmap_rviz_plugins:/home/li/rtabmap_ws/install/rtabmap_conversions:/home/li/rtabmap_ws/install/rtabmap_msgs:/home/li/rtabmap_ws/install/rtabmap_costmap_plugins:/home/li/rtabmap_ws/install/rtabmap:/home/li/rtabmap_ws/install/rtabmap_python:/opt/ros/humble')]), 'shell': False}
[0.020632] (dual_dense_mapper) StdoutLine: {'line': b'-- Found ament_cmake: 1.3.12 (/opt/ros/humble/share/ament_cmake/cmake)\n'}
[0.061803] (vk_ros2_driver) StdoutLine: {'line': b'[ 50%] Built target vk_ros2_driver_node\n'}
[0.066353] (vk_ros2_driver) StdoutLine: {'line': b'[100%] Built target vk_ros2_driver\n'}
[0.074849] (vk_ros2_driver) CommandEnded: {'returncode': 0}
[0.076053] (vk_ros2_driver) JobProgress: {'identifier': 'vk_ros2_driver', 'progress': 'install'}
[0.084172] (vk_ros2_driver) Command: {'cmd': ['/usr/bin/cmake', '--install', '/home/li/vk_ros2_ws/build/vk_ros2_driver'], 'cwd': '/home/li/vk_ros2_ws/build/vk_ros2_driver', 'env': OrderedDict([('GJS_DEBUG_TOPICS', 'JS ERROR;JS LOG'), ('PYTHON_BASIC_REPL', '1'), ('LESSOPEN', '| /usr/bin/lesspipe %s'), ('LANGUAGE', 'zh_CN:zh'), ('USER', 'li'), ('XDG_SESSION_TYPE', 'x11'), ('GIT_ASKPASS', '/usr/share/code/resources/app/extensions/git/dist/askpass.sh'), ('SHLVL', '1'), ('LD_LIBRARY_PATH', '/home/li/vk_ros2_ws/install/vk_ros2_driver/lib:/home/li/rtabmap_ws/install/rtabmap_slam/lib:/home/li/rtabmap_ws/install/rtabmap_odom/lib:/home/li/rtabmap_ws/install/rtabmap_util/lib:/home/li/rtabmap_ws/install/rtabmap_sync/lib:/home/li/rtabmap_ws/install/rtabmap_rviz_plugins/lib:/home/li/rtabmap_ws/install/rtabmap_conversions/lib:/home/li/rtabmap_ws/install/rtabmap_msgs/lib:/home/li/rtabmap_ws/install/rtabmap_costmap_plugins/lib:/home/li/rtabmap_ws/install/rtabmap/lib:/opt/ros/humble/opt/rviz_ogre_vendor/lib:/opt/ros/humble/lib/x86_64-linux-gnu:/opt/ros/humble/lib'), ('HOME', '/home/li'), ('CHROME_DESKTOP', 'code.desktop'), ('CONDA_SHLVL', '0'), ('OLDPWD', '/home/li/vk_ros2_ws'), ('TERM_PROGRAM_VERSION', '1.106.2'), ('DESKTOP_SESSION', 'ubuntu-xorg'), ('GIO_LAUNCHED_DESKTOP_FILE', '/usr/share/applications/code.desktop'), ('ROS_PYTHON_VERSION', '3'), ('GNOME_SHELL_SESSION_MODE', 'ubuntu'), ('GTK_MODULES', 'gail:atk-bridge'), ('VSCODE_GIT_ASKPASS_MAIN', '/usr/share/code/resources/app/extensions/git/dist/askpass-main.js'), ('VSCODE_GIT_ASKPASS_NODE', '/usr/share/code/code'), ('MANAGERPID', '1910'), ('PYDEVD_DISABLE_FILE_VALIDATION', '1'), ('SYSTEMD_EXEC_PID', '2235'), ('BUNDLED_DEBUGPY_PATH', '/home/li/.vscode/extensions/ms-python.debugpy-2025.18.0-linux-x64/bundled/libs/debugpy'), ('VSCODE_PYTHON_AUTOACTIVATE_GUARD', '1'), ('DBUS_SESSION_BUS_ADDRESS', 'unix:path=/run/user/1000/bus'), ('COLORTERM', 'truecolor'), ('_CE_M', ''), ('_CONDA_ROOT', '/home/li/miniconda3'), ('GIO_LAUNCHED_DESKTOP_FILE_PID', '6598'), ('https_proxy', 'http://127.0.0.1:7890'), ('COLCON_PREFIX_PATH', '/home/li/vk_ros2_ws/install:/home/li/rtabmap_ws/install'), ('ROS_DISTRO', 'humble'), ('GTK_IM_MODULE', 'ibus'), ('LOGNAME', 'li'), ('http_proxy', 'http://127.0.0.1:7890'), ('JOURNAL_STREAM', '8:15690'), ('_', '/usr/bin/colcon'), ('ROS_VERSION', '2'), ('PKG_CONFIG_PATH', '/home/li/rtabmap_ws/install/rtabmap/lib/x86_64-linux-gnu/pkgconfig:/home/li/rtabmap_ws/install/rtabmap/lib/pkgconfig'), ('XDG_SESSION_CLASS', 'user'), ('USERNAME', 'li'), ('TERM', 'xterm-256color'), ('GNOME_DESKTOP_SESSION_ID', 'this-is-deprecated'), ('_CE_CONDA', ''), ('ROS_LOCALHOST_ONLY', '0'), ('WINDOWPATH', '2'), ('PATH', '/opt/vk_pointcloud/bin:/home/li/.local/bin:/opt/vilota/bin:/home/li/.local/bin:/home/li/rtabmap_ws/install/rtabmap/bin:/opt/vk_pointcloud/bin:/opt/ros/humble/bin:/home/li/miniconda3/condabin:/home/li/.local/bin:/opt/vilota/bin:/home/li/.local/bin:/usr/local/sbin:/usr/local/bin:/usr/sbin:/usr/bin:/sbin:/bin:/usr/games:/usr/local/games:/snap/bin:/snap/bin:/opt/vk_pointcloud/bin:/home/li/.vscode/extensions/ms-python.debugpy-2025.18.0-linux-x64/bundled/scripts/noConfigScripts:/opt/vk_pointcloud/bin'), ('SESSION_MANAGER', 'local/li-ASUS-TUF-Gaming-F15-FX507VV-FX507VV:@/tmp/.ICE-unix/2208,unix/li-ASUS-TUF-Gaming-F15-FX507VV-FX507VV:/tmp/.ICE-unix/2208'), ('INVOCATION_ID', 'a293acdaa6dd476c9801ccf85e616cb4'), ('XDG_MENU_PREFIX', 'gnome-'), ('XDG_RUNTIME_DIR', '/run/user/1000'), ('GDK_BACKEND', 'x11'), ('DISPLAY', ':0'), ('VSCODE_DEBUGPY_ADAPTER_ENDPOINTS', '/home/li/.vscode/extensions/ms-python.debugpy-2025.18.0-linux-x64/.noConfigDebugAdapterEndpoints/endpoint-e986fa5c1f62803e.txt'), ('LANG', 'zh_CN.UTF-8'), ('XDG_CURRENT_DESKTOP', 'Unity'), ('PYTHONSTARTUP', '/home/li/.config/Code/User/workspaceStorage/a627f49ee5c917c4a3a6bda4429f68a0/ms-python.python/pythonrc.py'), ('XMODIFIERS', '@im=ibus'), ('XDG_SESSION_DESKTOP', 'ubuntu-xorg'), ('XAUTHORITY', '/run/user/1000/gdm/Xauthority'), ('LS_COLORS', 'rs=0:di=01;34:ln=01;36:mh=00:pi=40;33:so=01;35:do=01;35:bd=40;33;01:cd=40;33;01:or=40;31;01:mi=00:su=37;41:sg=30;43:ca=30;41:tw=30;42:ow=34;42:st=37;44:ex=01;32:*.tar=01;31:*.tgz=01;31:*.arc=01;31:*.arj=01;31:*.taz=01;31:*.lha=01;31:*.lz4=01;31:*.lzh=01;31:*.lzma=01;31:*.tlz=01;31:*.txz=01;31:*.tzo=01;31:*.t7z=01;31:*.zip=01;31:*.z=01;31:*.dz=01;31:*.gz=01;31:*.lrz=01;31:*.lz=01;31:*.lzo=01;31:*.xz=01;31:*.zst=01;31:*.tzst=01;31:*.bz2=01;31:*.bz=01;31:*.tbz=01;31:*.tbz2=01;31:*.tz=01;31:*.deb=01;31:*.rpm=01;31:*.jar=01;31:*.war=01;31:*.ear=01;31:*.sar=01;31:*.rar=01;31:*.alz=01;31:*.ace=01;31:*.zoo=01;31:*.cpio=01;31:*.7z=01;31:*.rz=01;31:*.cab=01;31:*.wim=01;31:*.swm=01;31:*.dwm=01;31:*.esd=01;31:*.jpg=01;35:*.jpeg=01;35:*.mjpg=01;35:*.mjpeg=01;35:*.gif=01;35:*.bmp=01;35:*.pbm=01;35:*.pgm=01;35:*.ppm=01;35:*.tga=01;35:*.xbm=01;35:*.xpm=01;35:*.tif=01;35:*.tiff=01;35:*.png=01;35:*.svg=01;35:*.svgz=01;35:*.mng=01;35:*.pcx=01;35:*.mov=01;35:*.mpg=01;35:*.mpeg=01;35:*.m2v=01;35:*.mkv=01;35:*.webm=01;35:*.webp=01;35:*.ogm=01;35:*.mp4=01;35:*.m4v=01;35:*.mp4v=01;35:*.vob=01;35:*.qt=01;35:*.nuv=01;35:*.wmv=01;35:*.asf=01;35:*.rm=01;35:*.rmvb=01;35:*.flc=01;35:*.avi=01;35:*.fli=01;35:*.flv=01;35:*.gl=01;35:*.dl=01;35:*.xcf=01;35:*.xwd=01;35:*.yuv=01;35:*.cgm=01;35:*.emf=01;35:*.ogv=01;35:*.ogx=01;35:*.aac=00;36:*.au=00;36:*.flac=00;36:*.m4a=00;36:*.mid=00;36:*.midi=00;36:*.mka=00;36:*.mp3=00;36:*.mpc=00;36:*.ogg=00;36:*.ra=00;36:*.wav=00;36:*.oga=00;36:*.opus=00;36:*.spx=00;36:*.xspf=00;36:'), ('VSCODE_GIT_IPC_HANDLE', '/run/user/1000/vscode-git-dfb16e76cc.sock'), ('TERM_PROGRAM', 'vscode'), ('SSH_AGENT_LAUNCHER', 'gnome-keyring'), ('SSH_AUTH_SOCK', '/run/user/1000/keyring/ssh'), ('AMENT_PREFIX_PATH', '/home/li/vk_ros2_ws/install/vk_ros2_driver:/home/li/rtabmap_ws/install/rtabmap_ros:/home/li/rtabmap_ws/install/rtabmap_launch:/home/li/rtabmap_ws/install/rtabmap_examples:/home/li/rtabmap_ws/install/rtabmap_demos:/home/li/rtabmap_ws/install/rtabmap_viz:/home/li/rtabmap_ws/install/rtabmap_slam:/home/li/rtabmap_ws/install/rtabmap_odom:/home/li/rtabmap_ws/install/rtabmap_util:/home/li/rtabmap_ws/install/rtabmap_sync:/home/li/rtabmap_ws/install/rtabmap_rviz_plugins:/home/li/rtabmap_ws/install/rtabmap_python:/home/li/rtabmap_ws/install/rtabmap_conversions:/home/li/rtabmap_ws/install/rtabmap_msgs:/home/li/rtabmap_ws/install/rtabmap_costmap_plugins:/opt/ros/humble'), ('CONDA_PYTHON_EXE', '/home/li/miniconda3/bin/python'), ('ORIGINAL_XDG_CURRENT_DESKTOP', 'ubuntu:GNOME'), ('SHELL', '/bin/bash'), ('QT_ACCESSIBILITY', '1'), ('GDMSESSION', 'ubuntu-xorg'), ('LESSCLOSE', '/usr/bin/lesspipe %s %s'), ('GPG_AGENT_INFO', '/run/user/1000/gnupg/S.gpg-agent:0:1'), ('GJS_DEBUG_OUTPUT', 'stderr'), ('_CONDA_EXE', '/home/li/miniconda3/bin/conda'), ('VSCODE_GIT_ASKPASS_EXTRA_ARGS', ''), ('QT_IM_MODULE', 'ibus'), ('PWD', '/home/li/vk_ros2_ws/build/vk_ros2_driver'), ('XDG_CONFIG_DIRS', '/etc/xdg/xdg-ubuntu-xorg:/etc/xdg'), ('CONDA_EXE', '/home/li/miniconda3/bin/conda'), ('XDG_DATA_DIRS', '/usr/share/ubuntu-xorg:/usr/share/gnome:/usr/local/share/:/usr/share/:/var/lib/snapd/desktop'), ('PYTHONPATH', '/home/li/rtabmap_ws/build/rtabmap_python:/home/li/rtabmap_ws/install/rtabmap_python/lib/python3.10/site-packages:/home/li/rtabmap_ws/install/rtabmap_msgs/local/lib/python3.10/dist-packages:/opt/ros/humble/lib/python3.10/site-packages:/opt/ros/humble/local/lib/python3.10/dist-packages'), ('COLCON', '1'), ('CMAKE_PREFIX_PATH', '/home/li/vk_ros2_ws/install/vk_ros2_driver:/home/li/rtabmap_ws/install/rtabmap_ros:/home/li/rtabmap_ws/install/rtabmap_launch:/home/li/rtabmap_ws/install/rtabmap_examples:/home/li/rtabmap_ws/install/rtabmap_demos:/home/li/rtabmap_ws/install/rtabmap_viz:/home/li/rtabmap_ws/install/rtabmap_slam:/home/li/rtabmap_ws/install/rtabmap_odom:/home/li/rtabmap_ws/install/rtabmap_util:/home/li/rtabmap_ws/install/rtabmap_sync:/home/li/rtabmap_ws/install/rtabmap_rviz_plugins:/home/li/rtabmap_ws/install/rtabmap_conversions:/home/li/rtabmap_ws/install/rtabmap_msgs:/home/li/rtabmap_ws/install/rtabmap_costmap_plugins:/home/li/rtabmap_ws/install/rtabmap:/home/li/rtabmap_ws/install/rtabmap_python:/opt/ros/humble')]), 'shell': False}
[0.089107] (vk_ros2_driver) StdoutLine: {'line': b'-- Install configuration: ""\n'}
[0.089351] (vk_ros2_driver) StdoutLine: {'line': b'-- Execute custom install script\n'}
[0.089479] (vk_ros2_driver) StdoutLine: {'line': b'-- Up-to-date symlink: /home/li/vk_ros2_ws/install/vk_ros2_driver/lib/vk_ros2_driver/vk_ros2_driver_node\n'}
[0.089587] (vk_ros2_driver) StdoutLine: {'line': b'-- Up-to-date symlink: /home/li/vk_ros2_ws/install/vk_ros2_driver/include/vk_ros2_driver/vk_ros2_driver/vk_ros2_driver.hpp\n'}
[0.089691] (vk_ros2_driver) StdoutLine: {'line': b'-- Up-to-date symlink: /home/li/vk_ros2_ws/install/vk_ros2_driver/share/vk_ros2_driver/launch/__pycache__/example.launch.cpython-310.pyc\n'}
[0.089804] (vk_ros2_driver) StdoutLine: {'line': b'-- Up-to-date symlink: /home/li/vk_ros2_ws/install/vk_ros2_driver/share/vk_ros2_driver/launch/__pycache__/loop_closure_and_tsdf.launch.cpython-310.pyc\n'}
[0.089920] (vk_ros2_driver) StdoutLine: {'line': b'-- Up-to-date symlink: /home/li/vk_ros2_ws/install/vk_ros2_driver/share/vk_ros2_driver/launch/example.launch.py\n'}
[0.089998] (vk_ros2_driver) StdoutLine: {'line': b'-- Up-to-date symlink: /home/li/vk_ros2_ws/install/vk_ros2_driver/share/vk_ros2_driver/config/example.yaml\n'}
[0.090109] (vk_ros2_driver) StdoutLine: {'line': b'-- Up-to-date symlink: /home/li/vk_ros2_ws/install/vk_ros2_driver/share/ament_index/resource_index/package_run_dependencies/vk_ros2_driver\n'}
[0.090214] (vk_ros2_driver) StdoutLine: {'line': b'-- Up-to-date symlink: /home/li/vk_ros2_ws/install/vk_ros2_driver/share/ament_index/resource_index/parent_prefix_path/vk_ros2_driver\n'}
[0.090318] (vk_ros2_driver) StdoutLine: {'line': b'-- Up-to-date symlink: /home/li/vk_ros2_ws/install/vk_ros2_driver/share/vk_ros2_driver/environment/ament_prefix_path.sh\n'}
[0.090442] (vk_ros2_driver) StdoutLine: {'line': b'-- Up-to-date symlink: /home/li/vk_ros2_ws/install/vk_ros2_driver/share/vk_ros2_driver/environment/ament_prefix_path.dsv\n'}
[0.090523] (vk_ros2_driver) StdoutLine: {'line': b'-- Up-to-date symlink: /home/li/vk_ros2_ws/install/vk_ros2_driver/share/vk_ros2_driver/environment/path.sh\n'}
[0.090601] (vk_ros2_driver) StdoutLine: {'line': b'-- Up-to-date symlink: /home/li/vk_ros2_ws/install/vk_ros2_driver/share/vk_ros2_driver/environment/path.dsv\n'}
[0.090682] (vk_ros2_driver) StdoutLine: {'line': b'-- Up-to-date symlink: /home/li/vk_ros2_ws/install/vk_ros2_driver/share/vk_ros2_driver/local_setup.bash\n'}
[0.090827] (vk_ros2_driver) StdoutLine: {'line': b'-- Up-to-date symlink: /home/li/vk_ros2_ws/install/vk_ros2_driver/share/vk_ros2_driver/local_setup.sh\n'}
[0.090907] (vk_ros2_driver) StdoutLine: {'line': b'-- Up-to-date symlink: /home/li/vk_ros2_ws/install/vk_ros2_driver/share/vk_ros2_driver/local_setup.zsh\n'}
[0.090982] (vk_ros2_driver) StdoutLine: {'line': b'-- Up-to-date symlink: /home/li/vk_ros2_ws/install/vk_ros2_driver/share/vk_ros2_driver/local_setup.dsv\n'}
[0.091068] (vk_ros2_driver) StdoutLine: {'line': b'-- Symlinking: /home/li/vk_ros2_ws/install/vk_ros2_driver/share/vk_ros2_driver/package.dsv\n'}
[0.097521] (vk_ros2_driver) StdoutLine: {'line': b'-- Up-to-date symlink: /home/li/vk_ros2_ws/install/vk_ros2_driver/share/ament_index/resource_index/packages/vk_ros2_driver\n'}
[0.097668] (vk_ros2_driver) StdoutLine: {'line': b'-- Up-to-date symlink: /home/li/vk_ros2_ws/install/vk_ros2_driver/share/ament_index/resource_index/rclcpp_components/vk_ros2_driver\n'}
[0.097744] (vk_ros2_driver) StdoutLine: {'line': b'-- Up-to-date symlink: /home/li/vk_ros2_ws/install/vk_ros2_driver/share/vk_ros2_driver/cmake/ament_cmake_export_dependencies-extras.cmake\n'}
[0.097842] (vk_ros2_driver) StdoutLine: {'line': b'-- Up-to-date symlink: /home/li/vk_ros2_ws/install/vk_ros2_driver/share/vk_ros2_driver/cmake/vk_ros2_driverConfig.cmake\n'}
[0.097951] (vk_ros2_driver) StdoutLine: {'line': b'-- Up-to-date symlink: /home/li/vk_ros2_ws/install/vk_ros2_driver/share/vk_ros2_driver/cmake/vk_ros2_driverConfig-version.cmake\n'}
[0.098033] (vk_ros2_driver) StdoutLine: {'line': b'-- Up-to-date symlink: /home/li/vk_ros2_ws/install/vk_ros2_driver/share/vk_ros2_driver/package.xml\n'}
[0.098133] (vk_ros2_driver) StdoutLine: {'line': b'-- Up-to-date: /home/li/vk_ros2_ws/install/vk_ros2_driver/lib/libvk_ros2_driver.so\n'}
[0.099360] (-) TimerEvent: {}
[0.099905] (vk_ros2_driver) CommandEnded: {'returncode': 0}
[0.114505] (vk_ros2_driver) JobEnded: {'identifier': 'vk_ros2_driver', 'rc': 0}
[0.117766] (dual_dense_mapper) StdoutLine: {'line': b'-- Found rclcpp: 16.0.16 (/opt/ros/humble/share/rclcpp/cmake)\n'}
[0.137350] (dual_dense_mapper) StdoutLine: {'line': b'-- Found rosidl_generator_c: 3.1.7 (/opt/ros/humble/share/rosidl_generator_c/cmake)\n'}
[0.138921] (dual_dense_mapper) StdoutLine: {'line': b'-- Found rosidl_adapter: 3.1.7 (/opt/ros/humble/share/rosidl_adapter/cmake)\n'}
[0.142670] (dual_dense_mapper) StdoutLine: {'line': b'-- Found rosidl_generator_cpp: 3.1.7 (/opt/ros/humble/share/rosidl_generator_cpp/cmake)\n'}
[0.148960] (dual_dense_mapper) StdoutLine: {'line': b'-- Using all available rosidl_typesupport_c: rosidl_typesupport_fastrtps_c;rosidl_typesupport_introspection_c\n'}
[0.156975] (dual_dense_mapper) StdoutLine: {'line': b'-- Using all available rosidl_typesupport_cpp: rosidl_typesupport_fastrtps_cpp;rosidl_typesupport_introspection_cpp\n'}
[0.178171] (dual_dense_mapper) StdoutLine: {'line': b'-- Found rmw_implementation_cmake: 6.1.2 (/opt/ros/humble/share/rmw_implementation_cmake/cmake)\n'}
[0.179188] (dual_dense_mapper) StdoutLine: {'line': b'-- Found rmw_fastrtps_cpp: 6.2.9 (/opt/ros/humble/share/rmw_fastrtps_cpp/cmake)\n'}
[0.199548] (-) TimerEvent: {}
[0.257510] (dual_dense_mapper) StdoutLine: {'line': b"-- Using RMW implementation 'rmw_fastrtps_cpp' as default\n"}
[0.288307] (dual_dense_mapper) StdoutLine: {'line': b'-- Found sensor_msgs: 4.9.0 (/opt/ros/humble/share/sensor_msgs/cmake)\n'}
[0.299725] (-) TimerEvent: {}
[0.306356] (dual_dense_mapper) StdoutLine: {'line': b'-- Found message_filters: 4.3.11 (/opt/ros/humble/share/message_filters/cmake)\n'}
[0.307919] (dual_dense_mapper) StdoutLine: {'line': b'-- Found tf2: 0.25.17 (/opt/ros/humble/share/tf2/cmake)\n'}
[0.310520] (dual_dense_mapper) StdoutLine: {'line': b'-- Found tf2_ros: 0.25.17 (/opt/ros/humble/share/tf2_ros/cmake)\n'}
[0.358681] (dual_dense_mapper) StdoutLine: {'line': b'-- Found tf2_geometry_msgs: 0.25.17 (/opt/ros/humble/share/tf2_geometry_msgs/cmake)\n'}
[0.360866] (dual_dense_mapper) StdoutLine: {'line': b'-- Found eigen3_cmake_module: 0.1.1 (/opt/ros/humble/share/eigen3_cmake_module/cmake)\n'}
[0.361807] (dual_dense_mapper) StdoutLine: {'line': b'-- Ensuring Eigen3 include directory is part of orocos-kdl CMake target\n'}
[0.362694] (dual_dense_mapper) StdoutLine: {'line': b'-- Found pcl_conversions: 2.4.5 (/opt/ros/humble/share/pcl_conversions/cmake)\n'}
[0.386314] (dual_dense_mapper) StdoutLine: {'line': b'-- Eigen found (include: /usr/include/eigen3, version: 3.4.0)\n'}
[0.399976] (-) TimerEvent: {}
[0.413343] (dual_dense_mapper) StdoutLine: {'line': b'-- FLANN found (include: /usr/include, lib: /usr/lib/x86_64-linux-gnu/libflann_cpp.so)\n'}
[0.500092] (-) TimerEvent: {}
[0.600404] (-) TimerEvent: {}
[0.654962] (dual_dense_mapper) StdoutLine: {'line': b'-- OpenNI found (version: 1.5.4.0, include: /usr/include/ni, lib: /usr/lib/libOpenNI.so;libusb::libusb)\n'}
[0.661251] (dual_dense_mapper) StdoutLine: {'line': b'-- OpenNI2 found (version: 2.2.0.33, include: /usr/include/openni2, lib: /usr/lib/x86_64-linux-gnu/libOpenNI2.so;libusb::libusb)\n'}
[0.700551] (-) TimerEvent: {}
[0.778158] (dual_dense_mapper) StdoutLine: {'line': b'-- Eigen found (include: /usr/include/eigen3, version: 3.4.0)\n'}
[0.784047] (dual_dense_mapper) StdoutLine: {'line': b'-- OpenNI found (version: 1.5.4.0, include: /usr/include/ni, lib: /usr/lib/libOpenNI.so;libusb::libusb)\n'}
[0.790136] (dual_dense_mapper) StdoutLine: {'line': b'-- OpenNI2 found (version: 2.2.0.33, include: /usr/include/openni2, lib: /usr/lib/x86_64-linux-gnu/libOpenNI2.so;libusb::libusb)\n'}
[0.800681] (-) TimerEvent: {}
[0.901035] (-) TimerEvent: {}
[0.906428] (dual_dense_mapper) StdoutLine: {'line': b'-- Found Qhull version 8.0.2\n'}
[1.001180] (-) TimerEvent: {}
[1.033085] (dual_dense_mapper) StdoutLine: {'line': b'-- OpenNI found (version: 1.5.4.0, include: /usr/include/ni, lib: /usr/lib/libOpenNI.so;libusb::libusb)\n'}
[1.101292] (-) TimerEvent: {}
[1.158863] (dual_dense_mapper) StdoutLine: {'line': b'-- Found pcl_ros: 2.4.5 (/opt/ros/humble/share/pcl_ros/cmake)\n'}
[1.201385] (-) TimerEvent: {}
[1.224566] (dual_dense_mapper) StderrLine: {'line': b"Error parsing '/home/li/vk_ros2_ws/src/dual_dense_mapper/package.xml':\n"}
[1.254598] (dual_dense_mapper) StderrLine: {'line': b'Traceback (most recent call last):\n'}
[1.254914] (dual_dense_mapper) StderrLine: {'line': b'  File "/usr/lib/python3/dist-packages/catkin_pkg/package.py", line 610, in parse_package_string\n'}
[1.255006] (dual_dense_mapper) StderrLine: {'line': b'    root = dom.parseString(data)\n'}
[1.255103] (dual_dense_mapper) StderrLine: {'line': b'  File "/usr/lib/python3.10/xml/dom/minidom.py", line 2000, in parseString\n'}
[1.255182] (dual_dense_mapper) StderrLine: {'line': b'    return expatbuilder.parseString(string)\n'}
[1.255257] (dual_dense_mapper) StderrLine: {'line': b'  File "/usr/lib/python3.10/xml/dom/expatbuilder.py", line 925, in parseString\n'}
[1.255332] (dual_dense_mapper) StderrLine: {'line': b'    return builder.parseString(string)\n'}
[1.255405] (dual_dense_mapper) StderrLine: {'line': b'  File "/usr/lib/python3.10/xml/dom/expatbuilder.py", line 223, in parseString\n'}
[1.255479] (dual_dense_mapper) StderrLine: {'line': b'    parser.Parse(string, True)\n'}
[1.255552] (dual_dense_mapper) StderrLine: {'line': b'xml.parsers.expat.ExpatError: not well-formed (invalid token): line 5, column 68\n'}
[1.255627] (dual_dense_mapper) StderrLine: {'line': b'\n'}
[1.255702] (dual_dense_mapper) StderrLine: {'line': b'During handling of the above exception, another exception occurred:\n'}
[1.255777] (dual_dense_mapper) StderrLine: {'line': b'\n'}
[1.255855] (dual_dense_mapper) StderrLine: {'line': b'Traceback (most recent call last):\n'}
[1.255932] (dual_dense_mapper) StderrLine: {'line': b'  File "/opt/ros/humble/share/ament_cmake_core/cmake/core/package_xml_2_cmake.py", line 150, in <module>\n'}
[1.256009] (dual_dense_mapper) StderrLine: {'line': b'    main()\n'}
[1.256104] (dual_dense_mapper) StderrLine: {'line': b'  File "/opt/ros/humble/share/ament_cmake_core/cmake/core/package_xml_2_cmake.py", line 53, in main\n'}
[1.256185] (dual_dense_mapper) StderrLine: {'line': b'    raise e\n'}
[1.256262] (dual_dense_mapper) StderrLine: {'line': b'  File "/opt/ros/humble/share/ament_cmake_core/cmake/core/package_xml_2_cmake.py", line 49, in main\n'}
[1.256346] (dual_dense_mapper) StderrLine: {'line': b'    package = parse_package_string(\n'}
[1.256430] (dual_dense_mapper) StderrLine: {'line': b'  File "/usr/lib/python3/dist-packages/catkin_pkg/package.py", line 612, in parse_package_string\n'}
[1.256523] (dual_dense_mapper) StderrLine: {'line': b"    raise InvalidPackage('The manifest contains invalid XML:\\n%s' % ex, filename)\n"}
[1.256607] (dual_dense_mapper) StderrLine: {'line': b"catkin_pkg.package.InvalidPackage: Error(s) in package '/home/li/vk_ros2_ws/src/dual_dense_mapper/package.xml':\n"}
[1.256685] (dual_dense_mapper) StderrLine: {'line': b'The manifest contains invalid XML:\n'}
[1.256763] (dual_dense_mapper) StderrLine: {'line': b'not well-formed (invalid token): line 5, column 68\n'}
[1.267316] (dual_dense_mapper) StderrLine: {'line': b'\x1b[31mCMake Error at /opt/ros/humble/share/ament_cmake_core/cmake/core/ament_package_xml.cmake:95 (message):\n'}
[1.267679] (dual_dense_mapper) StderrLine: {'line': b'  execute_process(/usr/bin/python3\n'}
[1.267771] (dual_dense_mapper) StderrLine: {'line': b'  /opt/ros/humble/share/ament_cmake_core/cmake/core/package_xml_2_cmake.py\n'}
[1.267848] (dual_dense_mapper) StderrLine: {'line': b'  /home/li/vk_ros2_ws/src/dual_dense_mapper/package.xml\n'}
[1.267921] (dual_dense_mapper) StderrLine: {'line': b'  /home/li/vk_ros2_ws/build/dual_dense_mapper/ament_cmake_core/package.cmake)\n'}
[1.268007] (dual_dense_mapper) StderrLine: {'line': b'  returned error code 1\n'}
[1.268096] (dual_dense_mapper) StderrLine: {'line': b'Call Stack (most recent call first):\n'}
[1.268169] (dual_dense_mapper) StderrLine: {'line': b'  /opt/ros/humble/share/ament_cmake_core/cmake/core/ament_package_xml.cmake:49 (_ament_package_xml)\n'}
[1.268240] (dual_dense_mapper) StderrLine: {'line': b'  /opt/ros/humble/share/ament_cmake_core/cmake/core/ament_package.cmake:63 (ament_package_xml)\n'}
[1.268313] (dual_dense_mapper) StderrLine: {'line': b'  CMakeLists.txt:40 (ament_package)\n'}
[1.268383] (dual_dense_mapper) StderrLine: {'line': b'\n'}
[1.268453] (dual_dense_mapper) StderrLine: {'line': b'\x1b[0m\n'}
[1.268523] (dual_dense_mapper) StdoutLine: {'line': b'-- Configuring incomplete, errors occurred!\n'}
[1.268605] (dual_dense_mapper) StdoutLine: {'line': b'See also "/home/li/vk_ros2_ws/build/dual_dense_mapper/CMakeFiles/CMakeOutput.log".\n'}
[1.280806] (dual_dense_mapper) CommandEnded: {'returncode': 1}
[1.281868] (dual_dense_mapper) JobEnded: {'identifier': 'dual_dense_mapper', 'rc': 1}
[1.292649] (-) EventReactorShutdown: {}
