[0.000000] (-) TimerEvent: {}
[0.000506] (vk_ros2_driver) JobQueued: {'identifier': 'vk_ros2_driver', 'dependencies': OrderedDict()}
[0.000553] (vk_ros2_driver) JobStarted: {'identifier': 'vk_ros2_driver'}
[0.008155] (vk_ros2_driver) JobProgress: {'identifier': 'vk_ros2_driver', 'progress': 'cmake'}
[0.008704] (vk_ros2_driver) Command: {'cmd': ['/usr/bin/cmake', '/home/li/vk_ros2_ws/src/vk_ros2_driver', '-DCMAKE_INSTALL_PREFIX=/home/li/vk_ros2_ws/install/vk_ros2_driver'], 'cwd': '/home/li/vk_ros2_ws/build/vk_ros2_driver', 'env': OrderedDict([('GJS_DEBUG_TOPICS', 'JS ERROR;JS LOG'), ('PYTHON_BASIC_REPL', '1'), ('LESSOPEN', '| /usr/bin/lesspipe %s'), ('LANGUAGE', 'zh_CN:zh'), ('USER', 'li'), ('XDG_SESSION_TYPE', 'x11'), ('GIT_ASKPASS', '/usr/share/code/resources/app/extensions/git/dist/askpass.sh'), ('SHLVL', '1'), ('LD_LIBRARY_PATH', '/opt/ros/humble/opt/rviz_ogre_vendor/lib:/opt/ros/humble/lib/x86_64-linux-gnu:/opt/ros/humble/lib'), ('HOME', '/home/li'), ('CHROME_DESKTOP', 'code.desktop'), ('CONDA_SHLVL', '0'), ('TERM_PROGRAM_VERSION', '1.106.2'), ('DESKTOP_SESSION', 'ubuntu-xorg'), ('GIO_LAUNCHED_DESKTOP_FILE', '/usr/share/applications/code.desktop'), ('ROS_PYTHON_VERSION', '3'), ('GNOME_SHELL_SESSION_MODE', 'ubuntu'), ('GTK_MODULES', 'gail:atk-bridge'), ('VSCODE_GIT_ASKPASS_MAIN', '/usr/share/code/resources/app/extensions/git/dist/askpass-main.js'), ('VSCODE_GIT_ASKPASS_NODE', '/usr/share/code/code'), ('MANAGERPID', '1901'), ('PYDEVD_DISABLE_FILE_VALIDATION', '1'), ('SYSTEMD_EXEC_PID', '2228'), ('BUNDLED_DEBUGPY_PATH', '/home/li/.vscode/extensions/ms-python.debugpy-2025.16.0/bundled/libs/debugpy'), ('VSCODE_PYTHON_AUTOACTIVATE_GUARD', '1'), ('DBUS_SESSION_BUS_ADDRESS', 'unix:path=/run/user/1000/bus'), ('COLORTERM', 'truecolor'), ('_CE_M', ''), ('_CONDA_ROOT', '/home/li/miniconda3'), ('GIO_LAUNCHED_DESKTOP_FILE_PID', '12666'), ('https_proxy', 'http://127.0.0.1:7890'), ('ROS_DISTRO', 'humble'), ('GTK_IM_MODULE', 'ibus'), ('LOGNAME', 'li'), ('http_proxy', 'http://127.0.0.1:7890'), ('JOURNAL_STREAM', '8:26625'), ('_', '/usr/bin/colcon'), ('ROS_VERSION', '2'), ('XDG_SESSION_CLASS', 'user'), ('USERNAME', 'li'), ('TERM', 'xterm-256color'), ('GNOME_DESKTOP_SESSION_ID', 'this-is-deprecated'), ('_CE_CONDA', ''), ('ROS_LOCALHOST_ONLY', '0'), ('WINDOWPATH', '2'), ('PATH', '/opt/vk_pointcloud/bin:/home/li/.local/bin:/opt/vilota/bin:/home/li/.local/bin:/opt/vk_pointcloud/bin:/opt/ros/humble/bin:/home/li/miniconda3/condabin:/home/li/.local/bin:/opt/vilota/bin:/home/li/.local/bin:/usr/local/sbin:/usr/local/bin:/usr/sbin:/usr/bin:/sbin:/bin:/usr/games:/usr/local/games:/snap/bin:/snap/bin:/opt/vk_pointcloud/bin:/home/li/.vscode/extensions/ms-python.debugpy-2025.16.0/bundled/scripts/noConfigScripts:/opt/vk_pointcloud/bin'), ('SESSION_MANAGER', 'local/li-ASUS-TUF-Gaming-F15-FX507VV-FX507VV:@/tmp/.ICE-unix/2201,unix/li-ASUS-TUF-Gaming-F15-FX507VV-FX507VV:/tmp/.ICE-unix/2201'), ('INVOCATION_ID', '278d91606995466e839d4e1a76578060'), ('XDG_MENU_PREFIX', 'gnome-'), ('XDG_RUNTIME_DIR', '/run/user/1000'), ('GDK_BACKEND', 'x11'), ('DISPLAY', ':0'), ('VSCODE_DEBUGPY_ADAPTER_ENDPOINTS', '/home/li/.vscode/extensions/ms-python.debugpy-2025.16.0/.noConfigDebugAdapterEndpoints/endpoint-e986fa5c1f62803e.txt'), ('LANG', 'zh_CN.UTF-8'), ('XDG_CURRENT_DESKTOP', 'Unity'), ('PYTHONSTARTUP', '/home/li/.config/Code/User/workspaceStorage/a627f49ee5c917c4a3a6bda4429f68a0/ms-python.python/pythonrc.py'), ('XMODIFIERS', '@im=ibus'), ('XDG_SESSION_DESKTOP', 'ubuntu-xorg'), ('XAUTHORITY', '/run/user/1000/gdm/Xauthority'), ('LS_COLORS', 'rs=0:di=01;34:ln=01;36:mh=00:pi=40;33:so=01;35:do=01;35:bd=40;33;01:cd=40;33;01:or=40;31;01:mi=00:su=37;41:sg=30;43:ca=30;41:tw=30;42:ow=34;42:st=37;44:ex=01;32:*.tar=01;31:*.tgz=01;31:*.arc=01;31:*.arj=01;31:*.taz=01;31:*.lha=01;31:*.lz4=01;31:*.lzh=01;31:*.lzma=01;31:*.tlz=01;31:*.txz=01;31:*.tzo=01;31:*.t7z=01;31:*.zip=01;31:*.z=01;31:*.dz=01;31:*.gz=01;31:*.lrz=01;31:*.lz=01;31:*.lzo=01;31:*.xz=01;31:*.zst=01;31:*.tzst=01;31:*.bz2=01;31:*.bz=01;31:*.tbz=01;31:*.tbz2=01;31:*.tz=01;31:*.deb=01;31:*.rpm=01;31:*.jar=01;31:*.war=01;31:*.ear=01;31:*.sar=01;31:*.rar=01;31:*.alz=01;31:*.ace=01;31:*.zoo=01;31:*.cpio=01;31:*.7z=01;31:*.rz=01;31:*.cab=01;31:*.wim=01;31:*.swm=01;31:*.dwm=01;31:*.esd=01;31:*.jpg=01;35:*.jpeg=01;35:*.mjpg=01;35:*.mjpeg=01;35:*.gif=01;35:*.bmp=01;35:*.pbm=01;35:*.pgm=01;35:*.ppm=01;35:*.tga=01;35:*.xbm=01;35:*.xpm=01;35:*.tif=01;35:*.tiff=01;35:*.png=01;35:*.svg=01;35:*.svgz=01;35:*.mng=01;35:*.pcx=01;35:*.mov=01;35:*.mpg=01;35:*.mpeg=01;35:*.m2v=01;35:*.mkv=01;35:*.webm=01;35:*.webp=01;35:*.ogm=01;35:*.mp4=01;35:*.m4v=01;35:*.mp4v=01;35:*.vob=01;35:*.qt=01;35:*.nuv=01;35:*.wmv=01;35:*.asf=01;35:*.rm=01;35:*.rmvb=01;35:*.flc=01;35:*.avi=01;35:*.fli=01;35:*.flv=01;35:*.gl=01;35:*.dl=01;35:*.xcf=01;35:*.xwd=01;35:*.yuv=01;35:*.cgm=01;35:*.emf=01;35:*.ogv=01;35:*.ogx=01;35:*.aac=00;36:*.au=00;36:*.flac=00;36:*.m4a=00;36:*.mid=00;36:*.midi=00;36:*.mka=00;36:*.mp3=00;36:*.mpc=00;36:*.ogg=00;36:*.ra=00;36:*.wav=00;36:*.oga=00;36:*.opus=00;36:*.spx=00;36:*.xspf=00;36:'), ('VSCODE_GIT_IPC_HANDLE', '/run/user/1000/vscode-git-dfb16e76cc.sock'), ('TERM_PROGRAM', 'vscode'), ('SSH_AGENT_LAUNCHER', 'gnome-keyring'), ('SSH_AUTH_SOCK', '/run/user/1000/keyring/ssh'), ('AMENT_PREFIX_PATH', '/opt/ros/humble'), ('CONDA_PYTHON_EXE', '/home/li/miniconda3/bin/python'), ('ORIGINAL_XDG_CURRENT_DESKTOP', 'ubuntu:GNOME'), ('SHELL', '/bin/bash'), ('QT_ACCESSIBILITY', '1'), ('GDMSESSION', 'ubuntu-xorg'), ('LESSCLOSE', '/usr/bin/lesspipe %s %s'), ('GPG_AGENT_INFO', '/run/user/1000/gnupg/S.gpg-agent:0:1'), ('GJS_DEBUG_OUTPUT', 'stderr'), ('_CONDA_EXE', '/home/li/miniconda3/bin/conda'), ('VSCODE_GIT_ASKPASS_EXTRA_ARGS', ''), ('QT_IM_MODULE', 'ibus'), ('PWD', '/home/li/vk_ros2_ws/build/vk_ros2_driver'), ('XDG_CONFIG_DIRS', '/etc/xdg/xdg-ubuntu-xorg:/etc/xdg'), ('CONDA_EXE', '/home/li/miniconda3/bin/conda'), ('XDG_DATA_DIRS', '/usr/share/ubuntu-xorg:/usr/share/gnome:/usr/local/share/:/usr/share/:/var/lib/snapd/desktop'), ('PYTHONPATH', '/opt/ros/humble/lib/python3.10/site-packages:/opt/ros/humble/local/lib/python3.10/dist-packages'), ('COLCON', '1'), ('CMAKE_PREFIX_PATH', '/opt/ros/humble')]), 'shell': False}
[0.099741] (-) TimerEvent: {}
[0.191908] (vk_ros2_driver) StdoutLine: {'line': b'-- The C compiler identification is GNU 11.4.0\n'}
[0.199845] (-) TimerEvent: {}
[0.300073] (-) TimerEvent: {}
[0.309381] (vk_ros2_driver) StdoutLine: {'line': b'-- The CXX compiler identification is GNU 11.4.0\n'}
[0.316243] (vk_ros2_driver) StdoutLine: {'line': b'-- Detecting C compiler ABI info\n'}
[0.400227] (-) TimerEvent: {}
[0.421346] (vk_ros2_driver) StdoutLine: {'line': b'-- Detecting C compiler ABI info - done\n'}
[0.433021] (vk_ros2_driver) StdoutLine: {'line': b'-- Check for working C compiler: /usr/bin/cc - skipped\n'}
[0.433609] (vk_ros2_driver) StdoutLine: {'line': b'-- Detecting C compile features\n'}
[0.434320] (vk_ros2_driver) StdoutLine: {'line': b'-- Detecting C compile features - done\n'}
[0.438002] (vk_ros2_driver) StdoutLine: {'line': b'-- Detecting CXX compiler ABI info\n'}
[0.500325] (-) TimerEvent: {}
[0.518212] (vk_ros2_driver) StdoutLine: {'line': b'-- Detecting CXX compiler ABI info - done\n'}
[0.523673] (vk_ros2_driver) StdoutLine: {'line': b'-- Check for working CXX compiler: /usr/bin/c++ - skipped\n'}
[0.523804] (vk_ros2_driver) StdoutLine: {'line': b'-- Detecting CXX compile features\n'}
[0.524179] (vk_ros2_driver) StdoutLine: {'line': b'-- Detecting CXX compile features - done\n'}
[0.533366] (vk_ros2_driver) StdoutLine: {'line': b'-- Found ament_cmake: 1.3.12 (/opt/ros/humble/share/ament_cmake/cmake)\n'}
[0.600520] (-) TimerEvent: {}
[0.657341] (vk_ros2_driver) StdoutLine: {'line': b'-- Found Python3: /usr/bin/python3 (found version "3.10.12") found components: Interpreter \n'}
[0.700609] (-) TimerEvent: {}
[0.729746] (vk_ros2_driver) StdoutLine: {'line': b'-- Found rclcpp: 16.0.16 (/opt/ros/humble/share/rclcpp/cmake)\n'}
[0.770206] (vk_ros2_driver) StdoutLine: {'line': b'-- Found rosidl_generator_c: 3.1.7 (/opt/ros/humble/share/rosidl_generator_c/cmake)\n'}
[0.774739] (vk_ros2_driver) StdoutLine: {'line': b'-- Found rosidl_adapter: 3.1.7 (/opt/ros/humble/share/rosidl_adapter/cmake)\n'}
[0.781897] (vk_ros2_driver) StdoutLine: {'line': b'-- Found rosidl_generator_cpp: 3.1.7 (/opt/ros/humble/share/rosidl_generator_cpp/cmake)\n'}
[0.794927] (vk_ros2_driver) StdoutLine: {'line': b'-- Using all available rosidl_typesupport_c: rosidl_typesupport_fastrtps_c;rosidl_typesupport_introspection_c\n'}
[0.800744] (-) TimerEvent: {}
[0.809465] (vk_ros2_driver) StdoutLine: {'line': b'-- Using all available rosidl_typesupport_cpp: rosidl_typesupport_fastrtps_cpp;rosidl_typesupport_introspection_cpp\n'}
[0.844620] (vk_ros2_driver) StdoutLine: {'line': b'-- Found rmw_implementation_cmake: 6.1.2 (/opt/ros/humble/share/rmw_implementation_cmake/cmake)\n'}
[0.847039] (vk_ros2_driver) StdoutLine: {'line': b'-- Found rmw_fastrtps_cpp: 6.2.9 (/opt/ros/humble/share/rmw_fastrtps_cpp/cmake)\n'}
[0.900885] (-) TimerEvent: {}
[0.926232] (vk_ros2_driver) StdoutLine: {'line': b'-- Found OpenSSL: /usr/lib/x86_64-linux-gnu/libcrypto.so (found version "3.0.2")  \n'}
[0.949311] (vk_ros2_driver) StdoutLine: {'line': b'-- Found FastRTPS: /opt/ros/humble/include  \n'}
[0.987951] (vk_ros2_driver) StdoutLine: {'line': b"-- Using RMW implementation 'rmw_fastrtps_cpp' as default\n"}
[0.994575] (vk_ros2_driver) StdoutLine: {'line': b'-- Looking for pthread.h\n'}
[1.001037] (-) TimerEvent: {}
[1.066412] (vk_ros2_driver) StdoutLine: {'line': b'-- Looking for pthread.h - found\n'}
[1.066845] (vk_ros2_driver) StdoutLine: {'line': b'-- Performing Test CMAKE_HAVE_LIBC_PTHREAD\n'}
[1.101211] (-) TimerEvent: {}
[1.131725] (vk_ros2_driver) StdoutLine: {'line': b'-- Performing Test CMAKE_HAVE_LIBC_PTHREAD - Success\n'}
[1.133127] (vk_ros2_driver) StdoutLine: {'line': b'-- Found Threads: TRUE  \n'}
[1.174383] (vk_ros2_driver) StdoutLine: {'line': b'-- Found rclcpp_components: 16.0.16 (/opt/ros/humble/share/rclcpp_components/cmake)\n'}
[1.201323] (-) TimerEvent: {}
[1.202225] (vk_ros2_driver) StdoutLine: {'line': b'-- Found geometry_msgs: 4.9.0 (/opt/ros/humble/share/geometry_msgs/cmake)\n'}
[1.212794] (vk_ros2_driver) StdoutLine: {'line': b'-- Found nav_msgs: 4.9.0 (/opt/ros/humble/share/nav_msgs/cmake)\n'}
[1.225702] (vk_ros2_driver) StdoutLine: {'line': b'-- Found sensor_msgs: 4.9.0 (/opt/ros/humble/share/sensor_msgs/cmake)\n'}
[1.241144] (vk_ros2_driver) StdoutLine: {'line': b'-- Found tf2: 0.25.17 (/opt/ros/humble/share/tf2/cmake)\n'}
[1.244889] (vk_ros2_driver) StdoutLine: {'line': b'-- Found tf2_ros: 0.25.17 (/opt/ros/humble/share/tf2_ros/cmake)\n'}
[1.301040] (vk_ros2_driver) StdoutLine: {'line': b'-- Found tf2_geometry_msgs: 0.25.17 (/opt/ros/humble/share/tf2_geometry_msgs/cmake)\n'}
[1.301332] (-) TimerEvent: {}
[1.316310] (vk_ros2_driver) StdoutLine: {'line': b'-- Found eigen3_cmake_module: 0.1.1 (/opt/ros/humble/share/eigen3_cmake_module/cmake)\n'}
[1.317892] (vk_ros2_driver) StdoutLine: {'line': b'-- Found Eigen3: TRUE (found version "3.4.0") \n'}
[1.318109] (vk_ros2_driver) StdoutLine: {'line': b'-- Ensuring Eigen3 include directory is part of orocos-kdl CMake target\n'}
[1.320764] (vk_ros2_driver) StdoutLine: {'line': b'-- Found cv_bridge: 3.2.1 (/opt/ros/humble/share/cv_bridge/cmake)\n'}
[1.331105] (vk_ros2_driver) StdoutLine: {'line': b'-- Found image_transport: 3.1.12 (/opt/ros/humble/share/image_transport/cmake)\n'}
[1.347709] (vk_ros2_driver) StdoutLine: {'line': b'-- Found OpenCV: /usr (found version "4.5.4") \n'}
[1.349663] (vk_ros2_driver) StdoutLine: {'line': b'-- Found stereo_msgs: 4.9.0 (/opt/ros/humble/share/stereo_msgs/cmake)\n'}
[1.361754] (vk_ros2_driver) StdoutLine: {'line': b'-- Found nlohmann_json: /usr/lib/cmake/nlohmann_json/nlohmann_jsonConfig.cmake (found version "3.10.5") \n'}
[1.401496] (-) TimerEvent: {}
[1.435299] (vk_ros2_driver) StdoutLine: {'line': b'-- Configuring done\n'}
[1.447943] (vk_ros2_driver) StdoutLine: {'line': b'-- Generating done\n'}
[1.454401] (vk_ros2_driver) StdoutLine: {'line': b'-- Build files have been written to: /home/li/vk_ros2_ws/build/vk_ros2_driver\n'}
[1.463518] (vk_ros2_driver) CommandEnded: {'returncode': 0}
[1.464399] (vk_ros2_driver) JobProgress: {'identifier': 'vk_ros2_driver', 'progress': 'build'}
[1.465328] (vk_ros2_driver) Command: {'cmd': ['/usr/bin/cmake', '--build', '/home/li/vk_ros2_ws/build/vk_ros2_driver', '--', '-j20', '-l20'], 'cwd': '/home/li/vk_ros2_ws/build/vk_ros2_driver', 'env': OrderedDict([('GJS_DEBUG_TOPICS', 'JS ERROR;JS LOG'), ('PYTHON_BASIC_REPL', '1'), ('LESSOPEN', '| /usr/bin/lesspipe %s'), ('LANGUAGE', 'zh_CN:zh'), ('USER', 'li'), ('XDG_SESSION_TYPE', 'x11'), ('GIT_ASKPASS', '/usr/share/code/resources/app/extensions/git/dist/askpass.sh'), ('SHLVL', '1'), ('LD_LIBRARY_PATH', '/opt/ros/humble/opt/rviz_ogre_vendor/lib:/opt/ros/humble/lib/x86_64-linux-gnu:/opt/ros/humble/lib'), ('HOME', '/home/li'), ('CHROME_DESKTOP', 'code.desktop'), ('CONDA_SHLVL', '0'), ('TERM_PROGRAM_VERSION', '1.106.2'), ('DESKTOP_SESSION', 'ubuntu-xorg'), ('GIO_LAUNCHED_DESKTOP_FILE', '/usr/share/applications/code.desktop'), ('ROS_PYTHON_VERSION', '3'), ('GNOME_SHELL_SESSION_MODE', 'ubuntu'), ('GTK_MODULES', 'gail:atk-bridge'), ('VSCODE_GIT_ASKPASS_MAIN', '/usr/share/code/resources/app/extensions/git/dist/askpass-main.js'), ('VSCODE_GIT_ASKPASS_NODE', '/usr/share/code/code'), ('MANAGERPID', '1901'), ('PYDEVD_DISABLE_FILE_VALIDATION', '1'), ('SYSTEMD_EXEC_PID', '2228'), ('BUNDLED_DEBUGPY_PATH', '/home/li/.vscode/extensions/ms-python.debugpy-2025.16.0/bundled/libs/debugpy'), ('VSCODE_PYTHON_AUTOACTIVATE_GUARD', '1'), ('DBUS_SESSION_BUS_ADDRESS', 'unix:path=/run/user/1000/bus'), ('COLORTERM', 'truecolor'), ('_CE_M', ''), ('_CONDA_ROOT', '/home/li/miniconda3'), ('GIO_LAUNCHED_DESKTOP_FILE_PID', '12666'), ('https_proxy', 'http://127.0.0.1:7890'), ('ROS_DISTRO', 'humble'), ('GTK_IM_MODULE', 'ibus'), ('LOGNAME', 'li'), ('http_proxy', 'http://127.0.0.1:7890'), ('JOURNAL_STREAM', '8:26625'), ('_', '/usr/bin/colcon'), ('ROS_VERSION', '2'), ('XDG_SESSION_CLASS', 'user'), ('USERNAME', 'li'), ('TERM', 'xterm-256color'), ('GNOME_DESKTOP_SESSION_ID', 'this-is-deprecated'), ('_CE_CONDA', ''), ('ROS_LOCALHOST_ONLY', '0'), ('WINDOWPATH', '2'), ('PATH', '/opt/vk_pointcloud/bin:/home/li/.local/bin:/opt/vilota/bin:/home/li/.local/bin:/opt/vk_pointcloud/bin:/opt/ros/humble/bin:/home/li/miniconda3/condabin:/home/li/.local/bin:/opt/vilota/bin:/home/li/.local/bin:/usr/local/sbin:/usr/local/bin:/usr/sbin:/usr/bin:/sbin:/bin:/usr/games:/usr/local/games:/snap/bin:/snap/bin:/opt/vk_pointcloud/bin:/home/li/.vscode/extensions/ms-python.debugpy-2025.16.0/bundled/scripts/noConfigScripts:/opt/vk_pointcloud/bin'), ('SESSION_MANAGER', 'local/li-ASUS-TUF-Gaming-F15-FX507VV-FX507VV:@/tmp/.ICE-unix/2201,unix/li-ASUS-TUF-Gaming-F15-FX507VV-FX507VV:/tmp/.ICE-unix/2201'), ('INVOCATION_ID', '278d91606995466e839d4e1a76578060'), ('XDG_MENU_PREFIX', 'gnome-'), ('XDG_RUNTIME_DIR', '/run/user/1000'), ('GDK_BACKEND', 'x11'), ('DISPLAY', ':0'), ('VSCODE_DEBUGPY_ADAPTER_ENDPOINTS', '/home/li/.vscode/extensions/ms-python.debugpy-2025.16.0/.noConfigDebugAdapterEndpoints/endpoint-e986fa5c1f62803e.txt'), ('LANG', 'zh_CN.UTF-8'), ('XDG_CURRENT_DESKTOP', 'Unity'), ('PYTHONSTARTUP', '/home/li/.config/Code/User/workspaceStorage/a627f49ee5c917c4a3a6bda4429f68a0/ms-python.python/pythonrc.py'), ('XMODIFIERS', '@im=ibus'), ('XDG_SESSION_DESKTOP', 'ubuntu-xorg'), ('XAUTHORITY', '/run/user/1000/gdm/Xauthority'), ('LS_COLORS', 'rs=0:di=01;34:ln=01;36:mh=00:pi=40;33:so=01;35:do=01;35:bd=40;33;01:cd=40;33;01:or=40;31;01:mi=00:su=37;41:sg=30;43:ca=30;41:tw=30;42:ow=34;42:st=37;44:ex=01;32:*.tar=01;31:*.tgz=01;31:*.arc=01;31:*.arj=01;31:*.taz=01;31:*.lha=01;31:*.lz4=01;31:*.lzh=01;31:*.lzma=01;31:*.tlz=01;31:*.txz=01;31:*.tzo=01;31:*.t7z=01;31:*.zip=01;31:*.z=01;31:*.dz=01;31:*.gz=01;31:*.lrz=01;31:*.lz=01;31:*.lzo=01;31:*.xz=01;31:*.zst=01;31:*.tzst=01;31:*.bz2=01;31:*.bz=01;31:*.tbz=01;31:*.tbz2=01;31:*.tz=01;31:*.deb=01;31:*.rpm=01;31:*.jar=01;31:*.war=01;31:*.ear=01;31:*.sar=01;31:*.rar=01;31:*.alz=01;31:*.ace=01;31:*.zoo=01;31:*.cpio=01;31:*.7z=01;31:*.rz=01;31:*.cab=01;31:*.wim=01;31:*.swm=01;31:*.dwm=01;31:*.esd=01;31:*.jpg=01;35:*.jpeg=01;35:*.mjpg=01;35:*.mjpeg=01;35:*.gif=01;35:*.bmp=01;35:*.pbm=01;35:*.pgm=01;35:*.ppm=01;35:*.tga=01;35:*.xbm=01;35:*.xpm=01;35:*.tif=01;35:*.tiff=01;35:*.png=01;35:*.svg=01;35:*.svgz=01;35:*.mng=01;35:*.pcx=01;35:*.mov=01;35:*.mpg=01;35:*.mpeg=01;35:*.m2v=01;35:*.mkv=01;35:*.webm=01;35:*.webp=01;35:*.ogm=01;35:*.mp4=01;35:*.m4v=01;35:*.mp4v=01;35:*.vob=01;35:*.qt=01;35:*.nuv=01;35:*.wmv=01;35:*.asf=01;35:*.rm=01;35:*.rmvb=01;35:*.flc=01;35:*.avi=01;35:*.fli=01;35:*.flv=01;35:*.gl=01;35:*.dl=01;35:*.xcf=01;35:*.xwd=01;35:*.yuv=01;35:*.cgm=01;35:*.emf=01;35:*.ogv=01;35:*.ogx=01;35:*.aac=00;36:*.au=00;36:*.flac=00;36:*.m4a=00;36:*.mid=00;36:*.midi=00;36:*.mka=00;36:*.mp3=00;36:*.mpc=00;36:*.ogg=00;36:*.ra=00;36:*.wav=00;36:*.oga=00;36:*.opus=00;36:*.spx=00;36:*.xspf=00;36:'), ('VSCODE_GIT_IPC_HANDLE', '/run/user/1000/vscode-git-dfb16e76cc.sock'), ('TERM_PROGRAM', 'vscode'), ('SSH_AGENT_LAUNCHER', 'gnome-keyring'), ('SSH_AUTH_SOCK', '/run/user/1000/keyring/ssh'), ('AMENT_PREFIX_PATH', '/opt/ros/humble'), ('CONDA_PYTHON_EXE', '/home/li/miniconda3/bin/python'), ('ORIGINAL_XDG_CURRENT_DESKTOP', 'ubuntu:GNOME'), ('SHELL', '/bin/bash'), ('QT_ACCESSIBILITY', '1'), ('GDMSESSION', 'ubuntu-xorg'), ('LESSCLOSE', '/usr/bin/lesspipe %s %s'), ('GPG_AGENT_INFO', '/run/user/1000/gnupg/S.gpg-agent:0:1'), ('GJS_DEBUG_OUTPUT', 'stderr'), ('_CONDA_EXE', '/home/li/miniconda3/bin/conda'), ('VSCODE_GIT_ASKPASS_EXTRA_ARGS', ''), ('QT_IM_MODULE', 'ibus'), ('PWD', '/home/li/vk_ros2_ws/build/vk_ros2_driver'), ('XDG_CONFIG_DIRS', '/etc/xdg/xdg-ubuntu-xorg:/etc/xdg'), ('CONDA_EXE', '/home/li/miniconda3/bin/conda'), ('XDG_DATA_DIRS', '/usr/share/ubuntu-xorg:/usr/share/gnome:/usr/local/share/:/usr/share/:/var/lib/snapd/desktop'), ('PYTHONPATH', '/opt/ros/humble/lib/python3.10/site-packages:/opt/ros/humble/local/lib/python3.10/dist-packages'), ('COLCON', '1'), ('CMAKE_PREFIX_PATH', '/opt/ros/humble')]), 'shell': False}
[1.501676] (-) TimerEvent: {}
[1.509276] (vk_ros2_driver) StdoutLine: {'line': b'[ 25%] \x1b[32mBuilding CXX object CMakeFiles/vk_ros2_driver_node.dir/rclcpp_components/node_main_vk_ros2_driver_node.cpp.o\x1b[0m\n'}
[1.509541] (vk_ros2_driver) StdoutLine: {'line': b'[ 50%] \x1b[32mBuilding CXX object CMakeFiles/vk_ros2_driver.dir/src/vk_ros2_driver.cpp.o\x1b[0m\n'}
[1.601761] (-) TimerEvent: {}
[1.702154] (-) TimerEvent: {}
[1.802398] (-) TimerEvent: {}
[1.902702] (-) TimerEvent: {}
[2.003009] (-) TimerEvent: {}
[2.103308] (-) TimerEvent: {}
[2.203606] (-) TimerEvent: {}
[2.304051] (-) TimerEvent: {}
[2.404444] (-) TimerEvent: {}
[2.504813] (-) TimerEvent: {}
[2.605123] (-) TimerEvent: {}
[2.705395] (-) TimerEvent: {}
[2.805748] (-) TimerEvent: {}
[2.905967] (-) TimerEvent: {}
[3.006255] (-) TimerEvent: {}
[3.106502] (-) TimerEvent: {}
[3.206922] (-) TimerEvent: {}
[3.307165] (-) TimerEvent: {}
[3.407521] (-) TimerEvent: {}
[3.507875] (-) TimerEvent: {}
[3.608118] (-) TimerEvent: {}
[3.708386] (-) TimerEvent: {}
[3.808654] (-) TimerEvent: {}
[3.878925] (vk_ros2_driver) StdoutLine: {'line': b'[ 75%] \x1b[32m\x1b[1mLinking CXX executable vk_ros2_driver_node\x1b[0m\n'}
[3.908785] (-) TimerEvent: {}
[3.990145] (vk_ros2_driver) StdoutLine: {'line': b'[ 75%] Built target vk_ros2_driver_node\n'}
[4.008924] (-) TimerEvent: {}
[4.109159] (-) TimerEvent: {}
[4.209385] (-) TimerEvent: {}
[4.309622] (-) TimerEvent: {}
[4.409899] (-) TimerEvent: {}
[4.510173] (-) TimerEvent: {}
[4.610543] (-) TimerEvent: {}
[4.710887] (-) TimerEvent: {}
[4.811133] (-) TimerEvent: {}
[4.911413] (-) TimerEvent: {}
[4.968078] (vk_ros2_driver) StderrLine: {'line': b'\x1b[01m\x1b[K/home/li/vk_ros2_ws/src/vk_ros2_driver/src/vk_ros2_driver.cpp:\x1b[m\x1b[K In constructor \xe2\x80\x98\x1b[01m\x1b[Kvkc::VkRos2Driver::VkRos2Driver(const rclcpp::NodeOptions&)\x1b[m\x1b[K\xe2\x80\x99:\n'}
[4.968239] (vk_ros2_driver) StderrLine: {'line': b'\x1b[01m\x1b[K/home/li/vk_ros2_ws/src/vk_ros2_driver/src/vk_ros2_driver.cpp:528:40:\x1b[m\x1b[K \x1b[01;31m\x1b[Kerror: \x1b[m\x1b[Kno matching function for call to \xe2\x80\x98\x1b[01m\x1b[Kimage_transport::ImageTransport::advertise(const std::__cxx11::basic_string<char>&, int, const rmw_qos_profile_t&)\x1b[m\x1b[K\xe2\x80\x99\n'}
[4.968285] (vk_ros2_driver) StderrLine: {'line': b'  528 |         img_pub_[topic] = \x1b[01;31m\x1b[Kit_.advertise(topic, 1, rmw_qos_profile_sensor_data)\x1b[m\x1b[K;\n'}
[4.968323] (vk_ros2_driver) StderrLine: {'line': b'      |                           \x1b[01;31m\x1b[K~~~~~~~~~~~~~^~~~~~~~~~~~~~~~~~~~~~~~~~~~~~~~~~~~~~~\x1b[m\x1b[K\n'}
[4.968354] (vk_ros2_driver) StderrLine: {'line': b'In file included from \x1b[01m\x1b[K/home/li/vk_ros2_ws/src/vk_ros2_driver/include/vk_ros2_driver/vk_ros2_driver.hpp:16\x1b[m\x1b[K,\n'}
[4.968387] (vk_ros2_driver) StderrLine: {'line': b'                 from \x1b[01m\x1b[K/home/li/vk_ros2_ws/src/vk_ros2_driver/src/vk_ros2_driver.cpp:1\x1b[m\x1b[K:\n'}
[4.968420] (vk_ros2_driver) StderrLine: {'line': b'\x1b[01m\x1b[K/opt/ros/humble/include/image_transport/image_transport/image_transport.hpp:120:13:\x1b[m\x1b[K \x1b[01;36m\x1b[Knote: \x1b[m\x1b[Kcandidate: \xe2\x80\x98\x1b[01m\x1b[Kimage_transport::Publisher image_transport::ImageTransport::advertise(const string&, uint32_t, bool)\x1b[m\x1b[K\xe2\x80\x99\n'}
[4.968453] (vk_ros2_driver) StderrLine: {'line': b'  120 |   Publisher \x1b[01;36m\x1b[Kadvertise\x1b[m\x1b[K(const std::string & base_topic, uint32_t queue_size, bool latch = false);\n'}
[4.968483] (vk_ros2_driver) StderrLine: {'line': b'      |             \x1b[01;36m\x1b[K^~~~~~~~~\x1b[m\x1b[K\n'}
[4.968512] (vk_ros2_driver) StderrLine: {'line': b'\x1b[01m\x1b[K/opt/ros/humble/include/image_transport/image_transport/image_transport.hpp:120:81:\x1b[m\x1b[K \x1b[01;36m\x1b[Knote: \x1b[m\x1b[K  no known conversion for argument 3 from \xe2\x80\x98\x1b[01m\x1b[Kconst rmw_qos_profile_t\x1b[m\x1b[K\xe2\x80\x99 {aka \xe2\x80\x98\x1b[01m\x1b[Kconst rmw_qos_profile_s\x1b[m\x1b[K\xe2\x80\x99} to \xe2\x80\x98\x1b[01m\x1b[Kbool\x1b[m\x1b[K\xe2\x80\x99\n'}
[4.968545] (vk_ros2_driver) StderrLine: {'line': b'  120 |   Publisher advertise(const std::string & base_topic, uint32_t queue_size, \x1b[01;36m\x1b[Kbool latch = false\x1b[m\x1b[K);\n'}
[4.968575] (vk_ros2_driver) StderrLine: {'line': b'      |                                                                            \x1b[01;36m\x1b[K~~~~~^~~~~~~~~~~~~\x1b[m\x1b[K\n'}
[4.968603] (vk_ros2_driver) StderrLine: {'line': b'\x1b[01m\x1b[K/opt/ros/humble/include/image_transport/image_transport/image_transport.hpp:126:13:\x1b[m\x1b[K \x1b[01;36m\x1b[Knote: \x1b[m\x1b[Kcandidate: \xe2\x80\x98\x1b[01m\x1b[Kimage_transport::Publisher image_transport::ImageTransport::advertise(const string&, rmw_qos_profile_t, bool)\x1b[m\x1b[K\xe2\x80\x99\n'}
[4.968632] (vk_ros2_driver) StderrLine: {'line': b'  126 |   Publisher \x1b[01;36m\x1b[Kadvertise\x1b[m\x1b[K(\n'}
[4.968660] (vk_ros2_driver) StderrLine: {'line': b'      |             \x1b[01;36m\x1b[K^~~~~~~~~\x1b[m\x1b[K\n'}
[4.968688] (vk_ros2_driver) StderrLine: {'line': b'\x1b[01m\x1b[K/opt/ros/humble/include/image_transport/image_transport/image_transport.hpp:127:55:\x1b[m\x1b[K \x1b[01;36m\x1b[Knote: \x1b[m\x1b[K  no known conversion for argument 2 from \xe2\x80\x98\x1b[01m\x1b[Kint\x1b[m\x1b[K\xe2\x80\x99 to \xe2\x80\x98\x1b[01m\x1b[Krmw_qos_profile_t\x1b[m\x1b[K\xe2\x80\x99 {aka \xe2\x80\x98\x1b[01m\x1b[Krmw_qos_profile_s\x1b[m\x1b[K\xe2\x80\x99}\n'}
[4.968718] (vk_ros2_driver) StderrLine: {'line': b'  127 |     const std::string & base_topic, \x1b[01;36m\x1b[Krmw_qos_profile_t custom_qos\x1b[m\x1b[K,\n'}
[4.968747] (vk_ros2_driver) StderrLine: {'line': b'      |                                     \x1b[01;36m\x1b[K~~~~~~~~~~~~~~~~~~^~~~~~~~~~\x1b[m\x1b[K\n'}
[4.974804] (vk_ros2_driver) StderrLine: {'line': b'\x1b[01m\x1b[K/home/li/vk_ros2_ws/src/vk_ros2_driver/src/vk_ros2_driver.cpp:548:41:\x1b[m\x1b[K \x1b[01;31m\x1b[Kerror: \x1b[m\x1b[Kno matching function for call to \xe2\x80\x98\x1b[01m\x1b[Kimage_transport::ImageTransport::advertise(std::string&, int, const rmw_qos_profile_t&)\x1b[m\x1b[K\xe2\x80\x99\n'}
[4.975001] (vk_ros2_driver) StderrLine: {'line': b'  548 |         disp_pub_[topic] = \x1b[01;31m\x1b[Kit_.advertise(depth_topic, 1, rmw_qos_profile_sensor_data)\x1b[m\x1b[K;\n'}
[4.975094] (vk_ros2_driver) StderrLine: {'line': b'      |                            \x1b[01;31m\x1b[K~~~~~~~~~~~~~^~~~~~~~~~~~~~~~~~~~~~~~~~~~~~~~~~~~~~~~~~~~~\x1b[m\x1b[K\n'}
[4.975189] (vk_ros2_driver) StderrLine: {'line': b'In file included from \x1b[01m\x1b[K/home/li/vk_ros2_ws/src/vk_ros2_driver/include/vk_ros2_driver/vk_ros2_driver.hpp:16\x1b[m\x1b[K,\n'}
[4.975270] (vk_ros2_driver) StderrLine: {'line': b'                 from \x1b[01m\x1b[K/home/li/vk_ros2_ws/src/vk_ros2_driver/src/vk_ros2_driver.cpp:1\x1b[m\x1b[K:\n'}
[4.975349] (vk_ros2_driver) StderrLine: {'line': b'\x1b[01m\x1b[K/opt/ros/humble/include/image_transport/image_transport/image_transport.hpp:120:13:\x1b[m\x1b[K \x1b[01;36m\x1b[Knote: \x1b[m\x1b[Kcandidate: \xe2\x80\x98\x1b[01m\x1b[Kimage_transport::Publisher image_transport::ImageTransport::advertise(const string&, uint32_t, bool)\x1b[m\x1b[K\xe2\x80\x99\n'}
[4.975432] (vk_ros2_driver) StderrLine: {'line': b'  120 |   Publisher \x1b[01;36m\x1b[Kadvertise\x1b[m\x1b[K(const std::string & base_topic, uint32_t queue_size, bool latch = false);\n'}
[4.975517] (vk_ros2_driver) StderrLine: {'line': b'      |             \x1b[01;36m\x1b[K^~~~~~~~~\x1b[m\x1b[K\n'}
[4.975595] (vk_ros2_driver) StderrLine: {'line': b'\x1b[01m\x1b[K/opt/ros/humble/include/image_transport/image_transport/image_transport.hpp:120:81:\x1b[m\x1b[K \x1b[01;36m\x1b[Knote: \x1b[m\x1b[K  no known conversion for argument 3 from \xe2\x80\x98\x1b[01m\x1b[Kconst rmw_qos_profile_t\x1b[m\x1b[K\xe2\x80\x99 {aka \xe2\x80\x98\x1b[01m\x1b[Kconst rmw_qos_profile_s\x1b[m\x1b[K\xe2\x80\x99} to \xe2\x80\x98\x1b[01m\x1b[Kbool\x1b[m\x1b[K\xe2\x80\x99\n'}
[4.975678] (vk_ros2_driver) StderrLine: {'line': b'  120 |   Publisher advertise(const std::string & base_topic, uint32_t queue_size, \x1b[01;36m\x1b[Kbool latch = false\x1b[m\x1b[K);\n'}
[4.975762] (vk_ros2_driver) StderrLine: {'line': b'      |                                                                            \x1b[01;36m\x1b[K~~~~~^~~~~~~~~~~~~\x1b[m\x1b[K\n'}
[4.975841] (vk_ros2_driver) StderrLine: {'line': b'\x1b[01m\x1b[K/opt/ros/humble/include/image_transport/image_transport/image_transport.hpp:126:13:\x1b[m\x1b[K \x1b[01;36m\x1b[Knote: \x1b[m\x1b[Kcandidate: \xe2\x80\x98\x1b[01m\x1b[Kimage_transport::Publisher image_transport::ImageTransport::advertise(const string&, rmw_qos_profile_t, bool)\x1b[m\x1b[K\xe2\x80\x99\n'}
[4.975928] (vk_ros2_driver) StderrLine: {'line': b'  126 |   Publisher \x1b[01;36m\x1b[Kadvertise\x1b[m\x1b[K(\n'}
[4.976015] (vk_ros2_driver) StderrLine: {'line': b'      |             \x1b[01;36m\x1b[K^~~~~~~~~\x1b[m\x1b[K\n'}
[4.976092] (vk_ros2_driver) StderrLine: {'line': b'\x1b[01m\x1b[K/opt/ros/humble/include/image_transport/image_transport/image_transport.hpp:127:55:\x1b[m\x1b[K \x1b[01;36m\x1b[Knote: \x1b[m\x1b[K  no known conversion for argument 2 from \xe2\x80\x98\x1b[01m\x1b[Kint\x1b[m\x1b[K\xe2\x80\x99 to \xe2\x80\x98\x1b[01m\x1b[Krmw_qos_profile_t\x1b[m\x1b[K\xe2\x80\x99 {aka \xe2\x80\x98\x1b[01m\x1b[Krmw_qos_profile_s\x1b[m\x1b[K\xe2\x80\x99}\n'}
[4.976170] (vk_ros2_driver) StderrLine: {'line': b'  127 |     const std::string & base_topic, \x1b[01;36m\x1b[Krmw_qos_profile_t custom_qos\x1b[m\x1b[K,\n'}
[4.976254] (vk_ros2_driver) StderrLine: {'line': b'      |                                     \x1b[01;36m\x1b[K~~~~~~~~~~~~~~~~~~^~~~~~~~~~\x1b[m\x1b[K\n'}
[5.011628] (-) TimerEvent: {}
[5.111897] (-) TimerEvent: {}
[5.212135] (-) TimerEvent: {}
[5.312377] (-) TimerEvent: {}
[5.412660] (-) TimerEvent: {}
[5.513066] (-) TimerEvent: {}
[5.613413] (-) TimerEvent: {}
[5.713854] (-) TimerEvent: {}
[5.814296] (-) TimerEvent: {}
[5.914588] (-) TimerEvent: {}
[6.014944] (-) TimerEvent: {}
[6.115282] (-) TimerEvent: {}
[6.215563] (-) TimerEvent: {}
[6.315926] (-) TimerEvent: {}
[6.416168] (-) TimerEvent: {}
[6.516437] (-) TimerEvent: {}
[6.616711] (-) TimerEvent: {}
[6.717085] (-) TimerEvent: {}
[6.817329] (-) TimerEvent: {}
[6.917677] (-) TimerEvent: {}
[6.981630] (vk_ros2_driver) StderrLine: {'line': b'gmake[2]: *** [CMakeFiles/vk_ros2_driver.dir/build.make:76\xef\xbc\x9aCMakeFiles/vk_ros2_driver.dir/src/vk_ros2_driver.cpp.o] \xe9\x94\x99\xe8\xaf\xaf 1\n'}
[6.981940] (vk_ros2_driver) StderrLine: {'line': b'gmake[1]: *** [CMakeFiles/Makefile2:139\xef\xbc\x9aCMakeFiles/vk_ros2_driver.dir/all] \xe9\x94\x99\xe8\xaf\xaf 2\n'}
[6.982211] (vk_ros2_driver) StderrLine: {'line': b'gmake: *** [Makefile:146\xef\xbc\x9aall] \xe9\x94\x99\xe8\xaf\xaf 2\n'}
[6.984295] (vk_ros2_driver) CommandEnded: {'returncode': 2}
[6.993815] (vk_ros2_driver) JobEnded: {'identifier': 'vk_ros2_driver', 'rc': 2}
[7.004487] (-) EventReactorShutdown: {}
