[01m[K/home/li/vk_ros2_ws/src/vk_ros2_driver/src/vk_ros2_driver.cpp:[m[K In constructor â€˜[01m[Kvkc::VkRos2Driver::VkRos2Driver(const rclcpp::NodeOptions&)[m[Kâ€™:
[01m[K/home/li/vk_ros2_ws/src/vk_ros2_driver/src/vk_ros2_driver.cpp:524:103:[m[K [01;31m[Kerror: [m[Kâ€˜[01m[Ksensor_qos[m[Kâ€™ was not declared in this scope; did you mean â€˜[01m[Ksensor_msgs[m[Kâ€™?
  524 | _pub_[topic] = this->create_publisher<sensor_msgs::msg::CameraInfo>(topic + "/camera_info", [01;31m[Ksensor_qos[m[K);
      |                                                                                             [01;31m[K^~~~~~~~~~[m[K
      |                                                                                             [32m[Ksensor_msgs[m[K
gmake[2]: *** [CMakeFiles/vk_ros2_driver.dir/build.make:76ï¼šCMakeFiles/vk_ros2_driver.dir/src/vk_ros2_driver.cpp.o] é”™è¯¯ 1
gmake[1]: *** [CMakeFiles/Makefile2:139ï¼šCMakeFiles/vk_ros2_driver.dir/all] é”™è¯¯ 2
gmake: *** [Makefile:146ï¼šall] é”™è¯¯ 2
