[0.000000] (-) TimerEvent: {}
[0.000337] (vk_ros2_driver) JobQueued: {'identifier': 'vk_ros2_driver', 'dependencies': OrderedDict()}
[0.000375] (vk_ros2_driver) JobStarted: {'identifier': 'vk_ros2_driver'}
[0.009303] (vk_ros2_driver) JobProgress: {'identifier': 'vk_ros2_driver', 'progress': 'cmake'}
[0.009619] (vk_ros2_driver) Command: {'cmd': ['/usr/bin/cmake', '/home/li/vk_ros2_ws/src/vk_ros2_driver', '-DCMAKE_BUILD_TYPE=Release', '-DAMENT_CMAKE_SYMLINK_INSTALL=1', '-DCMAKE_INSTALL_PREFIX=/home/li/vk_ros2_ws/install/vk_ros2_driver'], 'cwd': '/home/li/vk_ros2_ws/build/vk_ros2_driver', 'env': OrderedDict([('GJS_DEBUG_TOPICS', 'JS ERROR;JS LOG'), ('PYTHON_BASIC_REPL', '1'), ('LESSOPEN', '| /usr/bin/lesspipe %s'), ('LANGUAGE', 'zh_CN:zh'), ('USER', 'li'), ('XDG_SESSION_TYPE', 'x11'), ('GIT_ASKPASS', '/usr/share/code/resources/app/extensions/git/dist/askpass.sh'), ('SHLVL', '1'), ('LD_LIBRARY_PATH', '/home/li/vk_ros2_ws/install/vk_ros2_driver/lib:/opt/ros/humble/opt/rviz_ogre_vendor/lib:/opt/ros/humble/lib/x86_64-linux-gnu:/opt/ros/humble/lib'), ('HOME', '/home/li'), ('CHROME_DESKTOP', 'code.desktop'), ('CONDA_SHLVL', '0'), ('OLDPWD', '/home/li/vk_ros2_ws'), ('TERM_PROGRAM_VERSION', '1.106.2'), ('DESKTOP_SESSION', 'ubuntu-xorg'), ('GIO_LAUNCHED_DESKTOP_FILE', '/usr/share/applications/code.desktop'), ('ROS_PYTHON_VERSION', '3'), ('GNOME_SHELL_SESSION_MODE', 'ubuntu'), ('GTK_MODULES', 'gail:atk-bridge'), ('VSCODE_GIT_ASKPASS_MAIN', '/usr/share/code/resources/app/extensions/git/dist/askpass-main.js'), ('VSCODE_GIT_ASKPASS_NODE', '/usr/share/code/code'), ('MANAGERPID', '1901'), ('PYDEVD_DISABLE_FILE_VALIDATION', '1'), ('SYSTEMD_EXEC_PID', '2228'), ('BUNDLED_DEBUGPY_PATH', '/home/li/.vscode/extensions/ms-python.debugpy-2025.16.0/bundled/libs/debugpy'), ('VSCODE_PYTHON_AUTOACTIVATE_GUARD', '1'), ('DBUS_SESSION_BUS_ADDRESS', 'unix:path=/run/user/1000/bus'), ('COLORTERM', 'truecolor'), ('_CE_M', ''), ('_CONDA_ROOT', '/home/li/miniconda3'), ('GIO_LAUNCHED_DESKTOP_FILE_PID', '6007'), ('https_proxy', 'http://127.0.0.1:7890'), ('COLCON_PREFIX_PATH', '/home/li/vk_ros2_ws/install'), ('ROS_DISTRO', 'humble'), ('GTK_IM_MODULE', 'ibus'), ('LOGNAME', 'li'), ('http_proxy', 'http://127.0.0.1:7890'), ('JOURNAL_STREAM', '8:26625'), ('_', '/usr/bin/colcon'), ('ROS_VERSION', '2'), ('XDG_SESSION_CLASS', 'user'), ('USERNAME', 'li'), ('TERM', 'xterm-256color'), ('GNOME_DESKTOP_SESSION_ID', 'this-is-deprecated'), ('_CE_CONDA', ''), ('ROS_LOCALHOST_ONLY', '0'), ('WINDOWPATH', '2'), ('PATH', '/opt/vk_pointcloud/bin:/home/li/.local/bin:/opt/vilota/bin:/home/li/.local/bin:/opt/vk_pointcloud/bin:/opt/ros/humble/bin:/home/li/miniconda3/condabin:/home/li/.local/bin:/opt/vilota/bin:/home/li/.local/bin:/usr/local/sbin:/usr/local/bin:/usr/sbin:/usr/bin:/sbin:/bin:/usr/games:/usr/local/games:/snap/bin:/snap/bin:/opt/vk_pointcloud/bin:/home/li/.vscode/extensions/ms-python.debugpy-2025.16.0/bundled/scripts/noConfigScripts:/opt/vk_pointcloud/bin'), ('SESSION_MANAGER', 'local/li-ASUS-TUF-Gaming-F15-FX507VV-FX507VV:@/tmp/.ICE-unix/2201,unix/li-ASUS-TUF-Gaming-F15-FX507VV-FX507VV:/tmp/.ICE-unix/2201'), ('INVOCATION_ID', '278d91606995466e839d4e1a76578060'), ('XDG_MENU_PREFIX', 'gnome-'), ('XDG_RUNTIME_DIR', '/run/user/1000'), ('GDK_BACKEND', 'x11'), ('DISPLAY', ':0'), ('VSCODE_DEBUGPY_ADAPTER_ENDPOINTS', '/home/li/.vscode/extensions/ms-python.debugpy-2025.16.0/.noConfigDebugAdapterEndpoints/endpoint-e986fa5c1f62803e.txt'), ('LANG', 'zh_CN.UTF-8'), ('XDG_CURRENT_DESKTOP', 'Unity'), ('PYTHONSTARTUP', '/home/li/.config/Code/User/workspaceStorage/a627f49ee5c917c4a3a6bda4429f68a0/ms-python.python/pythonrc.py'), ('XMODIFIERS', '@im=ibus'), ('XDG_SESSION_DESKTOP', 'ubuntu-xorg'), ('XAUTHORITY', '/run/user/1000/gdm/Xauthority'), ('LS_COLORS', 'rs=0:di=01;34:ln=01;36:mh=00:pi=40;33:so=01;35:do=01;35:bd=40;33;01:cd=40;33;01:or=40;31;01:mi=00:su=37;41:sg=30;43:ca=30;41:tw=30;42:ow=34;42:st=37;44:ex=01;32:*.tar=01;31:*.tgz=01;31:*.arc=01;31:*.arj=01;31:*.taz=01;31:*.lha=01;31:*.lz4=01;31:*.lzh=01;31:*.lzma=01;31:*.tlz=01;31:*.txz=01;31:*.tzo=01;31:*.t7z=01;31:*.zip=01;31:*.z=01;31:*.dz=01;31:*.gz=01;31:*.lrz=01;31:*.lz=01;31:*.lzo=01;31:*.xz=01;31:*.zst=01;31:*.tzst=01;31:*.bz2=01;31:*.bz=01;31:*.tbz=01;31:*.tbz2=01;31:*.tz=01;31:*.deb=01;31:*.rpm=01;31:*.jar=01;31:*.war=01;31:*.ear=01;31:*.sar=01;31:*.rar=01;31:*.alz=01;31:*.ace=01;31:*.zoo=01;31:*.cpio=01;31:*.7z=01;31:*.rz=01;31:*.cab=01;31:*.wim=01;31:*.swm=01;31:*.dwm=01;31:*.esd=01;31:*.jpg=01;35:*.jpeg=01;35:*.mjpg=01;35:*.mjpeg=01;35:*.gif=01;35:*.bmp=01;35:*.pbm=01;35:*.pgm=01;35:*.ppm=01;35:*.tga=01;35:*.xbm=01;35:*.xpm=01;35:*.tif=01;35:*.tiff=01;35:*.png=01;35:*.svg=01;35:*.svgz=01;35:*.mng=01;35:*.pcx=01;35:*.mov=01;35:*.mpg=01;35:*.mpeg=01;35:*.m2v=01;35:*.mkv=01;35:*.webm=01;35:*.webp=01;35:*.ogm=01;35:*.mp4=01;35:*.m4v=01;35:*.mp4v=01;35:*.vob=01;35:*.qt=01;35:*.nuv=01;35:*.wmv=01;35:*.asf=01;35:*.rm=01;35:*.rmvb=01;35:*.flc=01;35:*.avi=01;35:*.fli=01;35:*.flv=01;35:*.gl=01;35:*.dl=01;35:*.xcf=01;35:*.xwd=01;35:*.yuv=01;35:*.cgm=01;35:*.emf=01;35:*.ogv=01;35:*.ogx=01;35:*.aac=00;36:*.au=00;36:*.flac=00;36:*.m4a=00;36:*.mid=00;36:*.midi=00;36:*.mka=00;36:*.mp3=00;36:*.mpc=00;36:*.ogg=00;36:*.ra=00;36:*.wav=00;36:*.oga=00;36:*.opus=00;36:*.spx=00;36:*.xspf=00;36:'), ('VSCODE_GIT_IPC_HANDLE', '/run/user/1000/vscode-git-dfb16e76cc.sock'), ('TERM_PROGRAM', 'vscode'), ('SSH_AGENT_LAUNCHER', 'gnome-keyring'), ('SSH_AUTH_SOCK', '/run/user/1000/keyring/ssh'), ('AMENT_PREFIX_PATH', '/home/li/vk_ros2_ws/install/vk_ros2_driver:/opt/ros/humble'), ('CONDA_PYTHON_EXE', '/home/li/miniconda3/bin/python'), ('ORIGINAL_XDG_CURRENT_DESKTOP', 'ubuntu:GNOME'), ('SHELL', '/bin/bash'), ('QT_ACCESSIBILITY', '1'), ('GDMSESSION', 'ubuntu-xorg'), ('LESSCLOSE', '/usr/bin/lesspipe %s %s'), ('GPG_AGENT_INFO', '/run/user/1000/gnupg/S.gpg-agent:0:1'), ('GJS_DEBUG_OUTPUT', 'stderr'), ('_CONDA_EXE', '/home/li/miniconda3/bin/conda'), ('VSCODE_GIT_ASKPASS_EXTRA_ARGS', ''), ('QT_IM_MODULE', 'ibus'), ('PWD', '/home/li/vk_ros2_ws/build/vk_ros2_driver'), ('XDG_CONFIG_DIRS', '/etc/xdg/xdg-ubuntu-xorg:/etc/xdg'), ('CONDA_EXE', '/home/li/miniconda3/bin/conda'), ('XDG_DATA_DIRS', '/usr/share/ubuntu-xorg:/usr/share/gnome:/usr/local/share/:/usr/share/:/var/lib/snapd/desktop'), ('PYTHONPATH', '/opt/ros/humble/lib/python3.10/site-packages:/opt/ros/humble/local/lib/python3.10/dist-packages'), ('COLCON', '1'), ('CMAKE_PREFIX_PATH', '/home/li/vk_ros2_ws/install/vk_ros2_driver:/opt/ros/humble')]), 'shell': False}
[0.099627] (-) TimerEvent: {}
[0.199973] (-) TimerEvent: {}
[0.225534] (vk_ros2_driver) StdoutLine: {'line': b'-- The C compiler identification is GNU 11.4.0\n'}
[0.300110] (-) TimerEvent: {}
[0.330677] (vk_ros2_driver) StdoutLine: {'line': b'-- The CXX compiler identification is GNU 11.4.0\n'}
[0.341083] (vk_ros2_driver) StdoutLine: {'line': b'-- Detecting C compiler ABI info\n'}
[0.400235] (-) TimerEvent: {}
[0.409759] (vk_ros2_driver) StdoutLine: {'line': b'-- Detecting C compiler ABI info - done\n'}
[0.415319] (vk_ros2_driver) StdoutLine: {'line': b'-- Check for working C compiler: /usr/bin/cc - skipped\n'}
[0.415758] (vk_ros2_driver) StdoutLine: {'line': b'-- Detecting C compile features\n'}
[0.416453] (vk_ros2_driver) StdoutLine: {'line': b'-- Detecting C compile features - done\n'}
[0.419330] (vk_ros2_driver) StdoutLine: {'line': b'-- Detecting CXX compiler ABI info\n'}
[0.497592] (vk_ros2_driver) StdoutLine: {'line': b'-- Detecting CXX compiler ABI info - done\n'}
[0.500299] (-) TimerEvent: {}
[0.506322] (vk_ros2_driver) StdoutLine: {'line': b'-- Check for working CXX compiler: /usr/bin/c++ - skipped\n'}
[0.506552] (vk_ros2_driver) StdoutLine: {'line': b'-- Detecting CXX compile features\n'}
[0.506857] (vk_ros2_driver) StdoutLine: {'line': b'-- Detecting CXX compile features - done\n'}
[0.522634] (vk_ros2_driver) StdoutLine: {'line': b'-- Found ament_cmake: 1.3.12 (/opt/ros/humble/share/ament_cmake/cmake)\n'}
[0.600502] (-) TimerEvent: {}
[0.652328] (vk_ros2_driver) StdoutLine: {'line': b'-- Found Python3: /usr/bin/python3 (found version "3.10.12") found components: Interpreter \n'}
[0.700584] (-) TimerEvent: {}
[0.705027] (vk_ros2_driver) StdoutLine: {'line': b'-- Override CMake install command with custom implementation using symlinks instead of copying resources\n'}
[0.750836] (vk_ros2_driver) StdoutLine: {'line': b'-- Found rclcpp: 16.0.16 (/opt/ros/humble/share/rclcpp/cmake)\n'}
[0.800714] (-) TimerEvent: {}
[0.818152] (vk_ros2_driver) StdoutLine: {'line': b'-- Found rosidl_generator_c: 3.1.7 (/opt/ros/humble/share/rosidl_generator_c/cmake)\n'}
[0.823993] (vk_ros2_driver) StdoutLine: {'line': b'-- Found rosidl_adapter: 3.1.7 (/opt/ros/humble/share/rosidl_adapter/cmake)\n'}
[0.834724] (vk_ros2_driver) StdoutLine: {'line': b'-- Found rosidl_generator_cpp: 3.1.7 (/opt/ros/humble/share/rosidl_generator_cpp/cmake)\n'}
[0.850955] (vk_ros2_driver) StdoutLine: {'line': b'-- Using all available rosidl_typesupport_c: rosidl_typesupport_fastrtps_c;rosidl_typesupport_introspection_c\n'}
[0.868949] (vk_ros2_driver) StdoutLine: {'line': b'-- Using all available rosidl_typesupport_cpp: rosidl_typesupport_fastrtps_cpp;rosidl_typesupport_introspection_cpp\n'}
[0.900824] (-) TimerEvent: {}
[0.922105] (vk_ros2_driver) StdoutLine: {'line': b'-- Found rmw_implementation_cmake: 6.1.2 (/opt/ros/humble/share/rmw_implementation_cmake/cmake)\n'}
[0.925218] (vk_ros2_driver) StdoutLine: {'line': b'-- Found rmw_fastrtps_cpp: 6.2.9 (/opt/ros/humble/share/rmw_fastrtps_cpp/cmake)\n'}
[1.000968] (-) TimerEvent: {}
[1.033582] (vk_ros2_driver) StdoutLine: {'line': b'-- Found OpenSSL: /usr/lib/x86_64-linux-gnu/libcrypto.so (found version "3.0.2")  \n'}
[1.057593] (vk_ros2_driver) StdoutLine: {'line': b'-- Found FastRTPS: /opt/ros/humble/include  \n'}
[1.092454] (vk_ros2_driver) StdoutLine: {'line': b"-- Using RMW implementation 'rmw_fastrtps_cpp' as default\n"}
[1.101065] (-) TimerEvent: {}
[1.107992] (vk_ros2_driver) StdoutLine: {'line': b'-- Looking for pthread.h\n'}
[1.186853] (vk_ros2_driver) StdoutLine: {'line': b'-- Looking for pthread.h - found\n'}
[1.187531] (vk_ros2_driver) StdoutLine: {'line': b'-- Performing Test CMAKE_HAVE_LIBC_PTHREAD\n'}
[1.201181] (-) TimerEvent: {}
[1.268968] (vk_ros2_driver) StdoutLine: {'line': b'-- Performing Test CMAKE_HAVE_LIBC_PTHREAD - Success\n'}
[1.270308] (vk_ros2_driver) StdoutLine: {'line': b'-- Found Threads: TRUE  \n'}
[1.301271] (-) TimerEvent: {}
[1.334010] (vk_ros2_driver) StdoutLine: {'line': b'-- Found rclcpp_components: 16.0.16 (/opt/ros/humble/share/rclcpp_components/cmake)\n'}
[1.374642] (vk_ros2_driver) StdoutLine: {'line': b'-- Found geometry_msgs: 4.9.0 (/opt/ros/humble/share/geometry_msgs/cmake)\n'}
[1.389761] (vk_ros2_driver) StdoutLine: {'line': b'-- Found nav_msgs: 4.9.0 (/opt/ros/humble/share/nav_msgs/cmake)\n'}
[1.401412] (-) TimerEvent: {}
[1.408830] (vk_ros2_driver) StdoutLine: {'line': b'-- Found sensor_msgs: 4.9.0 (/opt/ros/humble/share/sensor_msgs/cmake)\n'}
[1.436217] (vk_ros2_driver) StdoutLine: {'line': b'-- Found tf2: 0.25.17 (/opt/ros/humble/share/tf2/cmake)\n'}
[1.442289] (vk_ros2_driver) StdoutLine: {'line': b'-- Found tf2_ros: 0.25.17 (/opt/ros/humble/share/tf2_ros/cmake)\n'}
[1.501585] (-) TimerEvent: {}
[1.515775] (vk_ros2_driver) StdoutLine: {'line': b'-- Found tf2_geometry_msgs: 0.25.17 (/opt/ros/humble/share/tf2_geometry_msgs/cmake)\n'}
[1.529232] (vk_ros2_driver) StdoutLine: {'line': b'-- Found eigen3_cmake_module: 0.1.1 (/opt/ros/humble/share/eigen3_cmake_module/cmake)\n'}
[1.530575] (vk_ros2_driver) StdoutLine: {'line': b'-- Found Eigen3: TRUE (found version "3.4.0") \n'}
[1.530703] (vk_ros2_driver) StdoutLine: {'line': b'-- Ensuring Eigen3 include directory is part of orocos-kdl CMake target\n'}
[1.533038] (vk_ros2_driver) StdoutLine: {'line': b'-- Found cv_bridge: 3.2.1 (/opt/ros/humble/share/cv_bridge/cmake)\n'}
[1.544099] (vk_ros2_driver) StdoutLine: {'line': b'-- Found image_transport: 3.1.12 (/opt/ros/humble/share/image_transport/cmake)\n'}
[1.565895] (vk_ros2_driver) StdoutLine: {'line': b'-- Found OpenCV: /usr (found version "4.5.4") \n'}
[1.568409] (vk_ros2_driver) StdoutLine: {'line': b'-- Found stereo_msgs: 4.9.0 (/opt/ros/humble/share/stereo_msgs/cmake)\n'}
[1.585784] (vk_ros2_driver) StdoutLine: {'line': b'-- Found nlohmann_json: /usr/lib/cmake/nlohmann_json/nlohmann_jsonConfig.cmake (found version "3.10.5") \n'}
[1.601734] (-) TimerEvent: {}
[1.656568] (vk_ros2_driver) StdoutLine: {'line': b'-- Configuring done\n'}
[1.671077] (vk_ros2_driver) StdoutLine: {'line': b'-- Generating done\n'}
[1.674706] (vk_ros2_driver) StdoutLine: {'line': b'-- Build files have been written to: /home/li/vk_ros2_ws/build/vk_ros2_driver\n'}
[1.682264] (vk_ros2_driver) CommandEnded: {'returncode': 0}
[1.683913] (vk_ros2_driver) JobProgress: {'identifier': 'vk_ros2_driver', 'progress': 'build'}
[1.683936] (vk_ros2_driver) Command: {'cmd': ['/usr/bin/cmake', '--build', '/home/li/vk_ros2_ws/build/vk_ros2_driver', '--', '-j20', '-l20'], 'cwd': '/home/li/vk_ros2_ws/build/vk_ros2_driver', 'env': OrderedDict([('GJS_DEBUG_TOPICS', 'JS ERROR;JS LOG'), ('PYTHON_BASIC_REPL', '1'), ('LESSOPEN', '| /usr/bin/lesspipe %s'), ('LANGUAGE', 'zh_CN:zh'), ('USER', 'li'), ('XDG_SESSION_TYPE', 'x11'), ('GIT_ASKPASS', '/usr/share/code/resources/app/extensions/git/dist/askpass.sh'), ('SHLVL', '1'), ('LD_LIBRARY_PATH', '/home/li/vk_ros2_ws/install/vk_ros2_driver/lib:/opt/ros/humble/opt/rviz_ogre_vendor/lib:/opt/ros/humble/lib/x86_64-linux-gnu:/opt/ros/humble/lib'), ('HOME', '/home/li'), ('CHROME_DESKTOP', 'code.desktop'), ('CONDA_SHLVL', '0'), ('OLDPWD', '/home/li/vk_ros2_ws'), ('TERM_PROGRAM_VERSION', '1.106.2'), ('DESKTOP_SESSION', 'ubuntu-xorg'), ('GIO_LAUNCHED_DESKTOP_FILE', '/usr/share/applications/code.desktop'), ('ROS_PYTHON_VERSION', '3'), ('GNOME_SHELL_SESSION_MODE', 'ubuntu'), ('GTK_MODULES', 'gail:atk-bridge'), ('VSCODE_GIT_ASKPASS_MAIN', '/usr/share/code/resources/app/extensions/git/dist/askpass-main.js'), ('VSCODE_GIT_ASKPASS_NODE', '/usr/share/code/code'), ('MANAGERPID', '1901'), ('PYDEVD_DISABLE_FILE_VALIDATION', '1'), ('SYSTEMD_EXEC_PID', '2228'), ('BUNDLED_DEBUGPY_PATH', '/home/li/.vscode/extensions/ms-python.debugpy-2025.16.0/bundled/libs/debugpy'), ('VSCODE_PYTHON_AUTOACTIVATE_GUARD', '1'), ('DBUS_SESSION_BUS_ADDRESS', 'unix:path=/run/user/1000/bus'), ('COLORTERM', 'truecolor'), ('_CE_M', ''), ('_CONDA_ROOT', '/home/li/miniconda3'), ('GIO_LAUNCHED_DESKTOP_FILE_PID', '6007'), ('https_proxy', 'http://127.0.0.1:7890'), ('COLCON_PREFIX_PATH', '/home/li/vk_ros2_ws/install'), ('ROS_DISTRO', 'humble'), ('GTK_IM_MODULE', 'ibus'), ('LOGNAME', 'li'), ('http_proxy', 'http://127.0.0.1:7890'), ('JOURNAL_STREAM', '8:26625'), ('_', '/usr/bin/colcon'), ('ROS_VERSION', '2'), ('XDG_SESSION_CLASS', 'user'), ('USERNAME', 'li'), ('TERM', 'xterm-256color'), ('GNOME_DESKTOP_SESSION_ID', 'this-is-deprecated'), ('_CE_CONDA', ''), ('ROS_LOCALHOST_ONLY', '0'), ('WINDOWPATH', '2'), ('PATH', '/opt/vk_pointcloud/bin:/home/li/.local/bin:/opt/vilota/bin:/home/li/.local/bin:/opt/vk_pointcloud/bin:/opt/ros/humble/bin:/home/li/miniconda3/condabin:/home/li/.local/bin:/opt/vilota/bin:/home/li/.local/bin:/usr/local/sbin:/usr/local/bin:/usr/sbin:/usr/bin:/sbin:/bin:/usr/games:/usr/local/games:/snap/bin:/snap/bin:/opt/vk_pointcloud/bin:/home/li/.vscode/extensions/ms-python.debugpy-2025.16.0/bundled/scripts/noConfigScripts:/opt/vk_pointcloud/bin'), ('SESSION_MANAGER', 'local/li-ASUS-TUF-Gaming-F15-FX507VV-FX507VV:@/tmp/.ICE-unix/2201,unix/li-ASUS-TUF-Gaming-F15-FX507VV-FX507VV:/tmp/.ICE-unix/2201'), ('INVOCATION_ID', '278d91606995466e839d4e1a76578060'), ('XDG_MENU_PREFIX', 'gnome-'), ('XDG_RUNTIME_DIR', '/run/user/1000'), ('GDK_BACKEND', 'x11'), ('DISPLAY', ':0'), ('VSCODE_DEBUGPY_ADAPTER_ENDPOINTS', '/home/li/.vscode/extensions/ms-python.debugpy-2025.16.0/.noConfigDebugAdapterEndpoints/endpoint-e986fa5c1f62803e.txt'), ('LANG', 'zh_CN.UTF-8'), ('XDG_CURRENT_DESKTOP', 'Unity'), ('PYTHONSTARTUP', '/home/li/.config/Code/User/workspaceStorage/a627f49ee5c917c4a3a6bda4429f68a0/ms-python.python/pythonrc.py'), ('XMODIFIERS', '@im=ibus'), ('XDG_SESSION_DESKTOP', 'ubuntu-xorg'), ('XAUTHORITY', '/run/user/1000/gdm/Xauthority'), ('LS_COLORS', 'rs=0:di=01;34:ln=01;36:mh=00:pi=40;33:so=01;35:do=01;35:bd=40;33;01:cd=40;33;01:or=40;31;01:mi=00:su=37;41:sg=30;43:ca=30;41:tw=30;42:ow=34;42:st=37;44:ex=01;32:*.tar=01;31:*.tgz=01;31:*.arc=01;31:*.arj=01;31:*.taz=01;31:*.lha=01;31:*.lz4=01;31:*.lzh=01;31:*.lzma=01;31:*.tlz=01;31:*.txz=01;31:*.tzo=01;31:*.t7z=01;31:*.zip=01;31:*.z=01;31:*.dz=01;31:*.gz=01;31:*.lrz=01;31:*.lz=01;31:*.lzo=01;31:*.xz=01;31:*.zst=01;31:*.tzst=01;31:*.bz2=01;31:*.bz=01;31:*.tbz=01;31:*.tbz2=01;31:*.tz=01;31:*.deb=01;31:*.rpm=01;31:*.jar=01;31:*.war=01;31:*.ear=01;31:*.sar=01;31:*.rar=01;31:*.alz=01;31:*.ace=01;31:*.zoo=01;31:*.cpio=01;31:*.7z=01;31:*.rz=01;31:*.cab=01;31:*.wim=01;31:*.swm=01;31:*.dwm=01;31:*.esd=01;31:*.jpg=01;35:*.jpeg=01;35:*.mjpg=01;35:*.mjpeg=01;35:*.gif=01;35:*.bmp=01;35:*.pbm=01;35:*.pgm=01;35:*.ppm=01;35:*.tga=01;35:*.xbm=01;35:*.xpm=01;35:*.tif=01;35:*.tiff=01;35:*.png=01;35:*.svg=01;35:*.svgz=01;35:*.mng=01;35:*.pcx=01;35:*.mov=01;35:*.mpg=01;35:*.mpeg=01;35:*.m2v=01;35:*.mkv=01;35:*.webm=01;35:*.webp=01;35:*.ogm=01;35:*.mp4=01;35:*.m4v=01;35:*.mp4v=01;35:*.vob=01;35:*.qt=01;35:*.nuv=01;35:*.wmv=01;35:*.asf=01;35:*.rm=01;35:*.rmvb=01;35:*.flc=01;35:*.avi=01;35:*.fli=01;35:*.flv=01;35:*.gl=01;35:*.dl=01;35:*.xcf=01;35:*.xwd=01;35:*.yuv=01;35:*.cgm=01;35:*.emf=01;35:*.ogv=01;35:*.ogx=01;35:*.aac=00;36:*.au=00;36:*.flac=00;36:*.m4a=00;36:*.mid=00;36:*.midi=00;36:*.mka=00;36:*.mp3=00;36:*.mpc=00;36:*.ogg=00;36:*.ra=00;36:*.wav=00;36:*.oga=00;36:*.opus=00;36:*.spx=00;36:*.xspf=00;36:'), ('VSCODE_GIT_IPC_HANDLE', '/run/user/1000/vscode-git-dfb16e76cc.sock'), ('TERM_PROGRAM', 'vscode'), ('SSH_AGENT_LAUNCHER', 'gnome-keyring'), ('SSH_AUTH_SOCK', '/run/user/1000/keyring/ssh'), ('AMENT_PREFIX_PATH', '/home/li/vk_ros2_ws/install/vk_ros2_driver:/opt/ros/humble'), ('CONDA_PYTHON_EXE', '/home/li/miniconda3/bin/python'), ('ORIGINAL_XDG_CURRENT_DESKTOP', 'ubuntu:GNOME'), ('SHELL', '/bin/bash'), ('QT_ACCESSIBILITY', '1'), ('GDMSESSION', 'ubuntu-xorg'), ('LESSCLOSE', '/usr/bin/lesspipe %s %s'), ('GPG_AGENT_INFO', '/run/user/1000/gnupg/S.gpg-agent:0:1'), ('GJS_DEBUG_OUTPUT', 'stderr'), ('_CONDA_EXE', '/home/li/miniconda3/bin/conda'), ('VSCODE_GIT_ASKPASS_EXTRA_ARGS', ''), ('QT_IM_MODULE', 'ibus'), ('PWD', '/home/li/vk_ros2_ws/build/vk_ros2_driver'), ('XDG_CONFIG_DIRS', '/etc/xdg/xdg-ubuntu-xorg:/etc/xdg'), ('CONDA_EXE', '/home/li/miniconda3/bin/conda'), ('XDG_DATA_DIRS', '/usr/share/ubuntu-xorg:/usr/share/gnome:/usr/local/share/:/usr/share/:/var/lib/snapd/desktop'), ('PYTHONPATH', '/opt/ros/humble/lib/python3.10/site-packages:/opt/ros/humble/local/lib/python3.10/dist-packages'), ('COLCON', '1'), ('CMAKE_PREFIX_PATH', '/home/li/vk_ros2_ws/install/vk_ros2_driver:/opt/ros/humble')]), 'shell': False}
[1.701862] (-) TimerEvent: {}
[1.730125] (vk_ros2_driver) StdoutLine: {'line': b'[ 25%] \x1b[32mBuilding CXX object CMakeFiles/vk_ros2_driver_node.dir/rclcpp_components/node_main_vk_ros2_driver_node.cpp.o\x1b[0m\n'}
[1.730380] (vk_ros2_driver) StdoutLine: {'line': b'[ 50%] \x1b[32mBuilding CXX object CMakeFiles/vk_ros2_driver.dir/src/vk_ros2_driver.cpp.o\x1b[0m\n'}
[1.802011] (-) TimerEvent: {}
[1.902320] (-) TimerEvent: {}
[2.002629] (-) TimerEvent: {}
[2.102919] (-) TimerEvent: {}
[2.203253] (-) TimerEvent: {}
[2.303614] (-) TimerEvent: {}
[2.403942] (-) TimerEvent: {}
[2.504324] (-) TimerEvent: {}
[2.604787] (-) TimerEvent: {}
[2.705134] (-) TimerEvent: {}
[2.805601] (-) TimerEvent: {}
[2.905960] (-) TimerEvent: {}
[3.006292] (-) TimerEvent: {}
[3.106697] (-) TimerEvent: {}
[3.207135] (-) TimerEvent: {}
[3.307578] (-) TimerEvent: {}
[3.407822] (-) TimerEvent: {}
[3.508083] (-) TimerEvent: {}
[3.608442] (-) TimerEvent: {}
[3.708685] (-) TimerEvent: {}
[3.809017] (-) TimerEvent: {}
[3.909374] (-) TimerEvent: {}
[4.009627] (-) TimerEvent: {}
[4.109974] (-) TimerEvent: {}
[4.210302] (-) TimerEvent: {}
[4.255720] (vk_ros2_driver) StdoutLine: {'line': b'[ 75%] \x1b[32m\x1b[1mLinking CXX executable vk_ros2_driver_node\x1b[0m\n'}
[4.310522] (-) TimerEvent: {}
[4.368970] (vk_ros2_driver) StdoutLine: {'line': b'[ 75%] Built target vk_ros2_driver_node\n'}
[4.410621] (-) TimerEvent: {}
[4.510862] (-) TimerEvent: {}
[4.611171] (-) TimerEvent: {}
[4.711449] (-) TimerEvent: {}
[4.811691] (-) TimerEvent: {}
[4.834660] (vk_ros2_driver) StderrLine: {'line': b'\x1b[01m\x1b[K/home/li/vk_ros2_ws/src/vk_ros2_driver/src/vk_ros2_driver.cpp:\x1b[m\x1b[K In member function \xe2\x80\x98\x1b[01m\x1b[Kvirtual vkc::ReceiverStatus vkc::ImageReceiver::handle(const vkc::Message<vkc::Shared<vkc::Image> >&)\x1b[m\x1b[K\xe2\x80\x99:\n'}
[4.834818] (vk_ros2_driver) StderrLine: {'line': b'\x1b[01m\x1b[K/home/li/vk_ros2_ws/src/vk_ros2_driver/src/vk_ros2_driver.cpp:180:11:\x1b[m\x1b[K \x1b[01;31m\x1b[Kerror: \x1b[m\x1b[K\xe2\x80\x98\x1b[01m\x1b[Kis_right\x1b[m\x1b[K\xe2\x80\x99 was not declared in this scope\n'}
[4.834859] (vk_ros2_driver) StderrLine: {'line': b'  180 |       if (\x1b[01;31m\x1b[Kis_right\x1b[m\x1b[K(clean_key_) && C.baseline > 1e-6) ci.p[3] = -fx * C.baseline;\n'}
[4.834892] (vk_ros2_driver) StderrLine: {'line': b'      |           \x1b[01;31m\x1b[K^~~~~~~~\x1b[m\x1b[K\n'}
[4.911780] (-) TimerEvent: {}
[5.012111] (-) TimerEvent: {}
[5.112452] (-) TimerEvent: {}
[5.212832] (-) TimerEvent: {}
[5.313182] (-) TimerEvent: {}
[5.413572] (-) TimerEvent: {}
[5.513828] (-) TimerEvent: {}
[5.614054] (-) TimerEvent: {}
[5.714387] (-) TimerEvent: {}
[5.814744] (-) TimerEvent: {}
[5.914978] (-) TimerEvent: {}
[6.015306] (-) TimerEvent: {}
[6.115510] (-) TimerEvent: {}
[6.215756] (-) TimerEvent: {}
[6.316104] (-) TimerEvent: {}
[6.416438] (-) TimerEvent: {}
[6.516805] (-) TimerEvent: {}
[6.617039] (-) TimerEvent: {}
[6.717270] (-) TimerEvent: {}
[6.817532] (-) TimerEvent: {}
[6.917764] (-) TimerEvent: {}
[6.920176] (vk_ros2_driver) StderrLine: {'line': b'gmake[2]: *** [CMakeFiles/vk_ros2_driver.dir/build.make:76\xef\xbc\x9aCMakeFiles/vk_ros2_driver.dir/src/vk_ros2_driver.cpp.o] \xe9\x94\x99\xe8\xaf\xaf 1\n'}
[6.920485] (vk_ros2_driver) StderrLine: {'line': b'gmake[1]: *** [CMakeFiles/Makefile2:139\xef\xbc\x9aCMakeFiles/vk_ros2_driver.dir/all] \xe9\x94\x99\xe8\xaf\xaf 2\n'}
[6.920756] (vk_ros2_driver) StderrLine: {'line': b'gmake: *** [Makefile:146\xef\xbc\x9aall] \xe9\x94\x99\xe8\xaf\xaf 2\n'}
[6.922583] (vk_ros2_driver) CommandEnded: {'returncode': 2}
[6.938555] (vk_ros2_driver) JobEnded: {'identifier': 'vk_ros2_driver', 'rc': 2}
[6.949451] (-) EventReactorShutdown: {}
