[01m[K/home/li/vk_ros2_ws/src/vk_ros2_driver/src/vk_ros2_driver.cpp:[m[K In member function â€˜[01m[Kvirtual vkc::ReceiverStatus vkc::ImageReceiver::handle(const vkc::Message<vkc::Shared<vkc::Image> >&)[m[Kâ€™:
[01m[K/home/li/vk_ros2_ws/src/vk_ros2_driver/src/vk_ros2_driver.cpp:180:11:[m[K [01;31m[Kerror: [m[Kâ€˜[01m[Kis_right[m[Kâ€™ was not declared in this scope
  180 |       if ([01;31m[Kis_right[m[K(clean_key_) && C.baseline > 1e-6) ci.p[3] = -fx * C.baseline;
      |           [01;31m[K^~~~~~~~[m[K
gmake[2]: *** [CMakeFiles/vk_ros2_driver.dir/build.make:76ï¼šCMakeFiles/vk_ros2_driver.dir/src/vk_ros2_driver.cpp.o] é”™è¯¯ 1
gmake[1]: *** [CMakeFiles/Makefile2:139ï¼šCMakeFiles/vk_ros2_driver.dir/all] é”™è¯¯ 2
gmake: *** [Makefile:146ï¼šall] é”™è¯¯ 2
