[0.000000] (-) TimerEvent: {}
[0.000230] (dual_dense_mapper) JobQueued: {'identifier': 'dual_dense_mapper', 'dependencies': OrderedDict()}
[0.000258] (vk_ros2_driver) JobQueued: {'identifier': 'vk_ros2_driver', 'dependencies': OrderedDict()}
[0.000511] (dual_dense_mapper) JobStarted: {'identifier': 'dual_dense_mapper'}
[0.005385] (vk_ros2_driver) JobStarted: {'identifier': 'vk_ros2_driver'}
[0.009295] (dual_dense_mapper) JobProgress: {'identifier': 'dual_dense_mapper', 'progress': 'cmake'}
[0.010165] (dual_dense_mapper) Command: {'cmd': ['/usr/bin/cmake', '/home/li/vk_ros2_ws/src/dual_dense_mapper', '-DCMAKE_INSTALL_PREFIX=/home/li/vk_ros2_ws/install/dual_dense_mapper'], 'cwd': '/home/li/vk_ros2_ws/build/dual_dense_mapper', 'env': OrderedDict([('GJS_DEBUG_TOPICS', 'JS ERROR;JS LOG'), ('PYTHON_BASIC_REPL', '1'), ('LESSOPEN', '| /usr/bin/lesspipe %s'), ('LANGUAGE', 'zh_CN:zh'), ('USER', 'li'), ('XDG_SESSION_TYPE', 'x11'), ('GIT_ASKPASS', '/usr/share/code/resources/app/extensions/git/dist/askpass.sh'), ('SHLVL', '1'), ('LD_LIBRARY_PATH', '/home/li/vk_ros2_ws/install/vk_ros2_driver/lib:/home/li/rtabmap_ws/install/rtabmap_slam/lib:/home/li/rtabmap_ws/install/rtabmap_odom/lib:/home/li/rtabmap_ws/install/rtabmap_util/lib:/home/li/rtabmap_ws/install/rtabmap_sync/lib:/home/li/rtabmap_ws/install/rtabmap_rviz_plugins/lib:/home/li/rtabmap_ws/install/rtabmap_conversions/lib:/home/li/rtabmap_ws/install/rtabmap_msgs/lib:/home/li/rtabmap_ws/install/rtabmap_costmap_plugins/lib:/home/li/rtabmap_ws/install/rtabmap/lib:/opt/ros/humble/opt/rviz_ogre_vendor/lib:/opt/ros/humble/lib/x86_64-linux-gnu:/opt/ros/humble/lib'), ('HOME', '/home/li'), ('CHROME_DESKTOP', 'code.desktop'), ('CONDA_SHLVL', '0'), ('OLDPWD', '/home/li/vk_pointcloud_lpn/pointcloud_generator/build'), ('TERM_PROGRAM_VERSION', '1.106.2'), ('DESKTOP_SESSION', 'ubuntu-xorg'), ('GIO_LAUNCHED_DESKTOP_FILE', '/usr/share/applications/code.desktop'), ('ROS_PYTHON_VERSION', '3'), ('GNOME_SHELL_SESSION_MODE', 'ubuntu'), ('GTK_MODULES', 'gail:atk-bridge'), ('VSCODE_GIT_ASKPASS_MAIN', '/usr/share/code/resources/app/extensions/git/dist/askpass-main.js'), ('VSCODE_GIT_ASKPASS_NODE', '/usr/share/code/code'), ('MANAGERPID', '1910'), ('PYDEVD_DISABLE_FILE_VALIDATION', '1'), ('SYSTEMD_EXEC_PID', '2235'), ('BUNDLED_DEBUGPY_PATH', '/home/li/.vscode/extensions/ms-python.debugpy-2025.18.0-linux-x64/bundled/libs/debugpy'), ('VSCODE_PYTHON_AUTOACTIVATE_GUARD', '1'), ('DBUS_SESSION_BUS_ADDRESS', 'unix:path=/run/user/1000/bus'), ('COLORTERM', 'truecolor'), ('_CE_M', ''), ('_CONDA_ROOT', '/home/li/miniconda3'), ('GIO_LAUNCHED_DESKTOP_FILE_PID', '6598'), ('https_proxy', 'http://127.0.0.1:7890'), ('COLCON_PREFIX_PATH', '/home/li/vk_ros2_ws/install:/home/li/rtabmap_ws/install'), ('ROS_DISTRO', 'humble'), ('GTK_IM_MODULE', 'ibus'), ('LOGNAME', 'li'), ('http_proxy', 'http://127.0.0.1:7890'), ('JOURNAL_STREAM', '8:15690'), ('_', '/usr/bin/colcon'), ('ROS_VERSION', '2'), ('PKG_CONFIG_PATH', '/home/li/rtabmap_ws/install/rtabmap/lib/x86_64-linux-gnu/pkgconfig:/home/li/rtabmap_ws/install/rtabmap/lib/pkgconfig'), ('XDG_SESSION_CLASS', 'user'), ('USERNAME', 'li'), ('TERM', 'xterm-256color'), ('GNOME_DESKTOP_SESSION_ID', 'this-is-deprecated'), ('_CE_CONDA', ''), ('ROS_LOCALHOST_ONLY', '0'), ('WINDOWPATH', '2'), ('PATH', '/opt/vk_pointcloud/bin:/home/li/.local/bin:/opt/vilota/bin:/home/li/.local/bin:/home/li/rtabmap_ws/install/rtabmap/bin:/opt/vk_pointcloud/bin:/opt/ros/humble/bin:/home/li/miniconda3/condabin:/home/li/.local/bin:/opt/vilota/bin:/home/li/.local/bin:/usr/local/sbin:/usr/local/bin:/usr/sbin:/usr/bin:/sbin:/bin:/usr/games:/usr/local/games:/snap/bin:/snap/bin:/opt/vk_pointcloud/bin:/home/li/.vscode/extensions/ms-python.debugpy-2025.18.0-linux-x64/bundled/scripts/noConfigScripts:/opt/vk_pointcloud/bin'), ('SESSION_MANAGER', 'local/li-ASUS-TUF-Gaming-F15-FX507VV-FX507VV:@/tmp/.ICE-unix/2208,unix/li-ASUS-TUF-Gaming-F15-FX507VV-FX507VV:/tmp/.ICE-unix/2208'), ('INVOCATION_ID', 'a293acdaa6dd476c9801ccf85e616cb4'), ('XDG_MENU_PREFIX', 'gnome-'), ('XDG_RUNTIME_DIR', '/run/user/1000'), ('GDK_BACKEND', 'x11'), ('DISPLAY', ':0'), ('VSCODE_DEBUGPY_ADAPTER_ENDPOINTS', '/home/li/.vscode/extensions/ms-python.debugpy-2025.18.0-linux-x64/.noConfigDebugAdapterEndpoints/endpoint-e986fa5c1f62803e.txt'), ('LANG', 'zh_CN.UTF-8'), ('XDG_CURRENT_DESKTOP', 'Unity'), ('PYTHONSTARTUP', '/home/li/.config/Code/User/workspaceStorage/a627f49ee5c917c4a3a6bda4429f68a0/ms-python.python/pythonrc.py'), ('XMODIFIERS', '@im=ibus'), ('XDG_SESSION_DESKTOP', 'ubuntu-xorg'), ('XAUTHORITY', '/run/user/1000/gdm/Xauthority'), ('LS_COLORS', 'rs=0:di=01;34:ln=01;36:mh=00:pi=40;33:so=01;35:do=01;35:bd=40;33;01:cd=40;33;01:or=40;31;01:mi=00:su=37;41:sg=30;43:ca=30;41:tw=30;42:ow=34;42:st=37;44:ex=01;32:*.tar=01;31:*.tgz=01;31:*.arc=01;31:*.arj=01;31:*.taz=01;31:*.lha=01;31:*.lz4=01;31:*.lzh=01;31:*.lzma=01;31:*.tlz=01;31:*.txz=01;31:*.tzo=01;31:*.t7z=01;31:*.zip=01;31:*.z=01;31:*.dz=01;31:*.gz=01;31:*.lrz=01;31:*.lz=01;31:*.lzo=01;31:*.xz=01;31:*.zst=01;31:*.tzst=01;31:*.bz2=01;31:*.bz=01;31:*.tbz=01;31:*.tbz2=01;31:*.tz=01;31:*.deb=01;31:*.rpm=01;31:*.jar=01;31:*.war=01;31:*.ear=01;31:*.sar=01;31:*.rar=01;31:*.alz=01;31:*.ace=01;31:*.zoo=01;31:*.cpio=01;31:*.7z=01;31:*.rz=01;31:*.cab=01;31:*.wim=01;31:*.swm=01;31:*.dwm=01;31:*.esd=01;31:*.jpg=01;35:*.jpeg=01;35:*.mjpg=01;35:*.mjpeg=01;35:*.gif=01;35:*.bmp=01;35:*.pbm=01;35:*.pgm=01;35:*.ppm=01;35:*.tga=01;35:*.xbm=01;35:*.xpm=01;35:*.tif=01;35:*.tiff=01;35:*.png=01;35:*.svg=01;35:*.svgz=01;35:*.mng=01;35:*.pcx=01;35:*.mov=01;35:*.mpg=01;35:*.mpeg=01;35:*.m2v=01;35:*.mkv=01;35:*.webm=01;35:*.webp=01;35:*.ogm=01;35:*.mp4=01;35:*.m4v=01;35:*.mp4v=01;35:*.vob=01;35:*.qt=01;35:*.nuv=01;35:*.wmv=01;35:*.asf=01;35:*.rm=01;35:*.rmvb=01;35:*.flc=01;35:*.avi=01;35:*.fli=01;35:*.flv=01;35:*.gl=01;35:*.dl=01;35:*.xcf=01;35:*.xwd=01;35:*.yuv=01;35:*.cgm=01;35:*.emf=01;35:*.ogv=01;35:*.ogx=01;35:*.aac=00;36:*.au=00;36:*.flac=00;36:*.m4a=00;36:*.mid=00;36:*.midi=00;36:*.mka=00;36:*.mp3=00;36:*.mpc=00;36:*.ogg=00;36:*.ra=00;36:*.wav=00;36:*.oga=00;36:*.opus=00;36:*.spx=00;36:*.xspf=00;36:'), ('VSCODE_GIT_IPC_HANDLE', '/run/user/1000/vscode-git-dfb16e76cc.sock'), ('TERM_PROGRAM', 'vscode'), ('SSH_AGENT_LAUNCHER', 'gnome-keyring'), ('SSH_AUTH_SOCK', '/run/user/1000/keyring/ssh'), ('AMENT_PREFIX_PATH', '/home/li/vk_ros2_ws/install/vk_ros2_driver:/home/li/rtabmap_ws/install/rtabmap_ros:/home/li/rtabmap_ws/install/rtabmap_launch:/home/li/rtabmap_ws/install/rtabmap_examples:/home/li/rtabmap_ws/install/rtabmap_demos:/home/li/rtabmap_ws/install/rtabmap_viz:/home/li/rtabmap_ws/install/rtabmap_slam:/home/li/rtabmap_ws/install/rtabmap_odom:/home/li/rtabmap_ws/install/rtabmap_util:/home/li/rtabmap_ws/install/rtabmap_sync:/home/li/rtabmap_ws/install/rtabmap_rviz_plugins:/home/li/rtabmap_ws/install/rtabmap_python:/home/li/rtabmap_ws/install/rtabmap_conversions:/home/li/rtabmap_ws/install/rtabmap_msgs:/home/li/rtabmap_ws/install/rtabmap_costmap_plugins:/opt/ros/humble'), ('CONDA_PYTHON_EXE', '/home/li/miniconda3/bin/python'), ('ORIGINAL_XDG_CURRENT_DESKTOP', 'ubuntu:GNOME'), ('SHELL', '/bin/bash'), ('QT_ACCESSIBILITY', '1'), ('GDMSESSION', 'ubuntu-xorg'), ('LESSCLOSE', '/usr/bin/lesspipe %s %s'), ('GPG_AGENT_INFO', '/run/user/1000/gnupg/S.gpg-agent:0:1'), ('GJS_DEBUG_OUTPUT', 'stderr'), ('_CONDA_EXE', '/home/li/miniconda3/bin/conda'), ('VSCODE_GIT_ASKPASS_EXTRA_ARGS', ''), ('QT_IM_MODULE', 'ibus'), ('PWD', '/home/li/vk_ros2_ws/build/dual_dense_mapper'), ('XDG_CONFIG_DIRS', '/etc/xdg/xdg-ubuntu-xorg:/etc/xdg'), ('CONDA_EXE', '/home/li/miniconda3/bin/conda'), ('XDG_DATA_DIRS', '/usr/share/ubuntu-xorg:/usr/share/gnome:/usr/local/share/:/usr/share/:/var/lib/snapd/desktop'), ('PYTHONPATH', '/home/li/rtabmap_ws/build/rtabmap_python:/home/li/rtabmap_ws/install/rtabmap_python/lib/python3.10/site-packages:/home/li/rtabmap_ws/install/rtabmap_msgs/local/lib/python3.10/dist-packages:/opt/ros/humble/lib/python3.10/site-packages:/opt/ros/humble/local/lib/python3.10/dist-packages'), ('COLCON', '1'), ('CMAKE_PREFIX_PATH', '/home/li/vk_ros2_ws/install/vk_ros2_driver:/home/li/rtabmap_ws/install/rtabmap_ros:/home/li/rtabmap_ws/install/rtabmap_launch:/home/li/rtabmap_ws/install/rtabmap_examples:/home/li/rtabmap_ws/install/rtabmap_demos:/home/li/rtabmap_ws/install/rtabmap_viz:/home/li/rtabmap_ws/install/rtabmap_slam:/home/li/rtabmap_ws/install/rtabmap_odom:/home/li/rtabmap_ws/install/rtabmap_util:/home/li/rtabmap_ws/install/rtabmap_sync:/home/li/rtabmap_ws/install/rtabmap_rviz_plugins:/home/li/rtabmap_ws/install/rtabmap_conversions:/home/li/rtabmap_ws/install/rtabmap_msgs:/home/li/rtabmap_ws/install/rtabmap_costmap_plugins:/home/li/rtabmap_ws/install/rtabmap')]), 'shell': False}
[0.012728] (vk_ros2_driver) JobProgress: {'identifier': 'vk_ros2_driver', 'progress': 'cmake'}
[0.012916] (vk_ros2_driver) JobProgress: {'identifier': 'vk_ros2_driver', 'progress': 'build'}
[0.013403] (vk_ros2_driver) Command: {'cmd': ['/usr/bin/cmake', '--build', '/home/li/vk_ros2_ws/build/vk_ros2_driver', '--', '-j20', '-l20'], 'cwd': '/home/li/vk_ros2_ws/build/vk_ros2_driver', 'env': OrderedDict([('GJS_DEBUG_TOPICS', 'JS ERROR;JS LOG'), ('PYTHON_BASIC_REPL', '1'), ('LESSOPEN', '| /usr/bin/lesspipe %s'), ('LANGUAGE', 'zh_CN:zh'), ('USER', 'li'), ('XDG_SESSION_TYPE', 'x11'), ('GIT_ASKPASS', '/usr/share/code/resources/app/extensions/git/dist/askpass.sh'), ('SHLVL', '1'), ('LD_LIBRARY_PATH', '/home/li/vk_ros2_ws/install/vk_ros2_driver/lib:/home/li/rtabmap_ws/install/rtabmap_slam/lib:/home/li/rtabmap_ws/install/rtabmap_odom/lib:/home/li/rtabmap_ws/install/rtabmap_util/lib:/home/li/rtabmap_ws/install/rtabmap_sync/lib:/home/li/rtabmap_ws/install/rtabmap_rviz_plugins/lib:/home/li/rtabmap_ws/install/rtabmap_conversions/lib:/home/li/rtabmap_ws/install/rtabmap_msgs/lib:/home/li/rtabmap_ws/install/rtabmap_costmap_plugins/lib:/home/li/rtabmap_ws/install/rtabmap/lib:/opt/ros/humble/opt/rviz_ogre_vendor/lib:/opt/ros/humble/lib/x86_64-linux-gnu:/opt/ros/humble/lib'), ('HOME', '/home/li'), ('CHROME_DESKTOP', 'code.desktop'), ('CONDA_SHLVL', '0'), ('OLDPWD', '/home/li/vk_pointcloud_lpn/pointcloud_generator/build'), ('TERM_PROGRAM_VERSION', '1.106.2'), ('DESKTOP_SESSION', 'ubuntu-xorg'), ('GIO_LAUNCHED_DESKTOP_FILE', '/usr/share/applications/code.desktop'), ('ROS_PYTHON_VERSION', '3'), ('GNOME_SHELL_SESSION_MODE', 'ubuntu'), ('GTK_MODULES', 'gail:atk-bridge'), ('VSCODE_GIT_ASKPASS_MAIN', '/usr/share/code/resources/app/extensions/git/dist/askpass-main.js'), ('VSCODE_GIT_ASKPASS_NODE', '/usr/share/code/code'), ('MANAGERPID', '1910'), ('PYDEVD_DISABLE_FILE_VALIDATION', '1'), ('SYSTEMD_EXEC_PID', '2235'), ('BUNDLED_DEBUGPY_PATH', '/home/li/.vscode/extensions/ms-python.debugpy-2025.18.0-linux-x64/bundled/libs/debugpy'), ('VSCODE_PYTHON_AUTOACTIVATE_GUARD', '1'), ('DBUS_SESSION_BUS_ADDRESS', 'unix:path=/run/user/1000/bus'), ('COLORTERM', 'truecolor'), ('_CE_M', ''), ('_CONDA_ROOT', '/home/li/miniconda3'), ('GIO_LAUNCHED_DESKTOP_FILE_PID', '6598'), ('https_proxy', 'http://127.0.0.1:7890'), ('COLCON_PREFIX_PATH', '/home/li/vk_ros2_ws/install:/home/li/rtabmap_ws/install'), ('ROS_DISTRO', 'humble'), ('GTK_IM_MODULE', 'ibus'), ('LOGNAME', 'li'), ('http_proxy', 'http://127.0.0.1:7890'), ('JOURNAL_STREAM', '8:15690'), ('_', '/usr/bin/colcon'), ('ROS_VERSION', '2'), ('PKG_CONFIG_PATH', '/home/li/rtabmap_ws/install/rtabmap/lib/x86_64-linux-gnu/pkgconfig:/home/li/rtabmap_ws/install/rtabmap/lib/pkgconfig'), ('XDG_SESSION_CLASS', 'user'), ('USERNAME', 'li'), ('TERM', 'xterm-256color'), ('GNOME_DESKTOP_SESSION_ID', 'this-is-deprecated'), ('_CE_CONDA', ''), ('ROS_LOCALHOST_ONLY', '0'), ('WINDOWPATH', '2'), ('PATH', '/opt/vk_pointcloud/bin:/home/li/.local/bin:/opt/vilota/bin:/home/li/.local/bin:/home/li/rtabmap_ws/install/rtabmap/bin:/opt/vk_pointcloud/bin:/opt/ros/humble/bin:/home/li/miniconda3/condabin:/home/li/.local/bin:/opt/vilota/bin:/home/li/.local/bin:/usr/local/sbin:/usr/local/bin:/usr/sbin:/usr/bin:/sbin:/bin:/usr/games:/usr/local/games:/snap/bin:/snap/bin:/opt/vk_pointcloud/bin:/home/li/.vscode/extensions/ms-python.debugpy-2025.18.0-linux-x64/bundled/scripts/noConfigScripts:/opt/vk_pointcloud/bin'), ('SESSION_MANAGER', 'local/li-ASUS-TUF-Gaming-F15-FX507VV-FX507VV:@/tmp/.ICE-unix/2208,unix/li-ASUS-TUF-Gaming-F15-FX507VV-FX507VV:/tmp/.ICE-unix/2208'), ('INVOCATION_ID', 'a293acdaa6dd476c9801ccf85e616cb4'), ('XDG_MENU_PREFIX', 'gnome-'), ('XDG_RUNTIME_DIR', '/run/user/1000'), ('GDK_BACKEND', 'x11'), ('DISPLAY', ':0'), ('VSCODE_DEBUGPY_ADAPTER_ENDPOINTS', '/home/li/.vscode/extensions/ms-python.debugpy-2025.18.0-linux-x64/.noConfigDebugAdapterEndpoints/endpoint-e986fa5c1f62803e.txt'), ('LANG', 'zh_CN.UTF-8'), ('XDG_CURRENT_DESKTOP', 'Unity'), ('PYTHONSTARTUP', '/home/li/.config/Code/User/workspaceStorage/a627f49ee5c917c4a3a6bda4429f68a0/ms-python.python/pythonrc.py'), ('XMODIFIERS', '@im=ibus'), ('XDG_SESSION_DESKTOP', 'ubuntu-xorg'), ('XAUTHORITY', '/run/user/1000/gdm/Xauthority'), ('LS_COLORS', 'rs=0:di=01;34:ln=01;36:mh=00:pi=40;33:so=01;35:do=01;35:bd=40;33;01:cd=40;33;01:or=40;31;01:mi=00:su=37;41:sg=30;43:ca=30;41:tw=30;42:ow=34;42:st=37;44:ex=01;32:*.tar=01;31:*.tgz=01;31:*.arc=01;31:*.arj=01;31:*.taz=01;31:*.lha=01;31:*.lz4=01;31:*.lzh=01;31:*.lzma=01;31:*.tlz=01;31:*.txz=01;31:*.tzo=01;31:*.t7z=01;31:*.zip=01;31:*.z=01;31:*.dz=01;31:*.gz=01;31:*.lrz=01;31:*.lz=01;31:*.lzo=01;31:*.xz=01;31:*.zst=01;31:*.tzst=01;31:*.bz2=01;31:*.bz=01;31:*.tbz=01;31:*.tbz2=01;31:*.tz=01;31:*.deb=01;31:*.rpm=01;31:*.jar=01;31:*.war=01;31:*.ear=01;31:*.sar=01;31:*.rar=01;31:*.alz=01;31:*.ace=01;31:*.zoo=01;31:*.cpio=01;31:*.7z=01;31:*.rz=01;31:*.cab=01;31:*.wim=01;31:*.swm=01;31:*.dwm=01;31:*.esd=01;31:*.jpg=01;35:*.jpeg=01;35:*.mjpg=01;35:*.mjpeg=01;35:*.gif=01;35:*.bmp=01;35:*.pbm=01;35:*.pgm=01;35:*.ppm=01;35:*.tga=01;35:*.xbm=01;35:*.xpm=01;35:*.tif=01;35:*.tiff=01;35:*.png=01;35:*.svg=01;35:*.svgz=01;35:*.mng=01;35:*.pcx=01;35:*.mov=01;35:*.mpg=01;35:*.mpeg=01;35:*.m2v=01;35:*.mkv=01;35:*.webm=01;35:*.webp=01;35:*.ogm=01;35:*.mp4=01;35:*.m4v=01;35:*.mp4v=01;35:*.vob=01;35:*.qt=01;35:*.nuv=01;35:*.wmv=01;35:*.asf=01;35:*.rm=01;35:*.rmvb=01;35:*.flc=01;35:*.avi=01;35:*.fli=01;35:*.flv=01;35:*.gl=01;35:*.dl=01;35:*.xcf=01;35:*.xwd=01;35:*.yuv=01;35:*.cgm=01;35:*.emf=01;35:*.ogv=01;35:*.ogx=01;35:*.aac=00;36:*.au=00;36:*.flac=00;36:*.m4a=00;36:*.mid=00;36:*.midi=00;36:*.mka=00;36:*.mp3=00;36:*.mpc=00;36:*.ogg=00;36:*.ra=00;36:*.wav=00;36:*.oga=00;36:*.opus=00;36:*.spx=00;36:*.xspf=00;36:'), ('VSCODE_GIT_IPC_HANDLE', '/run/user/1000/vscode-git-dfb16e76cc.sock'), ('TERM_PROGRAM', 'vscode'), ('SSH_AGENT_LAUNCHER', 'gnome-keyring'), ('SSH_AUTH_SOCK', '/run/user/1000/keyring/ssh'), ('AMENT_PREFIX_PATH', '/home/li/vk_ros2_ws/install/vk_ros2_driver:/home/li/rtabmap_ws/install/rtabmap_ros:/home/li/rtabmap_ws/install/rtabmap_launch:/home/li/rtabmap_ws/install/rtabmap_examples:/home/li/rtabmap_ws/install/rtabmap_demos:/home/li/rtabmap_ws/install/rtabmap_viz:/home/li/rtabmap_ws/install/rtabmap_slam:/home/li/rtabmap_ws/install/rtabmap_odom:/home/li/rtabmap_ws/install/rtabmap_util:/home/li/rtabmap_ws/install/rtabmap_sync:/home/li/rtabmap_ws/install/rtabmap_rviz_plugins:/home/li/rtabmap_ws/install/rtabmap_python:/home/li/rtabmap_ws/install/rtabmap_conversions:/home/li/rtabmap_ws/install/rtabmap_msgs:/home/li/rtabmap_ws/install/rtabmap_costmap_plugins:/opt/ros/humble'), ('CONDA_PYTHON_EXE', '/home/li/miniconda3/bin/python'), ('ORIGINAL_XDG_CURRENT_DESKTOP', 'ubuntu:GNOME'), ('SHELL', '/bin/bash'), ('QT_ACCESSIBILITY', '1'), ('GDMSESSION', 'ubuntu-xorg'), ('LESSCLOSE', '/usr/bin/lesspipe %s %s'), ('GPG_AGENT_INFO', '/run/user/1000/gnupg/S.gpg-agent:0:1'), ('GJS_DEBUG_OUTPUT', 'stderr'), ('_CONDA_EXE', '/home/li/miniconda3/bin/conda'), ('VSCODE_GIT_ASKPASS_EXTRA_ARGS', ''), ('QT_IM_MODULE', 'ibus'), ('PWD', '/home/li/vk_ros2_ws/build/vk_ros2_driver'), ('XDG_CONFIG_DIRS', '/etc/xdg/xdg-ubuntu-xorg:/etc/xdg'), ('CONDA_EXE', '/home/li/miniconda3/bin/conda'), ('XDG_DATA_DIRS', '/usr/share/ubuntu-xorg:/usr/share/gnome:/usr/local/share/:/usr/share/:/var/lib/snapd/desktop'), ('PYTHONPATH', '/home/li/rtabmap_ws/build/rtabmap_python:/home/li/rtabmap_ws/install/rtabmap_python/lib/python3.10/site-packages:/home/li/rtabmap_ws/install/rtabmap_msgs/local/lib/python3.10/dist-packages:/opt/ros/humble/lib/python3.10/site-packages:/opt/ros/humble/local/lib/python3.10/dist-packages'), ('COLCON', '1'), ('CMAKE_PREFIX_PATH', '/home/li/vk_ros2_ws/install/vk_ros2_driver:/home/li/rtabmap_ws/install/rtabmap_ros:/home/li/rtabmap_ws/install/rtabmap_launch:/home/li/rtabmap_ws/install/rtabmap_examples:/home/li/rtabmap_ws/install/rtabmap_demos:/home/li/rtabmap_ws/install/rtabmap_viz:/home/li/rtabmap_ws/install/rtabmap_slam:/home/li/rtabmap_ws/install/rtabmap_odom:/home/li/rtabmap_ws/install/rtabmap_util:/home/li/rtabmap_ws/install/rtabmap_sync:/home/li/rtabmap_ws/install/rtabmap_rviz_plugins:/home/li/rtabmap_ws/install/rtabmap_conversions:/home/li/rtabmap_ws/install/rtabmap_msgs:/home/li/rtabmap_ws/install/rtabmap_costmap_plugins:/home/li/rtabmap_ws/install/rtabmap:/home/li/rtabmap_ws/install/rtabmap_python:/opt/ros/humble')]), 'shell': False}
[0.028380] (dual_dense_mapper) StdoutLine: {'line': b'-- Found ament_cmake: 1.3.12 (/opt/ros/humble/share/ament_cmake/cmake)\n'}
[0.075420] (vk_ros2_driver) StdoutLine: {'line': b'[ 50%] Built target vk_ros2_driver_node\n'}
[0.077652] (vk_ros2_driver) StdoutLine: {'line': b'[100%] Built target vk_ros2_driver\n'}
[0.088286] (vk_ros2_driver) CommandEnded: {'returncode': 0}
[0.088822] (vk_ros2_driver) JobProgress: {'identifier': 'vk_ros2_driver', 'progress': 'install'}
[0.094976] (vk_ros2_driver) Command: {'cmd': ['/usr/bin/cmake', '--install', '/home/li/vk_ros2_ws/build/vk_ros2_driver'], 'cwd': '/home/li/vk_ros2_ws/build/vk_ros2_driver', 'env': OrderedDict([('GJS_DEBUG_TOPICS', 'JS ERROR;JS LOG'), ('PYTHON_BASIC_REPL', '1'), ('LESSOPEN', '| /usr/bin/lesspipe %s'), ('LANGUAGE', 'zh_CN:zh'), ('USER', 'li'), ('XDG_SESSION_TYPE', 'x11'), ('GIT_ASKPASS', '/usr/share/code/resources/app/extensions/git/dist/askpass.sh'), ('SHLVL', '1'), ('LD_LIBRARY_PATH', '/home/li/vk_ros2_ws/install/vk_ros2_driver/lib:/home/li/rtabmap_ws/install/rtabmap_slam/lib:/home/li/rtabmap_ws/install/rtabmap_odom/lib:/home/li/rtabmap_ws/install/rtabmap_util/lib:/home/li/rtabmap_ws/install/rtabmap_sync/lib:/home/li/rtabmap_ws/install/rtabmap_rviz_plugins/lib:/home/li/rtabmap_ws/install/rtabmap_conversions/lib:/home/li/rtabmap_ws/install/rtabmap_msgs/lib:/home/li/rtabmap_ws/install/rtabmap_costmap_plugins/lib:/home/li/rtabmap_ws/install/rtabmap/lib:/opt/ros/humble/opt/rviz_ogre_vendor/lib:/opt/ros/humble/lib/x86_64-linux-gnu:/opt/ros/humble/lib'), ('HOME', '/home/li'), ('CHROME_DESKTOP', 'code.desktop'), ('CONDA_SHLVL', '0'), ('OLDPWD', '/home/li/vk_pointcloud_lpn/pointcloud_generator/build'), ('TERM_PROGRAM_VERSION', '1.106.2'), ('DESKTOP_SESSION', 'ubuntu-xorg'), ('GIO_LAUNCHED_DESKTOP_FILE', '/usr/share/applications/code.desktop'), ('ROS_PYTHON_VERSION', '3'), ('GNOME_SHELL_SESSION_MODE', 'ubuntu'), ('GTK_MODULES', 'gail:atk-bridge'), ('VSCODE_GIT_ASKPASS_MAIN', '/usr/share/code/resources/app/extensions/git/dist/askpass-main.js'), ('VSCODE_GIT_ASKPASS_NODE', '/usr/share/code/code'), ('MANAGERPID', '1910'), ('PYDEVD_DISABLE_FILE_VALIDATION', '1'), ('SYSTEMD_EXEC_PID', '2235'), ('BUNDLED_DEBUGPY_PATH', '/home/li/.vscode/extensions/ms-python.debugpy-2025.18.0-linux-x64/bundled/libs/debugpy'), ('VSCODE_PYTHON_AUTOACTIVATE_GUARD', '1'), ('DBUS_SESSION_BUS_ADDRESS', 'unix:path=/run/user/1000/bus'), ('COLORTERM', 'truecolor'), ('_CE_M', ''), ('_CONDA_ROOT', '/home/li/miniconda3'), ('GIO_LAUNCHED_DESKTOP_FILE_PID', '6598'), ('https_proxy', 'http://127.0.0.1:7890'), ('COLCON_PREFIX_PATH', '/home/li/vk_ros2_ws/install:/home/li/rtabmap_ws/install'), ('ROS_DISTRO', 'humble'), ('GTK_IM_MODULE', 'ibus'), ('LOGNAME', 'li'), ('http_proxy', 'http://127.0.0.1:7890'), ('JOURNAL_STREAM', '8:15690'), ('_', '/usr/bin/colcon'), ('ROS_VERSION', '2'), ('PKG_CONFIG_PATH', '/home/li/rtabmap_ws/install/rtabmap/lib/x86_64-linux-gnu/pkgconfig:/home/li/rtabmap_ws/install/rtabmap/lib/pkgconfig'), ('XDG_SESSION_CLASS', 'user'), ('USERNAME', 'li'), ('TERM', 'xterm-256color'), ('GNOME_DESKTOP_SESSION_ID', 'this-is-deprecated'), ('_CE_CONDA', ''), ('ROS_LOCALHOST_ONLY', '0'), ('WINDOWPATH', '2'), ('PATH', '/opt/vk_pointcloud/bin:/home/li/.local/bin:/opt/vilota/bin:/home/li/.local/bin:/home/li/rtabmap_ws/install/rtabmap/bin:/opt/vk_pointcloud/bin:/opt/ros/humble/bin:/home/li/miniconda3/condabin:/home/li/.local/bin:/opt/vilota/bin:/home/li/.local/bin:/usr/local/sbin:/usr/local/bin:/usr/sbin:/usr/bin:/sbin:/bin:/usr/games:/usr/local/games:/snap/bin:/snap/bin:/opt/vk_pointcloud/bin:/home/li/.vscode/extensions/ms-python.debugpy-2025.18.0-linux-x64/bundled/scripts/noConfigScripts:/opt/vk_pointcloud/bin'), ('SESSION_MANAGER', 'local/li-ASUS-TUF-Gaming-F15-FX507VV-FX507VV:@/tmp/.ICE-unix/2208,unix/li-ASUS-TUF-Gaming-F15-FX507VV-FX507VV:/tmp/.ICE-unix/2208'), ('INVOCATION_ID', 'a293acdaa6dd476c9801ccf85e616cb4'), ('XDG_MENU_PREFIX', 'gnome-'), ('XDG_RUNTIME_DIR', '/run/user/1000'), ('GDK_BACKEND', 'x11'), ('DISPLAY', ':0'), ('VSCODE_DEBUGPY_ADAPTER_ENDPOINTS', '/home/li/.vscode/extensions/ms-python.debugpy-2025.18.0-linux-x64/.noConfigDebugAdapterEndpoints/endpoint-e986fa5c1f62803e.txt'), ('LANG', 'zh_CN.UTF-8'), ('XDG_CURRENT_DESKTOP', 'Unity'), ('PYTHONSTARTUP', '/home/li/.config/Code/User/workspaceStorage/a627f49ee5c917c4a3a6bda4429f68a0/ms-python.python/pythonrc.py'), ('XMODIFIERS', '@im=ibus'), ('XDG_SESSION_DESKTOP', 'ubuntu-xorg'), ('XAUTHORITY', '/run/user/1000/gdm/Xauthority'), ('LS_COLORS', 'rs=0:di=01;34:ln=01;36:mh=00:pi=40;33:so=01;35:do=01;35:bd=40;33;01:cd=40;33;01:or=40;31;01:mi=00:su=37;41:sg=30;43:ca=30;41:tw=30;42:ow=34;42:st=37;44:ex=01;32:*.tar=01;31:*.tgz=01;31:*.arc=01;31:*.arj=01;31:*.taz=01;31:*.lha=01;31:*.lz4=01;31:*.lzh=01;31:*.lzma=01;31:*.tlz=01;31:*.txz=01;31:*.tzo=01;31:*.t7z=01;31:*.zip=01;31:*.z=01;31:*.dz=01;31:*.gz=01;31:*.lrz=01;31:*.lz=01;31:*.lzo=01;31:*.xz=01;31:*.zst=01;31:*.tzst=01;31:*.bz2=01;31:*.bz=01;31:*.tbz=01;31:*.tbz2=01;31:*.tz=01;31:*.deb=01;31:*.rpm=01;31:*.jar=01;31:*.war=01;31:*.ear=01;31:*.sar=01;31:*.rar=01;31:*.alz=01;31:*.ace=01;31:*.zoo=01;31:*.cpio=01;31:*.7z=01;31:*.rz=01;31:*.cab=01;31:*.wim=01;31:*.swm=01;31:*.dwm=01;31:*.esd=01;31:*.jpg=01;35:*.jpeg=01;35:*.mjpg=01;35:*.mjpeg=01;35:*.gif=01;35:*.bmp=01;35:*.pbm=01;35:*.pgm=01;35:*.ppm=01;35:*.tga=01;35:*.xbm=01;35:*.xpm=01;35:*.tif=01;35:*.tiff=01;35:*.png=01;35:*.svg=01;35:*.svgz=01;35:*.mng=01;35:*.pcx=01;35:*.mov=01;35:*.mpg=01;35:*.mpeg=01;35:*.m2v=01;35:*.mkv=01;35:*.webm=01;35:*.webp=01;35:*.ogm=01;35:*.mp4=01;35:*.m4v=01;35:*.mp4v=01;35:*.vob=01;35:*.qt=01;35:*.nuv=01;35:*.wmv=01;35:*.asf=01;35:*.rm=01;35:*.rmvb=01;35:*.flc=01;35:*.avi=01;35:*.fli=01;35:*.flv=01;35:*.gl=01;35:*.dl=01;35:*.xcf=01;35:*.xwd=01;35:*.yuv=01;35:*.cgm=01;35:*.emf=01;35:*.ogv=01;35:*.ogx=01;35:*.aac=00;36:*.au=00;36:*.flac=00;36:*.m4a=00;36:*.mid=00;36:*.midi=00;36:*.mka=00;36:*.mp3=00;36:*.mpc=00;36:*.ogg=00;36:*.ra=00;36:*.wav=00;36:*.oga=00;36:*.opus=00;36:*.spx=00;36:*.xspf=00;36:'), ('VSCODE_GIT_IPC_HANDLE', '/run/user/1000/vscode-git-dfb16e76cc.sock'), ('TERM_PROGRAM', 'vscode'), ('SSH_AGENT_LAUNCHER', 'gnome-keyring'), ('SSH_AUTH_SOCK', '/run/user/1000/keyring/ssh'), ('AMENT_PREFIX_PATH', '/home/li/vk_ros2_ws/install/vk_ros2_driver:/home/li/rtabmap_ws/install/rtabmap_ros:/home/li/rtabmap_ws/install/rtabmap_launch:/home/li/rtabmap_ws/install/rtabmap_examples:/home/li/rtabmap_ws/install/rtabmap_demos:/home/li/rtabmap_ws/install/rtabmap_viz:/home/li/rtabmap_ws/install/rtabmap_slam:/home/li/rtabmap_ws/install/rtabmap_odom:/home/li/rtabmap_ws/install/rtabmap_util:/home/li/rtabmap_ws/install/rtabmap_sync:/home/li/rtabmap_ws/install/rtabmap_rviz_plugins:/home/li/rtabmap_ws/install/rtabmap_python:/home/li/rtabmap_ws/install/rtabmap_conversions:/home/li/rtabmap_ws/install/rtabmap_msgs:/home/li/rtabmap_ws/install/rtabmap_costmap_plugins:/opt/ros/humble'), ('CONDA_PYTHON_EXE', '/home/li/miniconda3/bin/python'), ('ORIGINAL_XDG_CURRENT_DESKTOP', 'ubuntu:GNOME'), ('SHELL', '/bin/bash'), ('QT_ACCESSIBILITY', '1'), ('GDMSESSION', 'ubuntu-xorg'), ('LESSCLOSE', '/usr/bin/lesspipe %s %s'), ('GPG_AGENT_INFO', '/run/user/1000/gnupg/S.gpg-agent:0:1'), ('GJS_DEBUG_OUTPUT', 'stderr'), ('_CONDA_EXE', '/home/li/miniconda3/bin/conda'), ('VSCODE_GIT_ASKPASS_EXTRA_ARGS', ''), ('QT_IM_MODULE', 'ibus'), ('PWD', '/home/li/vk_ros2_ws/build/vk_ros2_driver'), ('XDG_CONFIG_DIRS', '/etc/xdg/xdg-ubuntu-xorg:/etc/xdg'), ('CONDA_EXE', '/home/li/miniconda3/bin/conda'), ('XDG_DATA_DIRS', '/usr/share/ubuntu-xorg:/usr/share/gnome:/usr/local/share/:/usr/share/:/var/lib/snapd/desktop'), ('PYTHONPATH', '/home/li/rtabmap_ws/build/rtabmap_python:/home/li/rtabmap_ws/install/rtabmap_python/lib/python3.10/site-packages:/home/li/rtabmap_ws/install/rtabmap_msgs/local/lib/python3.10/dist-packages:/opt/ros/humble/lib/python3.10/site-packages:/opt/ros/humble/local/lib/python3.10/dist-packages'), ('COLCON', '1'), ('CMAKE_PREFIX_PATH', '/home/li/vk_ros2_ws/install/vk_ros2_driver:/home/li/rtabmap_ws/install/rtabmap_ros:/home/li/rtabmap_ws/install/rtabmap_launch:/home/li/rtabmap_ws/install/rtabmap_examples:/home/li/rtabmap_ws/install/rtabmap_demos:/home/li/rtabmap_ws/install/rtabmap_viz:/home/li/rtabmap_ws/install/rtabmap_slam:/home/li/rtabmap_ws/install/rtabmap_odom:/home/li/rtabmap_ws/install/rtabmap_util:/home/li/rtabmap_ws/install/rtabmap_sync:/home/li/rtabmap_ws/install/rtabmap_rviz_plugins:/home/li/rtabmap_ws/install/rtabmap_conversions:/home/li/rtabmap_ws/install/rtabmap_msgs:/home/li/rtabmap_ws/install/rtabmap_costmap_plugins:/home/li/rtabmap_ws/install/rtabmap:/home/li/rtabmap_ws/install/rtabmap_python:/opt/ros/humble')]), 'shell': False}
[0.099817] (-) TimerEvent: {}
[0.103026] (vk_ros2_driver) StdoutLine: {'line': b'-- Install configuration: ""\n'}
[0.103454] (vk_ros2_driver) StdoutLine: {'line': b'-- Execute custom install script\n'}
[0.103571] (vk_ros2_driver) StdoutLine: {'line': b'-- Up-to-date symlink: /home/li/vk_ros2_ws/install/vk_ros2_driver/lib/vk_ros2_driver/vk_ros2_driver_node\n'}
[0.103676] (vk_ros2_driver) StdoutLine: {'line': b'-- Up-to-date symlink: /home/li/vk_ros2_ws/install/vk_ros2_driver/include/vk_ros2_driver/vk_ros2_driver/vk_ros2_driver.hpp\n'}
[0.104006] (vk_ros2_driver) StdoutLine: {'line': b'-- Up-to-date symlink: /home/li/vk_ros2_ws/install/vk_ros2_driver/share/vk_ros2_driver/launch/__pycache__/example.launch.cpython-310.pyc\n'}
[0.104357] (vk_ros2_driver) StdoutLine: {'line': b'-- Up-to-date symlink: /home/li/vk_ros2_ws/install/vk_ros2_driver/share/vk_ros2_driver/launch/__pycache__/loop_closure_and_tsdf.launch.cpython-310.pyc\n'}
[0.104444] (vk_ros2_driver) StdoutLine: {'line': b'-- Up-to-date symlink: /home/li/vk_ros2_ws/install/vk_ros2_driver/share/vk_ros2_driver/launch/example.launch.py\n'}
[0.104483] (vk_ros2_driver) StdoutLine: {'line': b'-- Up-to-date symlink: /home/li/vk_ros2_ws/install/vk_ros2_driver/share/vk_ros2_driver/config/example.yaml\n'}
[0.104516] (vk_ros2_driver) StdoutLine: {'line': b'-- Up-to-date symlink: /home/li/vk_ros2_ws/install/vk_ros2_driver/share/ament_index/resource_index/package_run_dependencies/vk_ros2_driver\n'}
[0.104546] (vk_ros2_driver) StdoutLine: {'line': b'-- Up-to-date symlink: /home/li/vk_ros2_ws/install/vk_ros2_driver/share/ament_index/resource_index/parent_prefix_path/vk_ros2_driver\n'}
[0.104602] (vk_ros2_driver) StdoutLine: {'line': b'-- Up-to-date symlink: /home/li/vk_ros2_ws/install/vk_ros2_driver/share/vk_ros2_driver/environment/ament_prefix_path.sh\n'}
[0.104635] (vk_ros2_driver) StdoutLine: {'line': b'-- Up-to-date symlink: /home/li/vk_ros2_ws/install/vk_ros2_driver/share/vk_ros2_driver/environment/ament_prefix_path.dsv\n'}
[0.104665] (vk_ros2_driver) StdoutLine: {'line': b'-- Up-to-date symlink: /home/li/vk_ros2_ws/install/vk_ros2_driver/share/vk_ros2_driver/environment/path.sh\n'}
[0.104695] (vk_ros2_driver) StdoutLine: {'line': b'-- Up-to-date symlink: /home/li/vk_ros2_ws/install/vk_ros2_driver/share/vk_ros2_driver/environment/path.dsv\n'}
[0.104913] (vk_ros2_driver) StdoutLine: {'line': b'-- Up-to-date symlink: /home/li/vk_ros2_ws/install/vk_ros2_driver/share/vk_ros2_driver/local_setup.bash\n'}
[0.104976] (vk_ros2_driver) StdoutLine: {'line': b'-- Up-to-date symlink: /home/li/vk_ros2_ws/install/vk_ros2_driver/share/vk_ros2_driver/local_setup.sh\n'}
[0.105013] (vk_ros2_driver) StdoutLine: {'line': b'-- Up-to-date symlink: /home/li/vk_ros2_ws/install/vk_ros2_driver/share/vk_ros2_driver/local_setup.zsh\n'}
[0.105183] (vk_ros2_driver) StdoutLine: {'line': b'-- Up-to-date symlink: /home/li/vk_ros2_ws/install/vk_ros2_driver/share/vk_ros2_driver/local_setup.dsv\n'}
[0.105243] (vk_ros2_driver) StdoutLine: {'line': b'-- Symlinking: /home/li/vk_ros2_ws/install/vk_ros2_driver/share/vk_ros2_driver/package.dsv\n'}
[0.111726] (vk_ros2_driver) StdoutLine: {'line': b'-- Up-to-date symlink: /home/li/vk_ros2_ws/install/vk_ros2_driver/share/ament_index/resource_index/packages/vk_ros2_driver\n'}
[0.111921] (vk_ros2_driver) StdoutLine: {'line': b'-- Up-to-date symlink: /home/li/vk_ros2_ws/install/vk_ros2_driver/share/ament_index/resource_index/rclcpp_components/vk_ros2_driver\n'}
[0.111997] (vk_ros2_driver) StdoutLine: {'line': b'-- Up-to-date symlink: /home/li/vk_ros2_ws/install/vk_ros2_driver/share/vk_ros2_driver/cmake/ament_cmake_export_dependencies-extras.cmake\n'}
[0.112029] (vk_ros2_driver) StdoutLine: {'line': b'-- Up-to-date symlink: /home/li/vk_ros2_ws/install/vk_ros2_driver/share/vk_ros2_driver/cmake/vk_ros2_driverConfig.cmake\n'}
[0.112057] (vk_ros2_driver) StdoutLine: {'line': b'-- Up-to-date symlink: /home/li/vk_ros2_ws/install/vk_ros2_driver/share/vk_ros2_driver/cmake/vk_ros2_driverConfig-version.cmake\n'}
[0.112129] (vk_ros2_driver) StdoutLine: {'line': b'-- Up-to-date symlink: /home/li/vk_ros2_ws/install/vk_ros2_driver/share/vk_ros2_driver/package.xml\n'}
[0.112230] (vk_ros2_driver) StdoutLine: {'line': b'-- Up-to-date: /home/li/vk_ros2_ws/install/vk_ros2_driver/lib/libvk_ros2_driver.so\n'}
[0.113876] (vk_ros2_driver) CommandEnded: {'returncode': 0}
[0.133735] (vk_ros2_driver) JobEnded: {'identifier': 'vk_ros2_driver', 'rc': 0}
[0.137514] (dual_dense_mapper) StdoutLine: {'line': b'-- Override CMake install command with custom implementation using symlinks instead of copying resources\n'}
[0.142250] (dual_dense_mapper) StdoutLine: {'line': b'-- Found rclcpp: 16.0.16 (/opt/ros/humble/share/rclcpp/cmake)\n'}
[0.166487] (dual_dense_mapper) StdoutLine: {'line': b'-- Found rosidl_generator_c: 3.1.7 (/opt/ros/humble/share/rosidl_generator_c/cmake)\n'}
[0.168235] (dual_dense_mapper) StdoutLine: {'line': b'-- Found rosidl_adapter: 3.1.7 (/opt/ros/humble/share/rosidl_adapter/cmake)\n'}
[0.173643] (dual_dense_mapper) StdoutLine: {'line': b'-- Found rosidl_generator_cpp: 3.1.7 (/opt/ros/humble/share/rosidl_generator_cpp/cmake)\n'}
[0.182156] (dual_dense_mapper) StdoutLine: {'line': b'-- Using all available rosidl_typesupport_c: rosidl_typesupport_fastrtps_c;rosidl_typesupport_introspection_c\n'}
[0.194346] (dual_dense_mapper) StdoutLine: {'line': b'-- Using all available rosidl_typesupport_cpp: rosidl_typesupport_fastrtps_cpp;rosidl_typesupport_introspection_cpp\n'}
[0.199891] (-) TimerEvent: {}
[0.221403] (dual_dense_mapper) StdoutLine: {'line': b'-- Found rmw_implementation_cmake: 6.1.2 (/opt/ros/humble/share/rmw_implementation_cmake/cmake)\n'}
[0.222595] (dual_dense_mapper) StdoutLine: {'line': b'-- Found rmw_fastrtps_cpp: 6.2.9 (/opt/ros/humble/share/rmw_fastrtps_cpp/cmake)\n'}
[0.299755] (dual_dense_mapper) StdoutLine: {'line': b"-- Using RMW implementation 'rmw_fastrtps_cpp' as default\n"}
[0.299938] (-) TimerEvent: {}
[0.331483] (dual_dense_mapper) StdoutLine: {'line': b'-- Found sensor_msgs: 4.9.0 (/opt/ros/humble/share/sensor_msgs/cmake)\n'}
[0.349637] (dual_dense_mapper) StdoutLine: {'line': b'-- Found message_filters: 4.3.11 (/opt/ros/humble/share/message_filters/cmake)\n'}
[0.351261] (dual_dense_mapper) StdoutLine: {'line': b'-- Found tf2: 0.25.17 (/opt/ros/humble/share/tf2/cmake)\n'}
[0.353656] (dual_dense_mapper) StdoutLine: {'line': b'-- Found tf2_ros: 0.25.17 (/opt/ros/humble/share/tf2_ros/cmake)\n'}
[0.400040] (-) TimerEvent: {}
[0.403210] (dual_dense_mapper) StdoutLine: {'line': b'-- Found tf2_geometry_msgs: 0.25.17 (/opt/ros/humble/share/tf2_geometry_msgs/cmake)\n'}
[0.405390] (dual_dense_mapper) StdoutLine: {'line': b'-- Found eigen3_cmake_module: 0.1.1 (/opt/ros/humble/share/eigen3_cmake_module/cmake)\n'}
[0.406356] (dual_dense_mapper) StdoutLine: {'line': b'-- Ensuring Eigen3 include directory is part of orocos-kdl CMake target\n'}
[0.407533] (dual_dense_mapper) StdoutLine: {'line': b'-- Found pcl_conversions: 2.4.5 (/opt/ros/humble/share/pcl_conversions/cmake)\n'}
[0.431023] (dual_dense_mapper) StdoutLine: {'line': b'-- Eigen found (include: /usr/include/eigen3, version: 3.4.0)\n'}
[0.453773] (dual_dense_mapper) StdoutLine: {'line': b'-- FLANN found (include: /usr/include, lib: /usr/lib/x86_64-linux-gnu/libflann_cpp.so)\n'}
[0.500133] (-) TimerEvent: {}
[0.600533] (-) TimerEvent: {}
[0.697813] (dual_dense_mapper) StdoutLine: {'line': b'-- OpenNI found (version: 1.5.4.0, include: /usr/include/ni, lib: /usr/lib/libOpenNI.so;libusb::libusb)\n'}
[0.701739] (-) TimerEvent: {}
[0.703077] (dual_dense_mapper) StdoutLine: {'line': b'-- OpenNI2 found (version: 2.2.0.33, include: /usr/include/openni2, lib: /usr/lib/x86_64-linux-gnu/libOpenNI2.so;libusb::libusb)\n'}
[0.801869] (-) TimerEvent: {}
[0.832970] (dual_dense_mapper) StdoutLine: {'line': b'-- Eigen found (include: /usr/include/eigen3, version: 3.4.0)\n'}
[0.838182] (dual_dense_mapper) StdoutLine: {'line': b'-- OpenNI found (version: 1.5.4.0, include: /usr/include/ni, lib: /usr/lib/libOpenNI.so;libusb::libusb)\n'}
[0.844544] (dual_dense_mapper) StdoutLine: {'line': b'-- OpenNI2 found (version: 2.2.0.33, include: /usr/include/openni2, lib: /usr/lib/x86_64-linux-gnu/libOpenNI2.so;libusb::libusb)\n'}
[0.901973] (-) TimerEvent: {}
[0.989572] (dual_dense_mapper) StdoutLine: {'line': b'-- Found Qhull version 8.0.2\n'}
[1.002071] (-) TimerEvent: {}
[1.102308] (-) TimerEvent: {}
[1.138924] (dual_dense_mapper) StdoutLine: {'line': b'-- OpenNI found (version: 1.5.4.0, include: /usr/include/ni, lib: /usr/lib/libOpenNI.so;libusb::libusb)\n'}
[1.202502] (-) TimerEvent: {}
[1.271094] (dual_dense_mapper) StdoutLine: {'line': b'-- Found pcl_ros: 2.4.5 (/opt/ros/humble/share/pcl_ros/cmake)\n'}
[1.302753] (-) TimerEvent: {}
[1.383502] (dual_dense_mapper) StderrLine: {'line': b"Error parsing '/home/li/vk_ros2_ws/src/dual_dense_mapper/package.xml':\n"}
[1.402866] (-) TimerEvent: {}
[1.413245] (dual_dense_mapper) StderrLine: {'line': b'Traceback (most recent call last):\n'}
[1.413489] (dual_dense_mapper) StderrLine: {'line': b'  File "/usr/lib/python3/dist-packages/catkin_pkg/package.py", line 610, in parse_package_string\n'}
[1.413598] (dual_dense_mapper) StderrLine: {'line': b'    root = dom.parseString(data)\n'}
[1.413689] (dual_dense_mapper) StderrLine: {'line': b'  File "/usr/lib/python3.10/xml/dom/minidom.py", line 2000, in parseString\n'}
[1.413946] (dual_dense_mapper) StderrLine: {'line': b'    return expatbuilder.parseString(string)\n'}
[1.414044] (dual_dense_mapper) StderrLine: {'line': b'  File "/usr/lib/python3.10/xml/dom/expatbuilder.py", line 925, in parseString\n'}
[1.414124] (dual_dense_mapper) StderrLine: {'line': b'    return builder.parseString(string)\n'}
[1.414200] (dual_dense_mapper) StderrLine: {'line': b'  File "/usr/lib/python3.10/xml/dom/expatbuilder.py", line 223, in parseString\n'}
[1.414274] (dual_dense_mapper) StderrLine: {'line': b'    parser.Parse(string, True)\n'}
[1.414347] (dual_dense_mapper) StderrLine: {'line': b'xml.parsers.expat.ExpatError: not well-formed (invalid token): line 5, column 68\n'}
[1.414420] (dual_dense_mapper) StderrLine: {'line': b'\n'}
[1.414497] (dual_dense_mapper) StderrLine: {'line': b'During handling of the above exception, another exception occurred:\n'}
[1.414575] (dual_dense_mapper) StderrLine: {'line': b'\n'}
[1.414650] (dual_dense_mapper) StderrLine: {'line': b'Traceback (most recent call last):\n'}
[1.414737] (dual_dense_mapper) StderrLine: {'line': b'  File "/opt/ros/humble/share/ament_cmake_core/cmake/core/package_xml_2_cmake.py", line 150, in <module>\n'}
[1.414819] (dual_dense_mapper) StderrLine: {'line': b'    main()\n'}
[1.414895] (dual_dense_mapper) StderrLine: {'line': b'  File "/opt/ros/humble/share/ament_cmake_core/cmake/core/package_xml_2_cmake.py", line 53, in main\n'}
[1.414974] (dual_dense_mapper) StderrLine: {'line': b'    raise e\n'}
[1.415052] (dual_dense_mapper) StderrLine: {'line': b'  File "/opt/ros/humble/share/ament_cmake_core/cmake/core/package_xml_2_cmake.py", line 49, in main\n'}
[1.415185] (dual_dense_mapper) StderrLine: {'line': b'    package = parse_package_string(\n'}
[1.415263] (dual_dense_mapper) StderrLine: {'line': b'  File "/usr/lib/python3/dist-packages/catkin_pkg/package.py", line 612, in parse_package_string\n'}
[1.415337] (dual_dense_mapper) StderrLine: {'line': b"    raise InvalidPackage('The manifest contains invalid XML:\\n%s' % ex, filename)\n"}
[1.415410] (dual_dense_mapper) StderrLine: {'line': b"catkin_pkg.package.InvalidPackage: Error(s) in package '/home/li/vk_ros2_ws/src/dual_dense_mapper/package.xml':\n"}
[1.415488] (dual_dense_mapper) StderrLine: {'line': b'The manifest contains invalid XML:\n'}
[1.415564] (dual_dense_mapper) StderrLine: {'line': b'not well-formed (invalid token): line 5, column 68\n'}
[1.426281] (dual_dense_mapper) StderrLine: {'line': b'\x1b[31mCMake Error at /opt/ros/humble/share/ament_cmake_core/cmake/core/ament_package_xml.cmake:95 (message):\n'}
[1.426494] (dual_dense_mapper) StderrLine: {'line': b'  execute_process(/usr/bin/python3\n'}
[1.426643] (dual_dense_mapper) StderrLine: {'line': b'  /opt/ros/humble/share/ament_cmake_core/cmake/core/package_xml_2_cmake.py\n'}
[1.426764] (dual_dense_mapper) StderrLine: {'line': b'  /home/li/vk_ros2_ws/src/dual_dense_mapper/package.xml\n'}
[1.426850] (dual_dense_mapper) StderrLine: {'line': b'  /home/li/vk_ros2_ws/build/dual_dense_mapper/ament_cmake_core/package.cmake)\n'}
[1.426930] (dual_dense_mapper) StderrLine: {'line': b'  returned error code 1\n'}
[1.427009] (dual_dense_mapper) StderrLine: {'line': b'Call Stack (most recent call first):\n'}
[1.427085] (dual_dense_mapper) StderrLine: {'line': b'  /opt/ros/humble/share/ament_cmake_core/cmake/core/ament_package_xml.cmake:49 (_ament_package_xml)\n'}
[1.427160] (dual_dense_mapper) StderrLine: {'line': b'  /opt/ros/humble/share/ament_cmake_core/cmake/core/ament_package.cmake:63 (ament_package_xml)\n'}
[1.427236] (dual_dense_mapper) StderrLine: {'line': b'  CMakeLists.txt:40 (ament_package)\n'}
[1.427310] (dual_dense_mapper) StderrLine: {'line': b'\n'}
[1.427385] (dual_dense_mapper) StderrLine: {'line': b'\x1b[0m\n'}
[1.427464] (dual_dense_mapper) StdoutLine: {'line': b'-- Configuring incomplete, errors occurred!\n'}
[1.427559] (dual_dense_mapper) StdoutLine: {'line': b'See also "/home/li/vk_ros2_ws/build/dual_dense_mapper/CMakeFiles/CMakeOutput.log".\n'}
[1.442552] (dual_dense_mapper) CommandEnded: {'returncode': 1}
[1.443794] (dual_dense_mapper) JobEnded: {'identifier': 'dual_dense_mapper', 'rc': 1}
[1.454207] (-) EventReactorShutdown: {}
