-- The C compiler identification is GNU 11.4.0
-- The CXX compiler identification is GNU 11.4.0
-- Detecting C compiler ABI info
-- Detecting C compiler ABI info - done
-- Check for working C compiler: /usr/bin/cc - skipped
-- Detecting C compile features
-- Detecting C compile features - done
-- Detecting CXX compiler ABI info
-- Detecting CXX compiler ABI info - done
-- Check for working CXX compiler: /usr/bin/c++ - skipped
-- Detecting CXX compile features
-- Detecting CXX compile features - done
-- Found ament_cmake: 1.3.12 (/opt/ros/humble/share/ament_cmake/cmake)
-- Found Python3: /usr/bin/python3 (found version "3.10.12") found components: Interpreter 
-- Override CMake install command with custom implementation using symlinks instead of copying resources
-- Found rclcpp: 16.0.16 (/opt/ros/humble/share/rclcpp/cmake)
-- Found rosidl_generator_c: 3.1.7 (/opt/ros/humble/share/rosidl_generator_c/cmake)
-- Found rosidl_adapter: 3.1.7 (/opt/ros/humble/share/rosidl_adapter/cmake)
-- Found rosidl_generator_cpp: 3.1.7 (/opt/ros/humble/share/rosidl_generator_cpp/cmake)
-- Using all available rosidl_typesupport_c: rosidl_typesupport_fastrtps_c;rosidl_typesupport_introspection_c
-- Using all available rosidl_typesupport_cpp: rosidl_typesupport_fastrtps_cpp;rosidl_typesupport_introspection_cpp
-- Found rmw_implementation_cmake: 6.1.2 (/opt/ros/humble/share/rmw_implementation_cmake/cmake)
-- Found rmw_fastrtps_cpp: 6.2.9 (/opt/ros/humble/share/rmw_fastrtps_cpp/cmake)
-- Found OpenSSL: /usr/lib/x86_64-linux-gnu/libcrypto.so (found version "3.0.2")  
-- Found FastRTPS: /opt/ros/humble/include  
-- Using RMW implementation 'rmw_fastrtps_cpp' as default
-- Looking for pthread.h
-- Looking for pthread.h - found
-- Performing Test CMAKE_HAVE_LIBC_PTHREAD
-- Performing Test CMAKE_HAVE_LIBC_PTHREAD - Success
-- Found Threads: TRUE  
-- Found rclcpp_components: 16.0.16 (/opt/ros/humble/share/rclcpp_components/cmake)
-- Found geometry_msgs: 4.9.0 (/opt/ros/humble/share/geometry_msgs/cmake)
-- Found nav_msgs: 4.9.0 (/opt/ros/humble/share/nav_msgs/cmake)
-- Found sensor_msgs: 4.9.0 (/opt/ros/humble/share/sensor_msgs/cmake)
-- Found tf2: 0.25.17 (/opt/ros/humble/share/tf2/cmake)
-- Found tf2_ros: 0.25.17 (/opt/ros/humble/share/tf2_ros/cmake)
-- Found tf2_geometry_msgs: 0.25.17 (/opt/ros/humble/share/tf2_geometry_msgs/cmake)
-- Found eigen3_cmake_module: 0.1.1 (/opt/ros/humble/share/eigen3_cmake_module/cmake)
-- Found Eigen3: TRUE (found version "3.4.0") 
-- Ensuring Eigen3 include directory is part of orocos-kdl CMake target
-- Found cv_bridge: 3.2.1 (/opt/ros/humble/share/cv_bridge/cmake)
-- Found image_transport: 3.1.12 (/opt/ros/humble/share/image_transport/cmake)
-- Found OpenCV: /usr (found version "4.5.4") 
-- Found stereo_msgs: 4.9.0 (/opt/ros/humble/share/stereo_msgs/cmake)
-- Found nlohmann_json: /usr/lib/cmake/nlohmann_json/nlohmann_jsonConfig.cmake (found version "3.10.5") 
-- Configuring done
-- Generating done
-- Build files have been written to: /home/li/vk_ros2_ws/build/vk_ros2_driver
[ 25%] [32mBuilding CXX object CMakeFiles/vk_ros2_driver_node.dir/rclcpp_components/node_main_vk_ros2_driver_node.cpp.o[0m
[ 50%] [32mBuilding CXX object CMakeFiles/vk_ros2_driver.dir/src/vk_ros2_driver.cpp.o[0m
[ 75%] [32m[1mLinking CXX executable vk_ros2_driver_node[0m
[ 75%] Built target vk_ros2_driver_node
[01m[K/home/li/vk_ros2_ws/src/vk_ros2_driver/src/vk_ros2_driver.cpp:[m[K In constructor â€˜[01m[Kvkc::VkRos2Driver::VkRos2Driver(const rclcpp::NodeOptions&)[m[Kâ€™:
[01m[K/home/li/vk_ros2_ws/src/vk_ros2_driver/src/vk_ros2_driver.cpp:546:40:[m[K [01;31m[Kerror: [m[Kno matching function for call to â€˜[01m[Kimage_transport::ImageTransport::advertise(const std::__cxx11::basic_string<char>&, int, const rmw_qos_profile_t&)[m[Kâ€™
  546 |         img_pub_[topic] = [01;31m[Kit_.advertise(topic, 10, rmw_qos_profile_sensor_data)[m[K;
      |                           [01;31m[K~~~~~~~~~~~~~^~~~~~~~~~~~~~~~~~~~~~~~~~~~~~~~~~~~~~~~[m[K
In file included from [01m[K/home/li/vk_ros2_ws/src/vk_ros2_driver/include/vk_ros2_driver/vk_ros2_driver.hpp:16[m[K,
                 from [01m[K/home/li/vk_ros2_ws/src/vk_ros2_driver/src/vk_ros2_driver.cpp:1[m[K:
[01m[K/opt/ros/humble/include/image_transport/image_transport/image_transport.hpp:120:13:[m[K [01;36m[Knote: [m[Kcandidate: â€˜[01m[Kimage_transport::Publisher image_transport::ImageTransport::advertise(const string&, uint32_t, bool)[m[Kâ€™
  120 |   Publisher [01;36m[Kadvertise[m[K(const std::string & base_topic, uint32_t queue_size, bool latch = false);
      |             [01;36m[K^~~~~~~~~[m[K
[01m[K/opt/ros/humble/include/image_transport/image_transport/image_transport.hpp:120:81:[m[K [01;36m[Knote: [m[K  no known conversion for argument 3 from â€˜[01m[Kconst rmw_qos_profile_t[m[Kâ€™ {aka â€˜[01m[Kconst rmw_qos_profile_s[m[Kâ€™} to â€˜[01m[Kbool[m[Kâ€™
  120 |   Publisher advertise(const std::string & base_topic, uint32_t queue_size, [01;36m[Kbool latch = false[m[K);
      |                                                                            [01;36m[K~~~~~^~~~~~~~~~~~~[m[K
[01m[K/opt/ros/humble/include/image_transport/image_transport/image_transport.hpp:126:13:[m[K [01;36m[Knote: [m[Kcandidate: â€˜[01m[Kimage_transport::Publisher image_transport::ImageTransport::advertise(const string&, rmw_qos_profile_t, bool)[m[Kâ€™
  126 |   Publisher [01;36m[Kadvertise[m[K(
      |             [01;36m[K^~~~~~~~~[m[K
[01m[K/opt/ros/humble/include/image_transport/image_transport/image_transport.hpp:127:55:[m[K [01;36m[Knote: [m[K  no known conversion for argument 2 from â€˜[01m[Kint[m[Kâ€™ to â€˜[01m[Krmw_qos_profile_t[m[Kâ€™ {aka â€˜[01m[Krmw_qos_profile_s[m[Kâ€™}
  127 |     const std::string & base_topic, [01;36m[Krmw_qos_profile_t custom_qos[m[K,
      |                                     [01;36m[K~~~~~~~~~~~~~~~~~~^~~~~~~~~~[m[K
gmake[2]: *** [CMakeFiles/vk_ros2_driver.dir/build.make:76ï¼šCMakeFiles/vk_ros2_driver.dir/src/vk_ros2_driver.cpp.o] é”™è¯¯ 1
gmake[1]: *** [CMakeFiles/Makefile2:139ï¼šCMakeFiles/vk_ros2_driver.dir/all] é”™è¯¯ 2
gmake: *** [Makefile:146ï¼šall] é”™è¯¯ 2
