[0.009s] Invoking command in '/home/li/vk_ros2_ws/build/vk_ros2_driver': CMAKE_PREFIX_PATH=${CMAKE_PREFIX_PATH}:/opt/ros/humble /usr/bin/cmake /home/li/vk_ros2_ws/src/vk_ros2_driver -DCMAKE_BUILD_TYPE=Release -DAMENT_CMAKE_SYMLINK_INSTALL=1 -DCMAKE_INSTALL_PREFIX=/home/li/vk_ros2_ws/install/vk_ros2_driver
[0.066s] -- The C compiler identification is GNU 11.4.0
[0.124s] -- The CXX compiler identification is GNU 11.4.0
[0.130s] -- Detecting C compiler ABI info
[0.206s] -- Detecting C compiler ABI info - done
[0.215s] -- Check for working C compiler: /usr/bin/cc - skipped
[0.215s] -- Detecting C compile features
[0.215s] -- Detecting C compile features - done
[0.218s] -- Detecting CXX compiler ABI info
[0.289s] -- Detecting CXX compiler ABI info - done
[0.299s] -- Check for working CXX compiler: /usr/bin/c++ - skipped
[0.299s] -- Detecting CXX compile features
[0.300s] -- Detecting CXX compile features - done
[0.303s] -- Found ament_cmake: 1.3.12 (/opt/ros/humble/share/ament_cmake/cmake)
[0.427s] -- Found Python3: /usr/bin/python3 (found version "3.10.12") found components: Interpreter 
[0.469s] -- Override CMake install command with custom implementation using symlinks instead of copying resources
[0.490s] -- Found rclcpp: 16.0.16 (/opt/ros/humble/share/rclcpp/cmake)
[0.522s] -- Found rosidl_generator_c: 3.1.7 (/opt/ros/humble/share/rosidl_generator_c/cmake)
[0.525s] -- Found rosidl_adapter: 3.1.7 (/opt/ros/humble/share/rosidl_adapter/cmake)
[0.530s] -- Found rosidl_generator_cpp: 3.1.7 (/opt/ros/humble/share/rosidl_generator_cpp/cmake)
[0.538s] -- Using all available rosidl_typesupport_c: rosidl_typesupport_fastrtps_c;rosidl_typesupport_introspection_c
[0.549s] -- Using all available rosidl_typesupport_cpp: rosidl_typesupport_fastrtps_cpp;rosidl_typesupport_introspection_cpp
[0.576s] -- Found rmw_implementation_cmake: 6.1.2 (/opt/ros/humble/share/rmw_implementation_cmake/cmake)
[0.578s] -- Found rmw_fastrtps_cpp: 6.2.9 (/opt/ros/humble/share/rmw_fastrtps_cpp/cmake)
[0.647s] -- Found OpenSSL: /usr/lib/x86_64-linux-gnu/libcrypto.so (found version "3.0.2")  
[0.678s] -- Found FastRTPS: /opt/ros/humble/include  
[0.707s] -- Using RMW implementation 'rmw_fastrtps_cpp' as default
[0.713s] -- Looking for pthread.h
[0.774s] -- Looking for pthread.h - found
[0.775s] -- Performing Test CMAKE_HAVE_LIBC_PTHREAD
[0.856s] -- Performing Test CMAKE_HAVE_LIBC_PTHREAD - Success
[0.857s] -- Found Threads: TRUE  
[0.891s] -- Found rclcpp_components: 16.0.16 (/opt/ros/humble/share/rclcpp_components/cmake)
[0.909s] -- Found geometry_msgs: 4.9.0 (/opt/ros/humble/share/geometry_msgs/cmake)
[0.918s] -- Found nav_msgs: 4.9.0 (/opt/ros/humble/share/nav_msgs/cmake)
[0.930s] -- Found sensor_msgs: 4.9.0 (/opt/ros/humble/share/sensor_msgs/cmake)
[0.942s] -- Found tf2: 0.25.17 (/opt/ros/humble/share/tf2/cmake)
[0.945s] -- Found tf2_ros: 0.25.17 (/opt/ros/humble/share/tf2_ros/cmake)
[0.989s] -- Found tf2_geometry_msgs: 0.25.17 (/opt/ros/humble/share/tf2_geometry_msgs/cmake)
[0.997s] -- Found eigen3_cmake_module: 0.1.1 (/opt/ros/humble/share/eigen3_cmake_module/cmake)
[0.998s] -- Found Eigen3: TRUE (found version "3.4.0") 
[0.998s] -- Ensuring Eigen3 include directory is part of orocos-kdl CMake target
[1.000s] -- Found cv_bridge: 3.2.1 (/opt/ros/humble/share/cv_bridge/cmake)
[1.008s] -- Found image_transport: 3.1.12 (/opt/ros/humble/share/image_transport/cmake)
[1.023s] -- Found OpenCV: /usr (found version "4.5.4") 
[1.025s] -- Found stereo_msgs: 4.9.0 (/opt/ros/humble/share/stereo_msgs/cmake)
[1.037s] -- Found nlohmann_json: /usr/lib/cmake/nlohmann_json/nlohmann_jsonConfig.cmake (found version "3.10.5") 
[1.098s] -- Configuring done
[1.109s] -- Generating done
[1.113s] -- Build files have been written to: /home/li/vk_ros2_ws/build/vk_ros2_driver
[1.121s] Invoked command in '/home/li/vk_ros2_ws/build/vk_ros2_driver' returned '0': CMAKE_PREFIX_PATH=${CMAKE_PREFIX_PATH}:/opt/ros/humble /usr/bin/cmake /home/li/vk_ros2_ws/src/vk_ros2_driver -DCMAKE_BUILD_TYPE=Release -DAMENT_CMAKE_SYMLINK_INSTALL=1 -DCMAKE_INSTALL_PREFIX=/home/li/vk_ros2_ws/install/vk_ros2_driver
[1.122s] Invoking command in '/home/li/vk_ros2_ws/build/vk_ros2_driver': CMAKE_PREFIX_PATH=${CMAKE_PREFIX_PATH}:/opt/ros/humble /usr/bin/cmake --build /home/li/vk_ros2_ws/build/vk_ros2_driver -- -j20 -l20
[1.178s] [ 25%] [32mBuilding CXX object CMakeFiles/vk_ros2_driver_node.dir/rclcpp_components/node_main_vk_ros2_driver_node.cpp.o[0m
[1.179s] [ 50%] [32mBuilding CXX object CMakeFiles/vk_ros2_driver.dir/src/vk_ros2_driver.cpp.o[0m
[3.621s] [ 75%] [32m[1mLinking CXX executable vk_ros2_driver_node[0m
[3.733s] [ 75%] Built target vk_ros2_driver_node
[4.565s] [01m[K/home/li/vk_ros2_ws/src/vk_ros2_driver/src/vk_ros2_driver.cpp:[m[K In constructor â€˜[01m[Kvkc::VkRos2Driver::VkRos2Driver(const rclcpp::NodeOptions&)[m[Kâ€™:
[4.565s] [01m[K/home/li/vk_ros2_ws/src/vk_ros2_driver/src/vk_ros2_driver.cpp:546:40:[m[K [01;31m[Kerror: [m[Kno matching function for call to â€˜[01m[Kimage_transport::ImageTransport::advertise(const std::__cxx11::basic_string<char>&, int, const rmw_qos_profile_t&)[m[Kâ€™
[4.565s]   546 |         img_pub_[topic] = [01;31m[Kit_.advertise(topic, 10, rmw_qos_profile_sensor_data)[m[K;
[4.565s]       |                           [01;31m[K~~~~~~~~~~~~~^~~~~~~~~~~~~~~~~~~~~~~~~~~~~~~~~~~~~~~~[m[K
[4.565s] In file included from [01m[K/home/li/vk_ros2_ws/src/vk_ros2_driver/include/vk_ros2_driver/vk_ros2_driver.hpp:16[m[K,
[4.565s]                  from [01m[K/home/li/vk_ros2_ws/src/vk_ros2_driver/src/vk_ros2_driver.cpp:1[m[K:
[4.565s] [01m[K/opt/ros/humble/include/image_transport/image_transport/image_transport.hpp:120:13:[m[K [01;36m[Knote: [m[Kcandidate: â€˜[01m[Kimage_transport::Publisher image_transport::ImageTransport::advertise(const string&, uint32_t, bool)[m[Kâ€™
[4.565s]   120 |   Publisher [01;36m[Kadvertise[m[K(const std::string & base_topic, uint32_t queue_size, bool latch = false);
[4.565s]       |             [01;36m[K^~~~~~~~~[m[K
[4.565s] [01m[K/opt/ros/humble/include/image_transport/image_transport/image_transport.hpp:120:81:[m[K [01;36m[Knote: [m[K  no known conversion for argument 3 from â€˜[01m[Kconst rmw_qos_profile_t[m[Kâ€™ {aka â€˜[01m[Kconst rmw_qos_profile_s[m[Kâ€™} to â€˜[01m[Kbool[m[Kâ€™
[4.565s]   120 |   Publisher advertise(const std::string & base_topic, uint32_t queue_size, [01;36m[Kbool latch = false[m[K);
[4.565s]       |                                                                            [01;36m[K~~~~~^~~~~~~~~~~~~[m[K
[4.565s] [01m[K/opt/ros/humble/include/image_transport/image_transport/image_transport.hpp:126:13:[m[K [01;36m[Knote: [m[Kcandidate: â€˜[01m[Kimage_transport::Publisher image_transport::ImageTransport::advertise(const string&, rmw_qos_profile_t, bool)[m[Kâ€™
[4.566s]   126 |   Publisher [01;36m[Kadvertise[m[K(
[4.566s]       |             [01;36m[K^~~~~~~~~[m[K
[4.566s] [01m[K/opt/ros/humble/include/image_transport/image_transport/image_transport.hpp:127:55:[m[K [01;36m[Knote: [m[K  no known conversion for argument 2 from â€˜[01m[Kint[m[Kâ€™ to â€˜[01m[Krmw_qos_profile_t[m[Kâ€™ {aka â€˜[01m[Krmw_qos_profile_s[m[Kâ€™}
[4.566s]   127 |     const std::string & base_topic, [01;36m[Krmw_qos_profile_t custom_qos[m[K,
[4.566s]       |                                     [01;36m[K~~~~~~~~~~~~~~~~~~^~~~~~~~~~[m[K
[6.674s] gmake[2]: *** [CMakeFiles/vk_ros2_driver.dir/build.make:76ï¼šCMakeFiles/vk_ros2_driver.dir/src/vk_ros2_driver.cpp.o] é”™è¯¯ 1
[6.674s] gmake[1]: *** [CMakeFiles/Makefile2:139ï¼šCMakeFiles/vk_ros2_driver.dir/all] é”™è¯¯ 2
[6.674s] gmake: *** [Makefile:146ï¼šall] é”™è¯¯ 2
[6.676s] Invoked command in '/home/li/vk_ros2_ws/build/vk_ros2_driver' returned '2': CMAKE_PREFIX_PATH=${CMAKE_PREFIX_PATH}:/opt/ros/humble /usr/bin/cmake --build /home/li/vk_ros2_ws/build/vk_ros2_driver -- -j20 -l20
